#
# There is insufficient memory for the Java Runtime Environment to continue.
# Native memory allocation (malloc) failed to allocate 526256 bytes for Chunk::new
# Possible reasons:
#   The system is out of physical RAM or swap space
#   The process is running with CompressedOops enabled, and the Java Heap may be blocking the growth of the native heap
# Possible solutions:
#   Reduce memory load on the system
#   Increase physical memory or swap space
#   Check if swap backing store is full
#   Decrease Java heap size (-Xmx/-Xms)
#   Decrease number of Java threads
#   Decrease Java thread stack sizes (-Xss)
#   Set larger code cache with -XX:ReservedCodeCacheSize=
#   JVM is running with Zero Based Compressed Oops mode in which the Java heap is
#     placed in the first 32GB address space. The Java Heap base address is the
#     maximum limit for the native heap growth. Please use -XX:HeapBaseMinAddress
#     to set the Java Heap base and to place the Java Heap above 32GB virtual address.
# This output file may be truncated or incomplete.
#
#  Out of Memory Error (arena.cpp:168), pid=17800, tid=16524
#
# JRE version: OpenJDK Runtime Environment Corretto-21.0.2.13.1 (21.0.2+13) (build 21.0.2+13-LTS)
# Java VM: OpenJDK 64-Bit Server VM Corretto-21.0.2.13.1 (21.0.2+13-LTS, mixed mode, sharing, tiered, compressed oops, compressed class ptrs, g1 gc, windows-amd64)
# No core dump will be written. Minidumps are not enabled by default on client versions of Windows
#

---------------  S U M M A R Y ------------

Command Line: -javaagent:C:\Program Files\JetBrains\IntelliJ IDEA Community Edition 2023.3.4\lib\idea_rt.jar=59368:C:\Program Files\JetBrains\IntelliJ IDEA Community Edition 2023.3.4\bin -Dfile.encoding=UTF-8 -Dsun.stdout.encoding=UTF-8 -Dsun.stderr.encoding=UTF-8 com.Library.LibrarySystem.LibraryApplication

Host: 12th Gen Intel(R) Core(TM) i5-12400F, 12 cores, 15G,  Windows 10 , 64 bit Build 19041 (10.0.19041.3636)
Time: Sun Feb 25 01:02:17 2024 SE Asia Standard Time elapsed time: 0.721350 seconds (0d 0h 0m 0s)

---------------  T H R E A D  ---------------

Current thread (0x000001bdcb41c230):  JavaThread "C2 CompilerThread2" daemon [_thread_in_native, id=16524, stack(0x00000013c8d00000,0x00000013c8e00000) (1024K)]


Current CompileTask:
C2:    721 2092       4       java.util.HashSet::add (20 bytes)

Stack: [0x00000013c8d00000,0x00000013c8e00000]
Native frames: (J=compiled Java code, j=interpreted, Vv=VM code, C=native code)
V  [jvm.dll+0x6d47f9]
V  [jvm.dll+0x8afff3]
V  [jvm.dll+0x8b234e]
V  [jvm.dll+0x8b2a33]
V  [jvm.dll+0x284e96]
V  [jvm.dll+0xc600d]
V  [jvm.dll+0xc6543]
V  [jvm.dll+0x3bc0cb]
V  [jvm.dll+0x388937]
V  [jvm.dll+0x387daa]
V  [jvm.dll+0x24d3b2]
V  [jvm.dll+0x24c981]
V  [jvm.dll+0x1cbb54]
V  [jvm.dll+0x25bf99]
V  [jvm.dll+0x25a58b]
V  [jvm.dll+0x3f6106]
V  [jvm.dll+0x8586f8]
V  [jvm.dll+0x6d303d]
C  [ucrtbase.dll+0x21bb2]
C  [KERNEL32.DLL+0x17344]
C  [ntdll.dll+0x526b1]


---------------  P R O C E S S  ---------------

Threads class SMR info:
_java_thread_list=0x000001be11f1f030, length=14, elements={
0x000001bdabc2ea70, 0x000001bdcb3fee20, 0x000001bdcb401300, 0x000001bdcb403120,
0x000001bdcb405c90, 0x000001bdcb406b20, 0x000001bdcb407730, 0x000001bdcb411570,
0x000001bdcb41cfd0, 0x000001bdcb608850, 0x000001bdcb41f1e0, 0x000001bdcb41c230,
0x000001bdcb8c16c0, 0x000001bdcb8c64b0
}

Java Threads: ( => current thread )
  0x000001bdabc2ea70 JavaThread "main"                              [_thread_in_native, id=4124, stack(0x00000013c7b00000,0x00000013c7c00000) (1024K)]
  0x000001bdcb3fee20 JavaThread "Reference Handler"          daemon [_thread_blocked, id=16748, stack(0x00000013c8300000,0x00000013c8400000) (1024K)]
  0x000001bdcb401300 JavaThread "Finalizer"                  daemon [_thread_blocked, id=18696, stack(0x00000013c8400000,0x00000013c8500000) (1024K)]
  0x000001bdcb403120 JavaThread "Signal Dispatcher"          daemon [_thread_blocked, id=7748, stack(0x00000013c8500000,0x00000013c8600000) (1024K)]
  0x000001bdcb405c90 JavaThread "Attach Listener"            daemon [_thread_blocked, id=1404, stack(0x00000013c8600000,0x00000013c8700000) (1024K)]
  0x000001bdcb406b20 JavaThread "Service Thread"             daemon [_thread_blocked, id=17864, stack(0x00000013c8700000,0x00000013c8800000) (1024K)]
  0x000001bdcb407730 JavaThread "Monitor Deflation Thread"   daemon [_thread_blocked, id=18820, stack(0x00000013c8800000,0x00000013c8900000) (1024K)]
  0x000001bdcb411570 JavaThread "C2 CompilerThread0"         daemon [_thread_in_native, id=14628, stack(0x00000013c8900000,0x00000013c8a00000) (1024K)]
  0x000001bdcb41cfd0 JavaThread "C1 CompilerThread0"         daemon [_thread_in_native, id=20876, stack(0x00000013c8a00000,0x00000013c8b00000) (1024K)]
  0x000001bdcb608850 JavaThread "Common-Cleaner"             daemon [_thread_blocked, id=8656, stack(0x00000013c8b00000,0x00000013c8c00000) (1024K)]
  0x000001bdcb41f1e0 JavaThread "C2 CompilerThread1"         daemon [_thread_in_native, id=19888, stack(0x00000013c8c00000,0x00000013c8d00000) (1024K)]
=>0x000001bdcb41c230 JavaThread "C2 CompilerThread2"         daemon [_thread_in_native, id=16524, stack(0x00000013c8d00000,0x00000013c8e00000) (1024K)]
  0x000001bdcb8c16c0 JavaThread "Monitor Ctrl-Break"         daemon [_thread_in_native, id=6760, stack(0x00000013c8e00000,0x00000013c8f00000) (1024K)]
  0x000001bdcb8c64b0 JavaThread "Notification Thread"        daemon [_thread_blocked, id=20392, stack(0x00000013c8f00000,0x00000013c9000000) (1024K)]
Total: 14

Other Threads:
  0x000001bdcb3de230 VMThread "VM Thread"                           [id=19048, stack(0x00000013c8200000,0x00000013c8300000) (1024K)]
  0x000001bdcb3c5890 WatcherThread "VM Periodic Task Thread"        [id=8872, stack(0x00000013c8100000,0x00000013c8200000) (1024K)]
  0x000001bdabc95ad0 WorkerThread "GC Thread#0"                     [id=7588, stack(0x00000013c7c00000,0x00000013c7d00000) (1024K)]
  0x000001bdcb3dd010 WorkerThread "GC Thread#1"                     [id=9612, stack(0x00000013c9000000,0x00000013c9100000) (1024K)]
  0x000001bdcb3de5d0 WorkerThread "GC Thread#2"                     [id=7028, stack(0x00000013c9100000,0x00000013c9200000) (1024K)]
  0x000001bdcb3dde90 WorkerThread "GC Thread#3"                     [id=5136, stack(0x00000013c9200000,0x00000013c9300000) (1024K)]
  0x000001bdcb3dcc70 WorkerThread "GC Thread#4"                     [id=2396, stack(0x00000013c9300000,0x00000013c9400000) (1024K)]
  0x000001bdcb3dd3b0 WorkerThread "GC Thread#5"                     [id=15308, stack(0x00000013c9400000,0x00000013c9500000) (1024K)]
  0x000001bdcb3ddaf0 WorkerThread "GC Thread#6"                     [id=16208, stack(0x00000013c9600000,0x00000013c9700000) (1024K)]
  0x000001be1210abe0 WorkerThread "GC Thread#7"                     [id=21676, stack(0x00000013c9700000,0x00000013c9800000) (1024K)]
  0x000001be1210ba60 WorkerThread "GC Thread#8"                     [id=11408, stack(0x00000013c9800000,0x00000013c9900000) (1024K)]
  0x000001be1210e240 WorkerThread "GC Thread#9"                     [id=15608, stack(0x00000013c9900000,0x00000013c9a00000) (1024K)]
  0x000001bdabca71f0 ConcurrentGCThread "G1 Main Marker"            [id=2712, stack(0x00000013c7d00000,0x00000013c7e00000) (1024K)]
  0x000001bdabca8490 WorkerThread "G1 Conc#0"                       [id=8776, stack(0x00000013c7e00000,0x00000013c7f00000) (1024K)]
  0x000001bdcb298580 ConcurrentGCThread "G1 Refine#0"               [id=21368, stack(0x00000013c7f00000,0x00000013c8000000) (1024K)]
  0x000001bdabcee250 ConcurrentGCThread "G1 Service"                [id=18228, stack(0x00000013c8000000,0x00000013c8100000) (1024K)]
Total: 16

Threads with active compile tasks:
C2 CompilerThread0      727 2140       4       jdk.internal.loader.BuiltinClassLoader::moduleReaderFor (45 bytes)
C1 CompilerThread0      727 2158       3       java.lang.StringLatin1::trim (76 bytes)
C2 CompilerThread1      727 2119       4       jdk.internal.jimage.ImageLocation::verify (218 bytes)
C2 CompilerThread2      727 2092       4       java.util.HashSet::add (20 bytes)
Total: 4

VM state: not at safepoint (normal execution)

VM Mutex/Monitor currently owned by a thread:  ([mutex/lock_event])
[0x00007ffa9a6aecb8] MethodCompileQueue_lock - owner thread: 0x0000000000000000

Heap address: 0x0000000702800000, size: 4056 MB, Compressed Oops mode: Zero based, Oop shift amount: 3

CDS archive(s) mapped at: [0x000001bdcc000000-0x000001bdccc90000-0x000001bdccc90000), size 13172736, SharedBaseAddress: 0x000001bdcc000000, ArchiveRelocationMode: 1.
Compressed class space mapped at: 0x000001bdcd000000-0x000001be0d000000, reserved size: 1073741824
Narrow klass base: 0x000001bdcc000000, Narrow klass shift: 0, Narrow klass range: 0x100000000

GC Precious Log:
 CardTable entry size: 512
 Card Set container configuration: InlinePtr #cards 4 size 8 Array Of Cards #cards 16 size 48 Howl #buckets 8 coarsen threshold 3686 Howl Bitmap #cards 512 size 80 coarsen threshold 460 Card regions per heap region 1 cards per card region 4096
 CPUs: 12 total, 12 available
 Memory: 16216M
 Large Page Support: Disabled
 NUMA Support: Disabled
 Compressed Oops: Enabled (Zero based)
 Heap Region Size: 2M
 Heap Min Capacity: 8M
 Heap Initial Capacity: 254M
 Heap Max Capacity: 4056M
 Pre-touch: Disabled
 Parallel Workers: 10
 Concurrent Workers: 3
 Concurrent Refinement Workers: 10
 Periodic GC: Disabled

Heap:
 garbage-first heap   total 260096K, used 21333K [0x0000000702800000, 0x0000000800000000)
  region size 2048K, 9 young (18432K), 2 survivors (4096K)
 Metaspace       used 15994K, committed 16256K, reserved 1114112K
  class space    used 1925K, committed 2048K, reserved 1048576K

Heap Regions: E=young(eden), S=young(survivor), O=old, HS=humongous(starts), HC=humongous(continues), CS=collection set, F=free, TAMS=top-at-mark-start, PB=parsable bottom
|   0|0x0000000702800000, 0x0000000702a00000, 0x0000000702a00000|100%| O|  |TAMS 0x0000000702800000| PB 0x0000000702800000| Untracked 
|   1|0x0000000702a00000, 0x0000000702c00000, 0x0000000702c00000|100%| O|  |TAMS 0x0000000702a00000| PB 0x0000000702a00000| Untracked 
|   2|0x0000000702c00000, 0x0000000702e00000, 0x0000000702e00000|100%| O|  |TAMS 0x0000000702c00000| PB 0x0000000702c00000| Untracked 
|   3|0x0000000702e00000, 0x0000000702e572c8, 0x0000000703000000| 17%| O|  |TAMS 0x0000000702e00000| PB 0x0000000702e00000| Untracked 
|   4|0x0000000703000000, 0x0000000703000000, 0x0000000703200000|  0%| F|  |TAMS 0x0000000703000000| PB 0x0000000703000000| Untracked 
|   5|0x0000000703200000, 0x0000000703200000, 0x0000000703400000|  0%| F|  |TAMS 0x0000000703200000| PB 0x0000000703200000| Untracked 
|   6|0x0000000703400000, 0x0000000703400000, 0x0000000703600000|  0%| F|  |TAMS 0x0000000703400000| PB 0x0000000703400000| Untracked 
|   7|0x0000000703600000, 0x0000000703600000, 0x0000000703800000|  0%| F|  |TAMS 0x0000000703600000| PB 0x0000000703600000| Untracked 
|   8|0x0000000703800000, 0x0000000703800000, 0x0000000703a00000|  0%| F|  |TAMS 0x0000000703800000| PB 0x0000000703800000| Untracked 
|   9|0x0000000703a00000, 0x0000000703a00000, 0x0000000703c00000|  0%| F|  |TAMS 0x0000000703a00000| PB 0x0000000703a00000| Untracked 
|  10|0x0000000703c00000, 0x0000000703c00000, 0x0000000703e00000|  0%| F|  |TAMS 0x0000000703c00000| PB 0x0000000703c00000| Untracked 
|  11|0x0000000703e00000, 0x0000000703e00000, 0x0000000704000000|  0%| F|  |TAMS 0x0000000703e00000| PB 0x0000000703e00000| Untracked 
|  12|0x0000000704000000, 0x0000000704000000, 0x0000000704200000|  0%| F|  |TAMS 0x0000000704000000| PB 0x0000000704000000| Untracked 
|  13|0x0000000704200000, 0x0000000704200000, 0x0000000704400000|  0%| F|  |TAMS 0x0000000704200000| PB 0x0000000704200000| Untracked 
|  14|0x0000000704400000, 0x0000000704400000, 0x0000000704600000|  0%| F|  |TAMS 0x0000000704400000| PB 0x0000000704400000| Untracked 
|  15|0x0000000704600000, 0x0000000704600000, 0x0000000704800000|  0%| F|  |TAMS 0x0000000704600000| PB 0x0000000704600000| Untracked 
|  16|0x0000000704800000, 0x0000000704800000, 0x0000000704a00000|  0%| F|  |TAMS 0x0000000704800000| PB 0x0000000704800000| Untracked 
|  17|0x0000000704a00000, 0x0000000704a00000, 0x0000000704c00000|  0%| F|  |TAMS 0x0000000704a00000| PB 0x0000000704a00000| Untracked 
|  18|0x0000000704c00000, 0x0000000704c00000, 0x0000000704e00000|  0%| F|  |TAMS 0x0000000704c00000| PB 0x0000000704c00000| Untracked 
|  19|0x0000000704e00000, 0x0000000704e00000, 0x0000000705000000|  0%| F|  |TAMS 0x0000000704e00000| PB 0x0000000704e00000| Untracked 
|  20|0x0000000705000000, 0x0000000705000000, 0x0000000705200000|  0%| F|  |TAMS 0x0000000705000000| PB 0x0000000705000000| Untracked 
|  21|0x0000000705200000, 0x0000000705200000, 0x0000000705400000|  0%| F|  |TAMS 0x0000000705200000| PB 0x0000000705200000| Untracked 
|  22|0x0000000705400000, 0x0000000705400000, 0x0000000705600000|  0%| F|  |TAMS 0x0000000705400000| PB 0x0000000705400000| Untracked 
|  23|0x0000000705600000, 0x0000000705600000, 0x0000000705800000|  0%| F|  |TAMS 0x0000000705600000| PB 0x0000000705600000| Untracked 
|  24|0x0000000705800000, 0x0000000705800000, 0x0000000705a00000|  0%| F|  |TAMS 0x0000000705800000| PB 0x0000000705800000| Untracked 
|  25|0x0000000705a00000, 0x0000000705a00000, 0x0000000705c00000|  0%| F|  |TAMS 0x0000000705a00000| PB 0x0000000705a00000| Untracked 
|  26|0x0000000705c00000, 0x0000000705c00000, 0x0000000705e00000|  0%| F|  |TAMS 0x0000000705c00000| PB 0x0000000705c00000| Untracked 
|  27|0x0000000705e00000, 0x0000000705e00000, 0x0000000706000000|  0%| F|  |TAMS 0x0000000705e00000| PB 0x0000000705e00000| Untracked 
|  28|0x0000000706000000, 0x0000000706000000, 0x0000000706200000|  0%| F|  |TAMS 0x0000000706000000| PB 0x0000000706000000| Untracked 
|  29|0x0000000706200000, 0x0000000706200000, 0x0000000706400000|  0%| F|  |TAMS 0x0000000706200000| PB 0x0000000706200000| Untracked 
|  30|0x0000000706400000, 0x0000000706400000, 0x0000000706600000|  0%| F|  |TAMS 0x0000000706400000| PB 0x0000000706400000| Untracked 
|  31|0x0000000706600000, 0x0000000706600000, 0x0000000706800000|  0%| F|  |TAMS 0x0000000706600000| PB 0x0000000706600000| Untracked 
|  32|0x0000000706800000, 0x0000000706800000, 0x0000000706a00000|  0%| F|  |TAMS 0x0000000706800000| PB 0x0000000706800000| Untracked 
|  33|0x0000000706a00000, 0x0000000706a00000, 0x0000000706c00000|  0%| F|  |TAMS 0x0000000706a00000| PB 0x0000000706a00000| Untracked 
|  34|0x0000000706c00000, 0x0000000706c00000, 0x0000000706e00000|  0%| F|  |TAMS 0x0000000706c00000| PB 0x0000000706c00000| Untracked 
|  35|0x0000000706e00000, 0x0000000706e00000, 0x0000000707000000|  0%| F|  |TAMS 0x0000000706e00000| PB 0x0000000706e00000| Untracked 
|  36|0x0000000707000000, 0x0000000707000000, 0x0000000707200000|  0%| F|  |TAMS 0x0000000707000000| PB 0x0000000707000000| Untracked 
|  37|0x0000000707200000, 0x0000000707200000, 0x0000000707400000|  0%| F|  |TAMS 0x0000000707200000| PB 0x0000000707200000| Untracked 
|  38|0x0000000707400000, 0x0000000707400000, 0x0000000707600000|  0%| F|  |TAMS 0x0000000707400000| PB 0x0000000707400000| Untracked 
|  39|0x0000000707600000, 0x0000000707600000, 0x0000000707800000|  0%| F|  |TAMS 0x0000000707600000| PB 0x0000000707600000| Untracked 
|  40|0x0000000707800000, 0x0000000707800000, 0x0000000707a00000|  0%| F|  |TAMS 0x0000000707800000| PB 0x0000000707800000| Untracked 
|  41|0x0000000707a00000, 0x0000000707a00000, 0x0000000707c00000|  0%| F|  |TAMS 0x0000000707a00000| PB 0x0000000707a00000| Untracked 
|  42|0x0000000707c00000, 0x0000000707c00000, 0x0000000707e00000|  0%| F|  |TAMS 0x0000000707c00000| PB 0x0000000707c00000| Untracked 
|  43|0x0000000707e00000, 0x0000000707e00000, 0x0000000708000000|  0%| F|  |TAMS 0x0000000707e00000| PB 0x0000000707e00000| Untracked 
|  44|0x0000000708000000, 0x0000000708000000, 0x0000000708200000|  0%| F|  |TAMS 0x0000000708000000| PB 0x0000000708000000| Untracked 
|  45|0x0000000708200000, 0x0000000708200000, 0x0000000708400000|  0%| F|  |TAMS 0x0000000708200000| PB 0x0000000708200000| Untracked 
|  46|0x0000000708400000, 0x0000000708400000, 0x0000000708600000|  0%| F|  |TAMS 0x0000000708400000| PB 0x0000000708400000| Untracked 
|  47|0x0000000708600000, 0x0000000708600000, 0x0000000708800000|  0%| F|  |TAMS 0x0000000708600000| PB 0x0000000708600000| Untracked 
|  48|0x0000000708800000, 0x0000000708800000, 0x0000000708a00000|  0%| F|  |TAMS 0x0000000708800000| PB 0x0000000708800000| Untracked 
|  49|0x0000000708a00000, 0x0000000708a00000, 0x0000000708c00000|  0%| F|  |TAMS 0x0000000708a00000| PB 0x0000000708a00000| Untracked 
|  50|0x0000000708c00000, 0x0000000708c00000, 0x0000000708e00000|  0%| F|  |TAMS 0x0000000708c00000| PB 0x0000000708c00000| Untracked 
|  51|0x0000000708e00000, 0x0000000708e00000, 0x0000000709000000|  0%| F|  |TAMS 0x0000000708e00000| PB 0x0000000708e00000| Untracked 
|  52|0x0000000709000000, 0x0000000709000000, 0x0000000709200000|  0%| F|  |TAMS 0x0000000709000000| PB 0x0000000709000000| Untracked 
|  53|0x0000000709200000, 0x0000000709200000, 0x0000000709400000|  0%| F|  |TAMS 0x0000000709200000| PB 0x0000000709200000| Untracked 
|  54|0x0000000709400000, 0x0000000709400000, 0x0000000709600000|  0%| F|  |TAMS 0x0000000709400000| PB 0x0000000709400000| Untracked 
|  55|0x0000000709600000, 0x0000000709600000, 0x0000000709800000|  0%| F|  |TAMS 0x0000000709600000| PB 0x0000000709600000| Untracked 
|  56|0x0000000709800000, 0x0000000709800000, 0x0000000709a00000|  0%| F|  |TAMS 0x0000000709800000| PB 0x0000000709800000| Untracked 
|  57|0x0000000709a00000, 0x0000000709a00000, 0x0000000709c00000|  0%| F|  |TAMS 0x0000000709a00000| PB 0x0000000709a00000| Untracked 
|  58|0x0000000709c00000, 0x0000000709c00000, 0x0000000709e00000|  0%| F|  |TAMS 0x0000000709c00000| PB 0x0000000709c00000| Untracked 
|  59|0x0000000709e00000, 0x0000000709e00000, 0x000000070a000000|  0%| F|  |TAMS 0x0000000709e00000| PB 0x0000000709e00000| Untracked 
|  60|0x000000070a000000, 0x000000070a000000, 0x000000070a200000|  0%| F|  |TAMS 0x000000070a000000| PB 0x000000070a000000| Untracked 
|  61|0x000000070a200000, 0x000000070a200000, 0x000000070a400000|  0%| F|  |TAMS 0x000000070a200000| PB 0x000000070a200000| Untracked 
|  62|0x000000070a400000, 0x000000070a400000, 0x000000070a600000|  0%| F|  |TAMS 0x000000070a400000| PB 0x000000070a400000| Untracked 
|  63|0x000000070a600000, 0x000000070a600000, 0x000000070a800000|  0%| F|  |TAMS 0x000000070a600000| PB 0x000000070a600000| Untracked 
|  64|0x000000070a800000, 0x000000070a800000, 0x000000070aa00000|  0%| F|  |TAMS 0x000000070a800000| PB 0x000000070a800000| Untracked 
|  65|0x000000070aa00000, 0x000000070aa00000, 0x000000070ac00000|  0%| F|  |TAMS 0x000000070aa00000| PB 0x000000070aa00000| Untracked 
|  66|0x000000070ac00000, 0x000000070ac00000, 0x000000070ae00000|  0%| F|  |TAMS 0x000000070ac00000| PB 0x000000070ac00000| Untracked 
|  67|0x000000070ae00000, 0x000000070ae00000, 0x000000070b000000|  0%| F|  |TAMS 0x000000070ae00000| PB 0x000000070ae00000| Untracked 
|  68|0x000000070b000000, 0x000000070b000000, 0x000000070b200000|  0%| F|  |TAMS 0x000000070b000000| PB 0x000000070b000000| Untracked 
|  69|0x000000070b200000, 0x000000070b200000, 0x000000070b400000|  0%| F|  |TAMS 0x000000070b200000| PB 0x000000070b200000| Untracked 
|  70|0x000000070b400000, 0x000000070b400000, 0x000000070b600000|  0%| F|  |TAMS 0x000000070b400000| PB 0x000000070b400000| Untracked 
|  71|0x000000070b600000, 0x000000070b600000, 0x000000070b800000|  0%| F|  |TAMS 0x000000070b600000| PB 0x000000070b600000| Untracked 
|  72|0x000000070b800000, 0x000000070b800000, 0x000000070ba00000|  0%| F|  |TAMS 0x000000070b800000| PB 0x000000070b800000| Untracked 
|  73|0x000000070ba00000, 0x000000070ba00000, 0x000000070bc00000|  0%| F|  |TAMS 0x000000070ba00000| PB 0x000000070ba00000| Untracked 
|  74|0x000000070bc00000, 0x000000070bc00000, 0x000000070be00000|  0%| F|  |TAMS 0x000000070bc00000| PB 0x000000070bc00000| Untracked 
|  75|0x000000070be00000, 0x000000070be00000, 0x000000070c000000|  0%| F|  |TAMS 0x000000070be00000| PB 0x000000070be00000| Untracked 
|  76|0x000000070c000000, 0x000000070c000000, 0x000000070c200000|  0%| F|  |TAMS 0x000000070c000000| PB 0x000000070c000000| Untracked 
|  77|0x000000070c200000, 0x000000070c200000, 0x000000070c400000|  0%| F|  |TAMS 0x000000070c200000| PB 0x000000070c200000| Untracked 
|  78|0x000000070c400000, 0x000000070c400000, 0x000000070c600000|  0%| F|  |TAMS 0x000000070c400000| PB 0x000000070c400000| Untracked 
|  79|0x000000070c600000, 0x000000070c600000, 0x000000070c800000|  0%| F|  |TAMS 0x000000070c600000| PB 0x000000070c600000| Untracked 
|  80|0x000000070c800000, 0x000000070c800000, 0x000000070ca00000|  0%| F|  |TAMS 0x000000070c800000| PB 0x000000070c800000| Untracked 
|  81|0x000000070ca00000, 0x000000070ca00000, 0x000000070cc00000|  0%| F|  |TAMS 0x000000070ca00000| PB 0x000000070ca00000| Untracked 
|  82|0x000000070cc00000, 0x000000070cc00000, 0x000000070ce00000|  0%| F|  |TAMS 0x000000070cc00000| PB 0x000000070cc00000| Untracked 
|  83|0x000000070ce00000, 0x000000070ce00000, 0x000000070d000000|  0%| F|  |TAMS 0x000000070ce00000| PB 0x000000070ce00000| Untracked 
|  84|0x000000070d000000, 0x000000070d000000, 0x000000070d200000|  0%| F|  |TAMS 0x000000070d000000| PB 0x000000070d000000| Untracked 
|  85|0x000000070d200000, 0x000000070d200000, 0x000000070d400000|  0%| F|  |TAMS 0x000000070d200000| PB 0x000000070d200000| Untracked 
|  86|0x000000070d400000, 0x000000070d400000, 0x000000070d600000|  0%| F|  |TAMS 0x000000070d400000| PB 0x000000070d400000| Untracked 
|  87|0x000000070d600000, 0x000000070d600000, 0x000000070d800000|  0%| F|  |TAMS 0x000000070d600000| PB 0x000000070d600000| Untracked 
|  88|0x000000070d800000, 0x000000070d800000, 0x000000070da00000|  0%| F|  |TAMS 0x000000070d800000| PB 0x000000070d800000| Untracked 
|  89|0x000000070da00000, 0x000000070da00000, 0x000000070dc00000|  0%| F|  |TAMS 0x000000070da00000| PB 0x000000070da00000| Untracked 
|  90|0x000000070dc00000, 0x000000070dc00000, 0x000000070de00000|  0%| F|  |TAMS 0x000000070dc00000| PB 0x000000070dc00000| Untracked 
|  91|0x000000070de00000, 0x000000070de00000, 0x000000070e000000|  0%| F|  |TAMS 0x000000070de00000| PB 0x000000070de00000| Untracked 
|  92|0x000000070e000000, 0x000000070e000000, 0x000000070e200000|  0%| F|  |TAMS 0x000000070e000000| PB 0x000000070e000000| Untracked 
|  93|0x000000070e200000, 0x000000070e200000, 0x000000070e400000|  0%| F|  |TAMS 0x000000070e200000| PB 0x000000070e200000| Untracked 
|  94|0x000000070e400000, 0x000000070e400000, 0x000000070e600000|  0%| F|  |TAMS 0x000000070e400000| PB 0x000000070e400000| Untracked 
|  95|0x000000070e600000, 0x000000070e600000, 0x000000070e800000|  0%| F|  |TAMS 0x000000070e600000| PB 0x000000070e600000| Untracked 
|  96|0x000000070e800000, 0x000000070e800000, 0x000000070ea00000|  0%| F|  |TAMS 0x000000070e800000| PB 0x000000070e800000| Untracked 
|  97|0x000000070ea00000, 0x000000070ea00000, 0x000000070ec00000|  0%| F|  |TAMS 0x000000070ea00000| PB 0x000000070ea00000| Untracked 
|  98|0x000000070ec00000, 0x000000070ec00000, 0x000000070ee00000|  0%| F|  |TAMS 0x000000070ec00000| PB 0x000000070ec00000| Untracked 
|  99|0x000000070ee00000, 0x000000070ee00000, 0x000000070f000000|  0%| F|  |TAMS 0x000000070ee00000| PB 0x000000070ee00000| Untracked 
| 100|0x000000070f000000, 0x000000070f000000, 0x000000070f200000|  0%| F|  |TAMS 0x000000070f000000| PB 0x000000070f000000| Untracked 
| 101|0x000000070f200000, 0x000000070f200000, 0x000000070f400000|  0%| F|  |TAMS 0x000000070f200000| PB 0x000000070f200000| Untracked 
| 102|0x000000070f400000, 0x000000070f400000, 0x000000070f600000|  0%| F|  |TAMS 0x000000070f400000| PB 0x000000070f400000| Untracked 
| 103|0x000000070f600000, 0x000000070f600000, 0x000000070f800000|  0%| F|  |TAMS 0x000000070f600000| PB 0x000000070f600000| Untracked 
| 104|0x000000070f800000, 0x000000070f800000, 0x000000070fa00000|  0%| F|  |TAMS 0x000000070f800000| PB 0x000000070f800000| Untracked 
| 105|0x000000070fa00000, 0x000000070fa00000, 0x000000070fc00000|  0%| F|  |TAMS 0x000000070fa00000| PB 0x000000070fa00000| Untracked 
| 106|0x000000070fc00000, 0x000000070fc00000, 0x000000070fe00000|  0%| F|  |TAMS 0x000000070fc00000| PB 0x000000070fc00000| Untracked 
| 107|0x000000070fe00000, 0x000000070fe00000, 0x0000000710000000|  0%| F|  |TAMS 0x000000070fe00000| PB 0x000000070fe00000| Untracked 
| 108|0x0000000710000000, 0x0000000710000000, 0x0000000710200000|  0%| F|  |TAMS 0x0000000710000000| PB 0x0000000710000000| Untracked 
| 109|0x0000000710200000, 0x000000071027e268, 0x0000000710400000| 24%| S|CS|TAMS 0x0000000710200000| PB 0x0000000710200000| Complete 
| 110|0x0000000710400000, 0x0000000710600000, 0x0000000710600000|100%| S|CS|TAMS 0x0000000710400000| PB 0x0000000710400000| Complete 
| 111|0x0000000710600000, 0x0000000710600000, 0x0000000710800000|  0%| F|  |TAMS 0x0000000710600000| PB 0x0000000710600000| Untracked 
| 112|0x0000000710800000, 0x0000000710800000, 0x0000000710a00000|  0%| F|  |TAMS 0x0000000710800000| PB 0x0000000710800000| Untracked 
| 113|0x0000000710a00000, 0x0000000710a00000, 0x0000000710c00000|  0%| F|  |TAMS 0x0000000710a00000| PB 0x0000000710a00000| Untracked 
| 114|0x0000000710c00000, 0x0000000710c00000, 0x0000000710e00000|  0%| F|  |TAMS 0x0000000710c00000| PB 0x0000000710c00000| Untracked 
| 115|0x0000000710e00000, 0x0000000710e00000, 0x0000000711000000|  0%| F|  |TAMS 0x0000000710e00000| PB 0x0000000710e00000| Untracked 
| 116|0x0000000711000000, 0x0000000711000000, 0x0000000711200000|  0%| F|  |TAMS 0x0000000711000000| PB 0x0000000711000000| Untracked 
| 117|0x0000000711200000, 0x0000000711200000, 0x0000000711400000|  0%| F|  |TAMS 0x0000000711200000| PB 0x0000000711200000| Untracked 
| 118|0x0000000711400000, 0x0000000711400000, 0x0000000711600000|  0%| F|  |TAMS 0x0000000711400000| PB 0x0000000711400000| Untracked 
| 119|0x0000000711600000, 0x0000000711600000, 0x0000000711800000|  0%| F|  |TAMS 0x0000000711600000| PB 0x0000000711600000| Untracked 
| 120|0x0000000711800000, 0x00000007119645c8, 0x0000000711a00000| 69%| E|  |TAMS 0x0000000711800000| PB 0x0000000711800000| Complete 
| 121|0x0000000711a00000, 0x0000000711c00000, 0x0000000711c00000|100%| E|CS|TAMS 0x0000000711a00000| PB 0x0000000711a00000| Complete 
| 122|0x0000000711c00000, 0x0000000711e00000, 0x0000000711e00000|100%| E|CS|TAMS 0x0000000711c00000| PB 0x0000000711c00000| Complete 
| 123|0x0000000711e00000, 0x0000000712000000, 0x0000000712000000|100%| E|CS|TAMS 0x0000000711e00000| PB 0x0000000711e00000| Complete 
| 124|0x0000000712000000, 0x0000000712200000, 0x0000000712200000|100%| E|CS|TAMS 0x0000000712000000| PB 0x0000000712000000| Complete 
| 125|0x0000000712200000, 0x0000000712400000, 0x0000000712400000|100%| E|CS|TAMS 0x0000000712200000| PB 0x0000000712200000| Complete 
| 126|0x0000000712400000, 0x0000000712600000, 0x0000000712600000|100%| E|CS|TAMS 0x0000000712400000| PB 0x0000000712400000| Complete 

Card table byte_map: [0x000001bdc4050000,0x000001bdc4840000] _byte_map_base: 0x000001bdc083c000

Marking Bits: (CMBitMap*) 0x000001bdabc969e0
 Bits: [0x000001bdc4840000, 0x000001bdc87a0000)

Polling page: 0x000001bda9a20000

Metaspace:

Usage:
  Non-class:     13.76 MB used.
      Class:      1.88 MB used.
       Both:     15.64 MB used.

Virtual space:
  Non-class space:       64.00 MB reserved,      13.88 MB ( 22%) committed,  1 nodes.
      Class space:        1.00 GB reserved,       2.00 MB ( <1%) committed,  1 nodes.
             Both:        1.06 GB reserved,      15.88 MB (  1%) committed. 

Chunk freelists:
   Non-Class:  1.33 MB
       Class:  13.95 MB
        Both:  15.28 MB

MaxMetaspaceSize: unlimited
CompressedClassSpaceSize: 1.00 GB
Initial GC threshold: 21.00 MB
Current GC threshold: 21.00 MB
CDS: on
 - commit_granule_bytes: 65536.
 - commit_granule_words: 8192.
 - virtual_space_node_default_size: 8388608.
 - enlarge_chunks_in_place: 1.
 - use_allocation_guard: 0.


Internal statistics:

num_allocs_failed_limit: 0.
num_arena_births: 266.
num_arena_deaths: 0.
num_vsnodes_births: 2.
num_vsnodes_deaths: 0.
num_space_committed: 254.
num_space_uncommitted: 0.
num_chunks_returned_to_freelist: 0.
num_chunks_taken_from_freelist: 816.
num_chunk_merges: 0.
num_chunk_splits: 531.
num_chunks_enlarged: 374.
num_inconsistent_stats: 0.

CodeHeap 'non-profiled nmethods': size=120000Kb used=806Kb max_used=806Kb free=119193Kb
 bounds [0x000001bdbbdd0000, 0x000001bdbc040000, 0x000001bdc3300000]
CodeHeap 'profiled nmethods': size=120000Kb used=3910Kb max_used=3910Kb free=116089Kb
 bounds [0x000001bdb4300000, 0x000001bdb46e0000, 0x000001bdbb830000]
CodeHeap 'non-nmethods': size=5760Kb used=1430Kb max_used=1438Kb free=4329Kb
 bounds [0x000001bdbb830000, 0x000001bdbbaa0000, 0x000001bdbbdd0000]
 total_blobs=2665 nmethods=2154 adapters=413
 compilation: enabled
              stopped_count=0, restarted_count=0
 full_count=0

Compilation events (20 events):
Event: 0.719 Thread 0x000001bdcb41cfd0 2116       3       org.springframework.core.annotation.TypeMappedAnnotation::getType (8 bytes)
Event: 0.719 Thread 0x000001bdcb41cfd0 nmethod 2116 0x000001bdb46bfc10 code [0x000001bdb46bfda0, 0x000001bdb46bfed8]
Event: 0.719 Thread 0x000001bdcb41cfd0 2115       3       org.springframework.core.annotation.AnnotationTypeMappings::forAnnotationType (12 bytes)
Event: 0.719 Thread 0x000001bdcb41cfd0 nmethod 2115 0x000001bdb46bff90 code [0x000001bdb46c0140, 0x000001bdb46c02d0]
Event: 0.719 Thread 0x000001bdcb41cfd0 2117       3       org.springframework.core.type.classreading.SimpleAnnotationMetadataReadingVisitor::toClassName (5 bytes)
Event: 0.720 Thread 0x000001bdcb41cfd0 nmethod 2117 0x000001bdb46c0390 code [0x000001bdb46c0560, 0x000001bdb46c0888]
Event: 0.720 Thread 0x000001bdcb41cfd0 2118       3       org.springframework.core.annotation.AnnotationTypeMappings::forAnnotationType (12 bytes)
Event: 0.720 Thread 0x000001bdcb41f1e0 2119       4       jdk.internal.jimage.ImageLocation::verify (218 bytes)
Event: 0.720 Thread 0x000001bdcb41cfd0 nmethod 2118 0x000001bdb46c0a10 code [0x000001bdb46c0c20, 0x000001bdb46c11e8]
Event: 0.720 Thread 0x000001bdcb41cfd0 2120       3       jdk.internal.loader.BuiltinClassLoader::checkURL (5 bytes)
Event: 0.720 Thread 0x000001bdcb41cfd0 nmethod 2120 0x000001bdb46c1410 code [0x000001bdb46c15c0, 0x000001bdb46c17b0]
Event: 0.720 Thread 0x000001bdcb41cfd0 2121   !   3       jdk.internal.loader.URLClassPath::checkURL (16 bytes)
Event: 0.720 Thread 0x000001bdcb41cfd0 nmethod 2121 0x000001bdb46c1890 code [0x000001bdb46c1a40, 0x000001bdb46c1c00]
Event: 0.720 Thread 0x000001bdcb41cfd0 2122       1       org.springframework.core.annotation.TypeMappedAnnotation::getAggregateIndex (5 bytes)
Event: 0.720 Thread 0x000001bdcb41cfd0 nmethod 2122 0x000001bdbbe98710 code [0x000001bdbbe988a0, 0x000001bdbbe98968]
Event: 0.720 Thread 0x000001bdcb41cfd0 2123       3       org.springframework.core.annotation.AbstractMergedAnnotation::<init> (5 bytes)
Event: 0.720 Thread 0x000001bdcb41cfd0 nmethod 2123 0x000001bdb46c1c90 code [0x000001bdb46c1e40, 0x000001bdb46c1fa8]
Event: 0.720 Thread 0x000001bdcb41cfd0 2124       3       org.springframework.core.annotation.TypeMappedAnnotation::<init> (15 bytes)
Event: 0.720 Thread 0x000001bdcb41cfd0 nmethod 2124 0x000001bdb46c2090 code [0x000001bdb46c2240, 0x000001bdb46c2388]
Event: 0.720 Thread 0x000001bdcb41cfd0 2125       3       org.springframework.core.annotation.TypeMappedAnnotation::<init> (112 bytes)

GC Heap History (4 events):
Event: 0.349 GC heap before
{Heap before GC invocations=0 (full 0):
 garbage-first heap   total 260096K, used 20480K [0x0000000702800000, 0x0000000800000000)
  region size 2048K, 11 young (22528K), 0 survivors (0K)
 Metaspace       used 6036K, committed 6208K, reserved 1114112K
  class space    used 682K, committed 768K, reserved 1048576K
}
Event: 0.352 GC heap after
{Heap after GC invocations=1 (full 0):
 garbage-first heap   total 260096K, used 6383K [0x0000000702800000, 0x0000000800000000)
  region size 2048K, 2 young (4096K), 2 survivors (4096K)
 Metaspace       used 6036K, committed 6208K, reserved 1114112K
  class space    used 682K, committed 768K, reserved 1048576K
}
Event: 0.595 GC heap before
{Heap before GC invocations=1 (full 0):
 garbage-first heap   total 260096K, used 35055K [0x0000000702800000, 0x0000000800000000)
  region size 2048K, 16 young (32768K), 2 survivors (4096K)
 Metaspace       used 13253K, committed 13504K, reserved 1114112K
  class space    used 1581K, committed 1664K, reserved 1048576K
}
Event: 0.598 GC heap after
{Heap after GC invocations=2 (full 0):
 garbage-first heap   total 260096K, used 9045K [0x0000000702800000, 0x0000000800000000)
  region size 2048K, 2 young (4096K), 2 survivors (4096K)
 Metaspace       used 13253K, committed 13504K, reserved 1114112K
  class space    used 1581K, committed 1664K, reserved 1048576K
}

Dll operation events (10 events):
Event: 0.003 Loaded shared library C:\Users\Dimas Prasetyo\.jdks\corretto-21.0.2\bin\java.dll
Event: 0.024 Loaded shared library C:\Users\Dimas Prasetyo\.jdks\corretto-21.0.2\bin\jsvml.dll
Event: 0.062 Loaded shared library C:\Users\Dimas Prasetyo\.jdks\corretto-21.0.2\bin\zip.dll
Event: 0.063 Loaded shared library C:\Users\Dimas Prasetyo\.jdks\corretto-21.0.2\bin\instrument.dll
Event: 0.067 Loaded shared library C:\Users\Dimas Prasetyo\.jdks\corretto-21.0.2\bin\net.dll
Event: 0.067 Loaded shared library C:\Users\Dimas Prasetyo\.jdks\corretto-21.0.2\bin\nio.dll
Event: 0.069 Loaded shared library C:\Users\Dimas Prasetyo\.jdks\corretto-21.0.2\bin\zip.dll
Event: 0.105 Loaded shared library C:\Program Files\JetBrains\IntelliJ IDEA Community Edition 2023.3.4\bin\breakgen64.dll
Event: 0.109 Loaded shared library C:\Users\Dimas Prasetyo\.jdks\corretto-21.0.2\bin\extnet.dll
Event: 0.126 Loaded shared library C:\Users\Dimas Prasetyo\.jdks\corretto-21.0.2\bin\jimage.dll

Deoptimization events (20 events):
Event: 0.703 Thread 0x000001bdabc2ea70 Uncommon trap: trap_request=0xffffffde fr.pc=0x000001bdbbe901a8 relative=0x00000000000009e8
Event: 0.703 Thread 0x000001bdabc2ea70 Uncommon trap: reason=class_check action=maybe_recompile pc=0x000001bdbbe901a8 method=java.util.HashMap.putVal(ILjava/lang/Object;Ljava/lang/Object;ZZ)Ljava/lang/Object; @ 91 c2
Event: 0.703 Thread 0x000001bdabc2ea70 DEOPT PACKING pc=0x000001bdbbe901a8 sp=0x00000013c7bfe8b0
Event: 0.703 Thread 0x000001bdabc2ea70 DEOPT UNPACKING pc=0x000001bdbb8846a2 sp=0x00000013c7bfe7d0 mode 2
Event: 0.713 Thread 0x000001bdabc2ea70 Uncommon trap: trap_request=0xffffffde fr.pc=0x000001bdbbddbbd0 relative=0x00000000000001b0
Event: 0.713 Thread 0x000001bdabc2ea70 Uncommon trap: reason=class_check action=maybe_recompile pc=0x000001bdbbddbbd0 method=java.lang.String.equals(Ljava/lang/Object;)Z @ 8 c2
Event: 0.713 Thread 0x000001bdabc2ea70 DEOPT PACKING pc=0x000001bdbbddbbd0 sp=0x00000013c7bfe790
Event: 0.713 Thread 0x000001bdabc2ea70 DEOPT UNPACKING pc=0x000001bdbb8846a2 sp=0x00000013c7bfe718 mode 2
Event: 0.713 Thread 0x000001bdabc2ea70 Uncommon trap: trap_request=0xffffffde fr.pc=0x000001bdbbddbbd0 relative=0x00000000000001b0
Event: 0.713 Thread 0x000001bdabc2ea70 Uncommon trap: reason=class_check action=maybe_recompile pc=0x000001bdbbddbbd0 method=java.lang.String.equals(Ljava/lang/Object;)Z @ 8 c2
Event: 0.713 Thread 0x000001bdabc2ea70 DEOPT PACKING pc=0x000001bdbbddbbd0 sp=0x00000013c7bfe790
Event: 0.713 Thread 0x000001bdabc2ea70 DEOPT UNPACKING pc=0x000001bdbb8846a2 sp=0x00000013c7bfe718 mode 2
Event: 0.713 Thread 0x000001bdabc2ea70 Uncommon trap: trap_request=0xffffffde fr.pc=0x000001bdbbddbbd0 relative=0x00000000000001b0
Event: 0.713 Thread 0x000001bdabc2ea70 Uncommon trap: reason=class_check action=maybe_recompile pc=0x000001bdbbddbbd0 method=java.lang.String.equals(Ljava/lang/Object;)Z @ 8 c2
Event: 0.713 Thread 0x000001bdabc2ea70 DEOPT PACKING pc=0x000001bdbbddbbd0 sp=0x00000013c7bfe790
Event: 0.713 Thread 0x000001bdabc2ea70 DEOPT UNPACKING pc=0x000001bdbb8846a2 sp=0x00000013c7bfe718 mode 2
Event: 0.713 Thread 0x000001bdabc2ea70 Uncommon trap: trap_request=0xffffffde fr.pc=0x000001bdbbddbbd0 relative=0x00000000000001b0
Event: 0.713 Thread 0x000001bdabc2ea70 Uncommon trap: reason=class_check action=maybe_recompile pc=0x000001bdbbddbbd0 method=java.lang.String.equals(Ljava/lang/Object;)Z @ 8 c2
Event: 0.713 Thread 0x000001bdabc2ea70 DEOPT PACKING pc=0x000001bdbbddbbd0 sp=0x00000013c7bfe790
Event: 0.713 Thread 0x000001bdabc2ea70 DEOPT UNPACKING pc=0x000001bdbb8846a2 sp=0x00000013c7bfe718 mode 2

Classes loaded (20 events):
Event: 0.634 Loading class java/util/Comparators$NaturalOrderComparator
Event: 0.634 Loading class java/util/Comparators$NaturalOrderComparator done
Event: 0.635 Loading class java/util/stream/SortedOps$RefSortingSink
Event: 0.635 Loading class java/util/stream/SortedOps$AbstractRefSortingSink
Event: 0.635 Loading class java/util/stream/SortedOps$AbstractRefSortingSink done
Event: 0.635 Loading class java/util/stream/SortedOps$RefSortingSink done
Event: 0.635 Loading class sun/nio/fs/WindowsPath$WindowsPathWithAttributes
Event: 0.635 Loading class sun/nio/fs/BasicFileAttributesHolder
Event: 0.635 Loading class sun/nio/fs/BasicFileAttributesHolder done
Event: 0.635 Loading class sun/nio/fs/WindowsPath$WindowsPathWithAttributes done
Event: 0.635 Loading class java/util/StringTokenizer
Event: 0.635 Loading class java/util/StringTokenizer done
Event: 0.636 Loading class java/util/regex/Pattern$LazyLoop
Event: 0.636 Loading class java/util/regex/Pattern$Loop
Event: 0.636 Loading class java/util/regex/Pattern$Loop done
Event: 0.636 Loading class java/util/regex/Pattern$LazyLoop done
Event: 0.636 Loading class java/util/regex/Pattern$Prolog
Event: 0.636 Loading class java/util/regex/Pattern$Prolog done
Event: 0.643 Loading class java/lang/AssertionError
Event: 0.643 Loading class java/lang/AssertionError done

Classes unloaded (0 events):
No events

Classes redefined (0 events):
No events

Internal exceptions (20 events):
Event: 0.459 Thread 0x000001bdabc2ea70 Exception <a 'java/lang/NoSuchMethodError'{0x0000000711f61b90}: 'java.lang.Object java.lang.invoke.DirectMethodHandle$Holder.invokeStaticInit(java.lang.Object, long, java.lang.Object)'> (0x0000000711f61b90) 
thrown [s\src\hotspot\share\interpreter\linkResolver.cpp, line 773]
Event: 0.459 Thread 0x000001bdabc2ea70 Exception <a 'java/lang/NoSuchMethodError'{0x0000000711f67330}: 'java.lang.Object java.lang.invoke.DirectMethodHandle$Holder.newInvokeSpecial(java.lang.Object, long)'> (0x0000000711f67330) 
thrown [s\src\hotspot\share\interpreter\linkResolver.cpp, line 773]
Event: 0.467 Thread 0x000001bdabc2ea70 Exception <a 'java/lang/NoSuchMethodError'{0x0000000711fc09c0}: 'void java.lang.invoke.DirectMethodHandle$Holder.invokeVirtual(java.lang.Object, java.lang.Object, java.lang.Object, java.lang.Object)'> (0x0000000711fc09c0) 
thrown [s\src\hotspot\share\interpreter\linkResolver.cpp, line 773]
Event: 0.487 Thread 0x000001bdabc2ea70 Exception <a 'java/lang/NoSuchMethodError'{0x0000000711d5ef60}: 'void java.lang.invoke.DirectMethodHandle$Holder.invokeSpecial(java.lang.Object, java.lang.Object, java.lang.Object)'> (0x0000000711d5ef60) 
thrown [s\src\hotspot\share\interpreter\linkResolver.cpp, line 773]
Event: 0.488 Thread 0x000001bdabc2ea70 Exception <a 'java/lang/NoSuchMethodError'{0x0000000711d64ac8}: 'void java.lang.invoke.DirectMethodHandle$Holder.invokeSpecial(java.lang.Object, java.lang.Object, java.lang.Object, java.lang.Object, java.lang.Object)'> (0x0000000711d64ac8) 
thrown [s\src\hotspot\share\interpreter\linkResolver.cpp, line 773]
Event: 0.491 Thread 0x000001be11c0d360 Exception <a 'java/lang/NoClassDefFoundError'{0x0000000711dce300}: jakarta/validation/Validation> (0x0000000711dce300) 
thrown [s\src\hotspot\share\classfile\systemDictionary.cpp, line 301]
Event: 0.491 Thread 0x000001bdabc2ea70 Exception <a 'java/lang/IncompatibleClassChangeError'{0x0000000711d8dc38}: Found class java.lang.Object, but interface was expected> (0x0000000711d8dc38) 
thrown [s\src\hotspot\share\interpreter\linkResolver.cpp, line 840]
Event: 0.494 Thread 0x000001bdabc2ea70 Exception <a 'java/lang/NoSuchMethodError'{0x0000000711da5270}: 'java.lang.Object java.lang.invoke.DirectMethodHandle$Holder.invokeStaticInit(java.lang.Object, int)'> (0x0000000711da5270) 
thrown [s\src\hotspot\share\interpreter\linkResolver.cpp, line 773]
Event: 0.494 Thread 0x000001bdabc2ea70 Exception <a 'java/lang/NoSuchMethodError'{0x0000000711daf408}: 'java.lang.Object java.lang.invoke.DirectMethodHandle$Holder.invokeStatic(java.lang.Object, int, java.lang.Object)'> (0x0000000711daf408) 
thrown [s\src\hotspot\share\interpreter\linkResolver.cpp, line 773]
Event: 0.495 Thread 0x000001bdabc2ea70 Exception <a 'java/lang/NoSuchMethodError'{0x0000000711db2a58}: 'java.lang.Object java.lang.invoke.DirectMethodHandle$Holder.invokeStaticInit(java.lang.Object, int, java.lang.Object)'> (0x0000000711db2a58) 
thrown [s\src\hotspot\share\interpreter\linkResolver.cpp, line 773]
Event: 0.546 Thread 0x000001bdabc2ea70 Exception <a 'java/lang/NoSuchMethodError'{0x00000007113df8a0}: 'int java.lang.invoke.Invokers$Holder.invokeExact_MT(java.lang.Object, java.lang.Object)'> (0x00000007113df8a0) 
thrown [s\src\hotspot\share\interpreter\linkResolver.cpp, line 773]
Event: 0.630 Thread 0x000001bdabc2ea70 Exception <a 'java/lang/NoSuchMethodError'{0x0000000711e5ceb0}: 'java.lang.Object java.lang.invoke.DirectMethodHandle$Holder.invokeVirtual(java.lang.Object, java.lang.Object, java.lang.Object)'> (0x0000000711e5ceb0) 
thrown [s\src\hotspot\share\interpreter\linkResolver.cpp, line 773]
Event: 0.632 Thread 0x000001bdabc2ea70 Exception <a 'java/lang/NoSuchMethodError'{0x0000000711e76348}: 'int java.lang.invoke.DirectMethodHandle$Holder.invokeSpecial(java.lang.Object, java.lang.Object, java.lang.Object, java.lang.Object, java.lang.Object)'> (0x0000000711e76348) 
thrown [s\src\hotspot\share\interpreter\linkResolver.cpp, line 773]
Event: 0.634 Thread 0x000001bdabc2ea70 Exception <a 'java/lang/NoSuchMethodError'{0x0000000711e7e5d0}: 'void java.lang.invoke.DirectMethodHandle$Holder.invokeVirtual(java.lang.Object, java.lang.Object)'> (0x0000000711e7e5d0) 
thrown [s\src\hotspot\share\interpreter\linkResolver.cpp, line 773]
Event: 0.634 Thread 0x000001be11c0d360 Exception <a 'java/lang/NoSuchMethodError'{0x0000000711f08c78}: 'long java.lang.invoke.DirectMethodHandle$Holder.invokeSpecial(java.lang.Object, java.lang.Object)'> (0x0000000711f08c78) 
thrown [s\src\hotspot\share\interpreter\linkResolver.cpp, line 773]
Event: 0.636 Thread 0x000001be11c0d360 Exception <a 'java/lang/NoSuchMethodError'{0x0000000711f12a50}: 'long java.lang.invoke.DirectMethodHandle$Holder.invokeStatic(java.lang.Object, java.lang.Object)'> (0x0000000711f12a50) 
thrown [s\src\hotspot\share\interpreter\linkResolver.cpp, line 773]
Event: 0.636 Thread 0x000001be11c0d360 Exception <a 'java/lang/NoSuchMethodError'{0x0000000711f15db8}: 'long java.lang.invoke.DirectMethodHandle$Holder.invokeStaticInit(java.lang.Object, java.lang.Object)'> (0x0000000711f15db8) 
thrown [s\src\hotspot\share\interpreter\linkResolver.cpp, line 773]
Event: 0.637 Thread 0x000001be11c0d360 Exception <a 'java/lang/NoSuchMethodError'{0x0000000711f21f00}: 'long java.lang.invoke.DirectMethodHandle$Holder.invokeInterface(java.lang.Object, java.lang.Object)'> (0x0000000711f21f00) 
thrown [s\src\hotspot\share\interpreter\linkResolver.cpp, line 773]
Event: 0.637 Thread 0x000001be11c0d360 Exception <a 'java/lang/IncompatibleClassChangeError'{0x0000000711f251b0}: Found class java.lang.Object, but interface was expected> (0x0000000711f251b0) 
thrown [s\src\hotspot\share\interpreter\linkResolver.cpp, line 840]
Event: 0.644 Thread 0x000001be11c0d360 Exception <a 'java/lang/NoSuchMethodError'{0x0000000711c0e860}: 'java.lang.Object java.lang.invoke.DirectMethodHandle$Holder.invokeVirtual(java.lang.Object, java.lang.Object, java.lang.Object, java.lang.Object)'> (0x0000000711c0e860) 
thrown [s\src\hotspot\share\interpreter\linkResolver.cpp, line 773]

ZGC Phase Switch (0 events):
No events

VM Operations (20 events):
Event: 0.292 Executing VM operation: HandshakeAllThreads (Deoptimize)
Event: 0.292 Executing VM operation: HandshakeAllThreads (Deoptimize) done
Event: 0.349 Executing VM operation: G1CollectForAllocation (G1 Evacuation Pause)
Event: 0.352 Executing VM operation: G1CollectForAllocation (G1 Evacuation Pause) done
Event: 0.421 Executing VM operation: HandshakeAllThreads (Deoptimize)
Event: 0.421 Executing VM operation: HandshakeAllThreads (Deoptimize) done
Event: 0.483 Executing VM operation: HandshakeAllThreads (Deoptimize)
Event: 0.483 Executing VM operation: HandshakeAllThreads (Deoptimize) done
Event: 0.485 Executing VM operation: HandshakeAllThreads (Deoptimize)
Event: 0.485 Executing VM operation: HandshakeAllThreads (Deoptimize) done
Event: 0.485 Executing VM operation: HandshakeAllThreads (Deoptimize)
Event: 0.485 Executing VM operation: HandshakeAllThreads (Deoptimize) done
Event: 0.529 Executing VM operation: ICBufferFull
Event: 0.529 Executing VM operation: ICBufferFull done
Event: 0.553 Executing VM operation: HandshakeAllThreads (Deoptimize)
Event: 0.553 Executing VM operation: HandshakeAllThreads (Deoptimize) done
Event: 0.595 Executing VM operation: G1CollectForAllocation (G1 Evacuation Pause)
Event: 0.598 Executing VM operation: G1CollectForAllocation (G1 Evacuation Pause) done
Event: 0.624 Executing VM operation: HandshakeAllThreads (Deoptimize)
Event: 0.624 Executing VM operation: HandshakeAllThreads (Deoptimize) done

Events (16 events):
Event: 0.015 Thread 0x000001bdabc2ea70 Thread added: 0x000001bdabc2ea70
Event: 0.023 Thread 0x000001bdcb3fee20 Thread added: 0x000001bdcb3fee20
Event: 0.023 Thread 0x000001bdcb401300 Thread added: 0x000001bdcb401300
Event: 0.023 Thread 0x000001bdcb403120 Thread added: 0x000001bdcb403120
Event: 0.023 Thread 0x000001bdcb405c90 Thread added: 0x000001bdcb405c90
Event: 0.023 Thread 0x000001bdcb406b20 Thread added: 0x000001bdcb406b20
Event: 0.023 Thread 0x000001bdcb407730 Thread added: 0x000001bdcb407730
Event: 0.023 Thread 0x000001bdcb411570 Thread added: 0x000001bdcb411570
Event: 0.023 Thread 0x000001bdcb41cfd0 Thread added: 0x000001bdcb41cfd0
Event: 0.052 Thread 0x000001bdcb608850 Thread added: 0x000001bdcb608850
Event: 0.074 Thread 0x000001bdcb41f1e0 Thread added: 0x000001bdcb41f1e0
Event: 0.081 Thread 0x000001bdcb41c230 Thread added: 0x000001bdcb41c230
Event: 0.106 Thread 0x000001bdcb8c16c0 Thread added: 0x000001bdcb8c16c0
Event: 0.106 Thread 0x000001bdcb8c64b0 Thread added: 0x000001bdcb8c64b0
Event: 0.489 Thread 0x000001be11c0d360 Thread added: 0x000001be11c0d360
Event: 0.645 Thread 0x000001be11c0d360 Thread exited: 0x000001be11c0d360


Dynamic libraries:
0x00007ff6b4b90000 - 0x00007ff6b4b9e000 	C:\Users\Dimas Prasetyo\.jdks\corretto-21.0.2\bin\java.exe
0x00007ffafd190000 - 0x00007ffafd388000 	C:\WINDOWS\SYSTEM32\ntdll.dll
0x00007ffafd090000 - 0x00007ffafd14d000 	C:\WINDOWS\System32\KERNEL32.DLL
0x00007ffafab00000 - 0x00007ffafadf6000 	C:\WINDOWS\System32\KERNELBASE.dll
0x00007ffafb080000 - 0x00007ffafb180000 	C:\WINDOWS\System32\ucrtbase.dll
0x00007ffaf5800000 - 0x00007ffaf5818000 	C:\Users\Dimas Prasetyo\.jdks\corretto-21.0.2\bin\jli.dll
0x00007ffaf5320000 - 0x00007ffaf533b000 	C:\Users\Dimas Prasetyo\.jdks\corretto-21.0.2\bin\VCRUNTIME140.dll
0x00007ffafbd70000 - 0x00007ffafbf0e000 	C:\WINDOWS\System32\USER32.dll
0x00007ffafaad0000 - 0x00007ffafaaf2000 	C:\WINDOWS\System32\win32u.dll
0x00007ffafcb50000 - 0x00007ffafcb7b000 	C:\WINDOWS\System32\GDI32.dll
0x00007ffae1330000 - 0x00007ffae15ca000 	C:\WINDOWS\WinSxS\amd64_microsoft.windows.common-controls_6595b64144ccf1df_6.0.19041.3636_none_60b6a03d71f818d5\COMCTL32.dll
0x00007ffafa9b0000 - 0x00007ffafaac7000 	C:\WINDOWS\System32\gdi32full.dll
0x00007ffafbb30000 - 0x00007ffafbbce000 	C:\WINDOWS\System32\msvcrt.dll
0x00007ffafafb0000 - 0x00007ffafb04d000 	C:\WINDOWS\System32\msvcp_win.dll
0x00007ffafc960000 - 0x00007ffafc992000 	C:\WINDOWS\System32\IMM32.DLL
0x00007ffaf5a20000 - 0x00007ffaf5a2c000 	C:\Users\Dimas Prasetyo\.jdks\corretto-21.0.2\bin\vcruntime140_1.dll
0x00007ffac85f0000 - 0x00007ffac867d000 	C:\Users\Dimas Prasetyo\.jdks\corretto-21.0.2\bin\msvcp140.dll
0x00007ffa99a00000 - 0x00007ffa9a790000 	C:\Users\Dimas Prasetyo\.jdks\corretto-21.0.2\bin\server\jvm.dll
0x00007ffafb1d0000 - 0x00007ffafb283000 	C:\WINDOWS\System32\ADVAPI32.dll
0x00007ffafce50000 - 0x00007ffafceef000 	C:\WINDOWS\System32\sechost.dll
0x00007ffafc9a0000 - 0x00007ffafcac6000 	C:\WINDOWS\System32\RPCRT4.dll
0x00007ffafb050000 - 0x00007ffafb077000 	C:\WINDOWS\System32\bcrypt.dll
0x00007ffafcef0000 - 0x00007ffafcf5b000 	C:\WINDOWS\System32\WS2_32.dll
0x00007ffaf9da0000 - 0x00007ffaf9deb000 	C:\WINDOWS\SYSTEM32\POWRPROF.dll
0x00007ffaef0c0000 - 0x00007ffaef0e7000 	C:\WINDOWS\SYSTEM32\WINMM.dll
0x00007ffaef0f0000 - 0x00007ffaef0fa000 	C:\WINDOWS\SYSTEM32\VERSION.dll
0x00007ffaf9c60000 - 0x00007ffaf9c72000 	C:\WINDOWS\SYSTEM32\UMPDC.dll
0x00007ffaf8900000 - 0x00007ffaf8912000 	C:\WINDOWS\SYSTEM32\kernel.appcore.dll
0x00007ffaf57f0000 - 0x00007ffaf57fa000 	C:\Users\Dimas Prasetyo\.jdks\corretto-21.0.2\bin\jimage.dll
0x00007ffaf6df0000 - 0x00007ffaf6fd4000 	C:\WINDOWS\SYSTEM32\DBGHELP.DLL
0x00007ffaf1490000 - 0x00007ffaf14c4000 	C:\WINDOWS\SYSTEM32\dbgcore.DLL
0x00007ffafae00000 - 0x00007ffafae82000 	C:\WINDOWS\System32\bcryptPrimitives.dll
0x00007ffaf5c10000 - 0x00007ffaf5c1e000 	C:\Users\Dimas Prasetyo\.jdks\corretto-21.0.2\bin\instrument.dll
0x00007ffaf5300000 - 0x00007ffaf531f000 	C:\Users\Dimas Prasetyo\.jdks\corretto-21.0.2\bin\java.dll
0x00007ffafb290000 - 0x00007ffafb9d5000 	C:\WINDOWS\System32\SHELL32.dll
0x00007ffaf8920000 - 0x00007ffaf90bc000 	C:\WINDOWS\SYSTEM32\windows.storage.dll
0x00007ffafc540000 - 0x00007ffafc894000 	C:\WINDOWS\System32\combase.dll
0x00007ffafa280000 - 0x00007ffafa2ae000 	C:\WINDOWS\SYSTEM32\Wldp.dll
0x00007ffafba00000 - 0x00007ffafbacd000 	C:\WINDOWS\System32\OLEAUT32.dll
0x00007ffafc8b0000 - 0x00007ffafc95d000 	C:\WINDOWS\System32\SHCORE.dll
0x00007ffafcb80000 - 0x00007ffafcbd5000 	C:\WINDOWS\System32\shlwapi.dll
0x00007ffafa780000 - 0x00007ffafa7a5000 	C:\WINDOWS\SYSTEM32\profapi.dll
0x00007ffac8020000 - 0x00007ffac80f7000 	C:\Users\Dimas Prasetyo\.jdks\corretto-21.0.2\bin\jsvml.dll
0x00007ffaf38c0000 - 0x00007ffaf38d8000 	C:\Users\Dimas Prasetyo\.jdks\corretto-21.0.2\bin\zip.dll
0x00007ffaf3d10000 - 0x00007ffaf3d20000 	C:\Users\Dimas Prasetyo\.jdks\corretto-21.0.2\bin\net.dll
0x00007ffaf2230000 - 0x00007ffaf233a000 	C:\WINDOWS\SYSTEM32\WINHTTP.dll
0x00007ffaf9fe0000 - 0x00007ffafa04a000 	C:\WINDOWS\system32\mswsock.dll
0x00007ffaf38e0000 - 0x00007ffaf38f6000 	C:\Users\Dimas Prasetyo\.jdks\corretto-21.0.2\bin\nio.dll
0x00007ffaf5b50000 - 0x00007ffaf5b6a000 	C:\Program Files\JetBrains\IntelliJ IDEA Community Edition 2023.3.4\bin\breakgen64.dll
0x00007ffaf3d00000 - 0x00007ffaf3d09000 	C:\Users\Dimas Prasetyo\.jdks\corretto-21.0.2\bin\extnet.dll

dbghelp: loaded successfully - version: 4.0.5 - missing functions: none
symbol engine: initialized successfully - sym options: 0x614 - pdb path: .;C:\Users\Dimas Prasetyo\.jdks\corretto-21.0.2\bin;C:\WINDOWS\SYSTEM32;C:\WINDOWS\WinSxS\amd64_microsoft.windows.common-controls_6595b64144ccf1df_6.0.19041.3636_none_60b6a03d71f818d5;C:\Users\Dimas Prasetyo\.jdks\corretto-21.0.2\bin\server;C:\Program Files\JetBrains\IntelliJ IDEA Community Edition 2023.3.4\bin

VM Arguments:
jvm_args: -javaagent:C:\Program Files\JetBrains\IntelliJ IDEA Community Edition 2023.3.4\lib\idea_rt.jar=59368:C:\Program Files\JetBrains\IntelliJ IDEA Community Edition 2023.3.4\bin -Dfile.encoding=UTF-8 -Dsun.stdout.encoding=UTF-8 -Dsun.stderr.encoding=UTF-8 
java_command: com.Library.LibrarySystem.LibraryApplication
java_class_path (initial): C:\Users\Dimas Prasetyo\IdeaProjects\Library\out\production\classes;C:\Users\Dimas Prasetyo\IdeaProjects\Library\out\production\resources;C:\Users\Dimas Prasetyo\.gradle\caches\modules-2\files-2.1\io.jsonwebtoken\jjwt\0.2\91e12a0c77d8ea7dc97c60e3db85659325dd2e93\jjwt-0.2.jar;C:\Users\Dimas Prasetyo\.gradle\caches\modules-2\files-2.1\org.springframework.boot\spring-boot-starter-security\3.1.9\4a9a1fca9eed0697ed30a5eb5d8253535209e89\spring-boot-starter-security-3.1.9.jar;C:\Users\Dimas Prasetyo\.gradle\caches\modules-2\files-2.1\org.springframework.security\spring-security-web\6.1.7\92a0134d81ab0690096c80677181953a931f4435\spring-security-web-6.1.7.jar;C:\Users\Dimas Prasetyo\.gradle\caches\modules-2\files-2.1\org.springframework.security\spring-security-config\6.0.7\4e7af44dc553f165a32352b01ef77e90e7b4850e\spring-security-config-6.0.7.jar;C:\Users\Dimas Prasetyo\.gradle\caches\modules-2\files-2.1\org.springframework.boot\spring-boot-starter-data-jpa\3.1.9\f251691cb95745be08ba47441ce0344042ebfb65\spring-boot-starter-data-jpa-3.1.9.jar;C:\Users\Dimas Prasetyo\.gradle\caches\modules-2\files-2.1\org.springframework.boot\spring-boot-starter-web\3.1.9\7ea1ecd7704508ecd7a00e5b64693de59505a519\spring-boot-starter-web-3.1.9.jar;C:\Users\Dimas Prasetyo\.gradle\caches\modules-2\files-2.1\org.flywaydb\flyway-core\9.16.3\ea75bff08a52e6489a3f0b92e913061ff9e9edb3\flyway-core-9.16.3.jar;C:\Users\Dimas Prasetyo\.gradle\caches\modules-2\files-2.1\org.mapstruct\mapstruct\1.5.5.Final\2ca3cbe39b6e9ea8d5ea521965a89bef2a1e8eeb\mapstruct-1.5.5.Final.jar;C:\Users\Dimas Prasetyo\.gradle\caches\modules-2\files-2.1\org.slf4j\slf4j-api\2.0.12\48f109a2a6d8f446c794f3e3fa0d86df0cdfa312\slf4j-api-2.0.12.jar;C:\Users\Dimas Prasetyo\.gradle\caches\modules-2\files-2.1\com.fasterxml.jackson.core\jackson-databind\2.15.4\560309fc381f77d4d15c4a4cdaa0db5025c4fd13\jackson-databind-2.15.4.jar;C:\Users\Dimas Prasetyo\.gradle\caches\modules-2\files-2.1\org.springframework.boot\spring-boot-starter\3.1.9\e07c486f82a78b02a76ed32abcfdb3468be133f1\spring-boot-starter-3.1.9.jar;C:\Users\Dimas Prasetyo\.gradle\caches\modules-2\files-2.1\org.springframework\spring-aop\6.0.17\6c3643e18a0ec35ea04327e7b4cf1c873237d038\spring-aop-6.0.17.jar;C:\Users\Dimas Prasetyo\.gradle\caches\modules-2\files-2.1\org.springframework.security\spring-security-core\6.1.7\a08ac89815d952ea70ac1dd351643974cd08ee7c\spring-security-core-6.1.7.jar;C:\Users\Dimas Prasetyo\.gradle\caches\modules-2\files-2.1\org.springframework\spring-context\6.0.17\f39ba5885f9733b674d9e22ea7a4b77656527619\spring-context-6.0.17.jar;C:\Users\Dimas Prasetyo\.gradle\caches\modules-2\files-2.1\org.springframework\spring-web\6.0.17\3b66acdf26e0080cd1858b596884dcce062db9d6\spring-web-6.0.17.jar;C:\Users\Dimas Prasetyo\.gradle\caches\modules-2\files-2.1\org.springframework\spring-beans\6.0.17\bf9be8bd122809fbd14f6f1ec4a5470483ace10b\spring-beans-6.0.17.jar;C:\Users\Dimas Prasetyo\.gradle\caches\modules-2\files-2.1\org.springframework\spring-expression\6.0.17\50869c71d9d520ce43ef34cbcf8143c3cfb670af\spring-expression-6.0.17.jar;C:\Users\Dimas Prasetyo\.gradle\caches\modules-2\files-2.1\org.springframework\spring-core\6.0.17\15700dfbfa57e7c57f823ce3adb1c6c8f7ad1886\spring-core-6.0.17.jar;C:\Users\Dimas Prasetyo\.gradle\caches\modules-2\files-2.1\org.springframework.data\spring-data-jpa\3.1.9\267fb8aca820a8e6e4f0e3fc8f34d0af91129456\spring-data-jpa-3.1.9.jar;C:\Users\Dimas Prasetyo\.gradle\caches\modules-2\files-2.1\org.springframework.boot\spring-boot-starter-jdbc\3.1.9\d44c66826557dc6cab258466925c34c61a3bedbd\spring-boot-starter-jdbc-3.1.9.jar;C:\Users\Dimas Prasetyo\.gradle\caches\modules-2\files-2.1\org.springframework.boot\spring-boot-starter-aop\3.1.9\1e104256649c29cfb4692b38151373a734063b8f\spring-boot-starter-aop-3.1.9.jar;C:\Users\Dimas Prasetyo\.gradle\caches\modules-2\files-2.1\org.hibernate.orm\hibernate-core\6.2.22.Final\d4abafd87b2cf00c58886de529545fb36dcdc2b3\hibernate-core-6.2.22.Final.jar;C:\Users\Dimas Prasetyo\.gradle\caches\modules-2\files-2.1\org.springframework\spring-aspects\6.0.17\fe933b2bf3f567cd7c99aa239645a00d92cd806b\spring-aspects-6.0.17.jar;C:\Users\Dimas Prasetyo\.gradle\caches\modules-2\files-2.1\org.springframework.boot\spring-boot-starter-json\3.1.9\778e031165c638306fda1b3124037c3a0f83730e\spring-boot-starter-json-3.1.9.jar;C:\Users\Dimas Prasetyo\.gradle\caches\modules-2\files-2.1\org.springframework\spring-webmvc\6.0.17\1de9f44a949e25f3095b33c0a13a0c3bb5151152\spring-webmvc-6.0.17.jar;C:\Users\Dimas Prasetyo\.gradle\caches\modules-2\files-2.1\org.springframework.boot\spring-boot-starter-tomcat\3.1.9\aef0b221131ea118a230e35949f707d4b09e770b\spring-boot-starter-tomcat-3.1.9.jar;C:\Users\Dimas Prasetyo\.gradle\caches\modules-2\files-2.1\com.fasterxml.jackson.dataformat\jackson-dataformat-toml\2.15.4\4dde0126d9484603cd1b98e9654827697e16fce\jackson-dataformat-toml-2.15.4.jar;C:\Users\Dimas Prasetyo\.gradle\caches\modules-2\files-2.1\org.apache.commons\commons-text\1.10.0\3363381aef8cef2dbc1023b3e3a9433b08b64e01\commons-text-1.10.0.jar;C:\Users\Dimas Prasetyo\.gradle\caches\modules-2\files-2.1\com.fasterxml.jackson.core\jackson-annotations\2.15.4\5223ea5a9bf52cdc9c5e537a0e52f2432eaf208b\jackson-annotations-2.15.4.jar;C:\Users\Dimas Prasetyo\.gradle\caches\modules-2\files-2.1\com.fasterxml.jackson.core\jackson-core\2.15.4\aebe84b45360debad94f692a4074c6aceb535fa0\jackson-core-2.15.4.jar;C:\Users\Dimas Prasetyo\.gradle\caches\modules-2\files-2.1\org.springframework.boot\spring-boot-starter-logging\3.1.9\86a1ba273d9b3d11cb5b5378e6db24fd06adac1d\spring-boot-starter-logging-3.1.9.jar;C:\Users\Dimas Prasetyo\.gradle\caches\modules-2\files-2.1\org.springframework.boot\spring-boot-autoconfigure\3.1.9\19aea657369f6764bf589ffe89d3b8ff892d8329\spring-boot-autoconfigure-3.1.9.jar;C:\Users\Dimas Prasetyo\.gradle\caches\modules-2\files-2.1\org.springframework.boot\spring-boot\3.1.9\911b391d5c744249e4e27eedb797f6b18d865de2\spring-boot-3.1.9.jar;C:\Users\Dimas Prasetyo\.gradle\caches\modules-2\files-2.1\jakarta.annotation\jakarta.annotation-api\2.1.1\48b9bda22b091b1f48b13af03fe36db3be6e1ae3\jakarta.annotation-api-2.1.1.jar;C:\Users\Dimas Prasetyo\.gradle\caches\modules-2\files-2.1\org.yaml\snakeyaml\1.33\2cd0a87ff7df953f810c344bdf2fe3340b954c69\snakeyaml-1.33.jar;C:\Users\Dimas Prasetyo\.gradle\caches\modules-2\files-2.1\org.springframework.security\spring-security-crypto\6.1.7\eb5f3ece715d7a6edc0728c7b2fba77b5861f0e9\spring-security-crypto-6.1.7.jar;C:\Users\Dimas Prasetyo\.gradle\caches\modules-2\files-2.1\io.micrometer\micrometer-observation\1.11.9\c5a70415284dd3cf08e20a2a4c339503be750813\micrometer-observation-1.11.9.jar;C:\Users\Dimas Prasetyo\.gradle\caches\modules-2\files-2.1\org.springframework\spring-jcl\6.0.17\2364a28adbc69fbd948918a6aff335461a35f6d9\spring-jcl-6.0.17.jar;C:\Users\Dimas Prasetyo\.gradle\caches\modules-2\files-2.1\org.springframework.data\spring-data-commons\3.1.9\77511baeb0bae929e11dbb952df6dcbb29f1a525\spring-data-commons-3.1.9.jar;C:\Users\Dimas Prasetyo\.gradle\caches\modules-2\files-2.1\org.springframework\spring-orm\6.0.17\993ea3b23063c0a0438a910a28f3e4eb4cc7cc80\spring-orm-6.0.17.jar;C:\Users\Dimas Prasetyo\.gradle\caches\modules-2\files-2.1\org.springframework\spring-tx\6.0.17\dc1dabdb67815062da8835dfbd95a14dbc1e7bbd\spring-tx-6.0.17.jar;C:\Users\Dimas Prasetyo\.gradle\caches\modules-2\files-2.1\org.antlr\antlr4-runtime\4.10.1\10839f875928f59c622d675091d51a43ea0dc5f7\antlr4-runtime-4.10.1.jar;C:\Users\Dimas Prasetyo\.gradle\caches\modules-2\files-2.1\com.zaxxer\HikariCP\5.0.1\a74c7f0a37046846e88d54f7cb6ea6d565c65f9c\HikariCP-5.0.1.jar;C:\Users\Dimas Prasetyo\.gradle\caches\modules-2\files-2.1\org.springframework\spring-jdbc\6.0.17\8060275161ba07c19f6487169db9a124c139e0ae\spring-jdbc-6.0.17.jar;C:\Users\Dimas Prasetyo\.gradle\caches\modules-2\files-2.1\org.aspectj\aspectjweaver\1.9.21\beaabaea95c7f3330f415c72ee0ffe79b51d172f\aspectjweaver-1.9.21.jar;C:\Users\Dimas Prasetyo\.gradle\caches\modules-2\files-2.1\jakarta.persistence\jakarta.persistence-api\3.1.0\66901fa1c373c6aff65c13791cc11da72060a8d6\jakarta.persistence-api-3.1.0.jar;C:\Users\Dimas Prasetyo\.gradle\caches\modules-2\files-2.1\jakarta.transaction\jakarta.transaction-api\2.0.1\51a520e3fae406abb84e2e1148e6746ce3f80a1a\jakarta.transaction-api-2.0.1.jar;C:\Users\Dimas Prasetyo\.gradle\caches\modules-2\files-2.1\com.fasterxml.jackson.datatype\jackson-datatype-jsr310\2.15.4\7de629770a4559db57128d35ccae7d2fddd35db3\jackson-datatype-jsr310-2.15.4.jar;C:\Users\Dimas Prasetyo\.gradle\caches\modules-2\files-2.1\com.fasterxml.jackson.datatype\jackson-datatype-jdk8\2.15.4\694777f182334a21bf1aeab1b04cc4398c801f3f\jackson-datatype-jdk8-2.15.4.jar;C:\Users\Dimas Prasetyo\.gradle\caches\modules-2\files-2.1\com.fasterxml.jackson.module\jackson-module-parameter-names\2.15.4\e654497a08359db2521b69b5f710e00836915d8c\jackson-module-parameter-names-2.15.4.jar;C:\Users\Dimas Prasetyo\.gradle\caches\modules-2\files-2.1\org.apache.tomcat.embed\tomcat-embed-websocket\10.1.19\adf4710fac2471236f8a466ca678cdf7e6a8257c\tomcat-embed-websocket-10.1.19.jar;C:\Users\Dimas Prasetyo\.gradle\caches\modules-2\files-2.1\org.apache.tomcat.embed\tomcat-embed-core\10.1.19\3dbbca8acbd4dd6a137c3d6f934a2931512b42ce\tomcat-embed-core-10.1.19.jar;C:\Users\Dimas Prasetyo\.gradle\caches\modules-2\files-2.1\org.apache.tomcat.embed\tomcat-embed-el\10.1.19\c61a582c391aca130884a5421deedfe1a96c7415\tomcat-embed-el-10.1.19.jar;C:\Users\Dimas Prasetyo\.gradle\caches\modules-2\files-2.1\org.apache.commons\commons-lang3\3.12.0\c6842c86792ff03b9f1d1fe2aab8dc23aa6c6f0e\commons-lang3-3.12.0.jar;C:\Users\Dimas Prasetyo\.gradle\caches\modules-2\files-2.1\ch.qos.logback\logback-classic\1.4.14\d98bc162275134cdf1518774da4a2a17ef6fb94d\logback-classic-1.4.14.jar;C:\Users\Dimas Prasetyo\.gradle\caches\modules-2\files-2.1\org.apache.logging.log4j\log4j-to-slf4j\2.20.0\d37f81f8978e2672bc32c82712ab4b3f66624adc\log4j-to-slf4j-2.20.0.jar;C:\Users\Dimas Prasetyo\.gradle\caches\modules-2\files-2.1\org.slf4j\jul-to-slf4j\2.0.12\eb5f48f782b41cc881b0bf1fb4d88ae2ff6d5b93\jul-to-slf4j-2.0.12.jar;C:\Users\Dimas Prasetyo\.gradle\caches\modules-2\files-2.1\io.micrometer\micrometer-commons\1.11.9\f90f94d38bb351c0b165981303898106bcd8cc36\micrometer-commons-1.11.9.jar;C:\Users\Dimas Prasetyo\.gradle\caches\modules-2\files-2.1\ch.qos.logback\logback-core\1.4.14\4d3c2248219ac0effeb380ed4c5280a80bf395e8\logback-core-1.4.14.jar;C:\Users\Dimas Prasetyo\.gradle\caches\modules-2\files-2.1\org.apache.logging.log4j\log4j-api\2.20.0\1fe6082e660daf07c689a89c94dc0f49c26b44bb\log4j-api-2.20.0.jar;C:\Users\Dimas Prasetyo\.gradle\caches\modules-2\files-2.1\org.postgresql\postgresql\42.6.1\aded708fdd722a277ebce49c29c3c6fa0703420\postgresql-42.6.1.jar;C:\Users\Dimas Prasetyo\.gradle\caches\modules-2\files-2.1\org.checkerframework\checker-qual\3.31.0\eeefd4af42e2f4221d145c1791582f91868f99ab\checker-qual-3.31.0.jar;C:\Users\Dimas Prasetyo\.gradle\caches\modules-2\files-2.1\org.jboss.logging\jboss-logging\3.5.3.Final\c88fc1d8a96d4c3491f55d4317458ccad53ca663\jboss-logging-3.5.3.Final.jar;C:\Users\Dimas Prasetyo\.gradle\caches\modules-2\files-2.1\org.hibernate.common\hibernate-commons-annotations\6.0.6.Final\77a5f94b56d49508e0ee334751db5b78e5ccd50c\hibernate-commons-annotations-6.0.6.Final.jar;C:\Users\Dimas Prasetyo\.gradle\caches\modules-2\files-2.1\io.smallrye\jandex\3.0.5\c548a4871b552292dbdd65409d3fda145c8925c1\jandex-3.0.5.jar;C:\Users\Dimas Prasetyo\.gradle\caches\modules-2\files-2.1\com.fasterxml\classmate\1.5.1\3fe0bed568c62df5e89f4f174c101eab25345b6c\classmate-1.5.1.jar;C:\Users\Dimas Prasetyo\.gradle\caches\modules-2\files-2.1\net.bytebuddy\byte-buddy\1.14.12\6e37f743dc15a8d7a4feb3eb0025cbc612d5b9e1\byte-buddy-1.14.12.jar;C:\Users\Dimas Prasetyo\.gradle\caches\modules-2\files-2.1\org.glassfish.jaxb\jaxb-runtime\4.0.4\7180c50ef8bd127bb1dd645458b906cffcf6c2b5\jaxb-runtime-4.0.4.jar;C:\Users\Dimas Prasetyo\.gradle\caches\modules-2\files-2.1\jakarta.xml.bind\jakarta.xml.bind-api\4.0.1\ca2330866cbc624c7e5ce982e121db1125d23e15\jakarta.xml.bind-api-4.0.1.jar;C:\Users\Dimas Prasetyo\.gradle\caches\modules-2\files-2.1\jakarta.inject\jakarta.inject-api\2.0.1\4c28afe1991a941d7702fe1362c365f0a8641d1e\jakarta.inject-api-2.0.1.jar;C:\Users\Dimas Prasetyo\.gradle\caches\modules-2\files-2.1\org.glassfish.jaxb\jaxb-core\4.0.4\2d5aadd02af86f1e9d8c6f7e8501673f915d4e25\jaxb-core-4.0.4.jar;C:\Users\Dimas Prasetyo\.gradle\caches\modules-2\files-2.1\jakarta.activation\jakarta.activation-api\2.1.2\640c0d5aff45dbff1e1a1bc09673ff3a02b1ba12\jakarta.activation-api-2.1.2.jar;C:\Users\Dimas Prasetyo\.gradle\caches\modules-2\files-2.1\org.eclipse.angus\angus-activation\2.0.1\eaafaf4eb71b400e4136fc3a286f50e34a68ecb7\angus-activation-2.0.1.jar;C:\Users\Dimas Prasetyo\.gradle\caches\modules-2\files-2.1\org.glassfish.jaxb\txw2\4.0.4\cfd2bcf08782673ac370694fdf2cf76dbaa607ef\txw2-4.0.4.jar;C:\Users\Dimas Prasetyo\.gradle\caches\modules-2\files-2.1\com.sun.istack\istack-commons-runtime\4.1.2\18ec117c85f3ba0ac65409136afa8e42bc74e739\istack-commons-runtime-4.1.2.jar
Launcher Type: SUN_STANDARD

[Global flags]
     intx CICompilerCount                          = 4                                         {product} {ergonomic}
     uint ConcGCThreads                            = 3                                         {product} {ergonomic}
     uint G1ConcRefinementThreads                  = 10                                        {product} {ergonomic}
   size_t G1HeapRegionSize                         = 2097152                                   {product} {ergonomic}
    uintx GCDrainStackTargetSize                   = 64                                        {product} {ergonomic}
   size_t InitialHeapSize                          = 266338304                                 {product} {ergonomic}
   size_t MarkStackSize                            = 4194304                                   {product} {ergonomic}
   size_t MaxHeapSize                              = 4253024256                                {product} {ergonomic}
   size_t MaxNewSize                               = 2550136832                                {product} {ergonomic}
   size_t MinHeapDeltaBytes                        = 2097152                                   {product} {ergonomic}
   size_t MinHeapSize                              = 8388608                                   {product} {ergonomic}
    uintx NonNMethodCodeHeapSize                   = 5839372                                {pd product} {ergonomic}
    uintx NonProfiledCodeHeapSize                  = 122909434                              {pd product} {ergonomic}
    uintx ProfiledCodeHeapSize                     = 122909434                              {pd product} {ergonomic}
    uintx ReservedCodeCacheSize                    = 251658240                              {pd product} {ergonomic}
     bool SegmentedCodeCache                       = true                                      {product} {ergonomic}
   size_t SoftMaxHeapSize                          = 4253024256                             {manageable} {ergonomic}
     bool UseCompressedOops                        = true                           {product lp64_product} {ergonomic}
     bool UseG1GC                                  = true                                      {product} {ergonomic}
     bool UseLargePagesIndividualAllocation        = false                                  {pd product} {ergonomic}

Logging:
Log output configuration:
 #0: stdout all=warning uptime,level,tags foldmultilines=false
 #1: stderr all=off uptime,level,tags foldmultilines=false

Environment Variables:
PATH=C:\Program Files (x86)\NVIDIA Corporation\PhysX\Common;C:\WINDOWS\system32;C:\WINDOWS;C:\WINDOWS\System32\Wbem;C:\WINDOWS\System32\WindowsPowerShell\v1.0\;C:\WINDOWS\System32\OpenSSH\;C:\Program Files\Microsoft SQL Server\130\Tools\Binn\;C:\Program Files\Go\bin;C:\Program Files\nodejs\;C:\Program Files (x86)\Microsoft SQL Server\150\DTS\Binn\;C:\Program Files\Microsoft SQL Server\Client SDK\ODBC\130\Tools\Binn\;C:\Program Files (x86)\Microsoft SQL Server\140\Tools\Binn\;C:\Program Files\Microsoft SQL Server\140\Tools\Binn\;C:\Program Files\Microsoft SQL Server\140\DTS\Binn\;C:\Program Files\Git\cmd;C:\Users\Dimas Prasetyo\AppData\Local\Microsoft\WindowsApps;;C:\Users\Dimas Prasetyo\AppData\Local\Programs\Microsoft VS Code\bin;C:\Users\Dimas Prasetyo\go\bin;C:\Users\Dimas Prasetyo\AppData\Roaming\npm
USERNAME=Dimas Prasetyo
OS=Windows_NT
PROCESSOR_IDENTIFIER=Intel64 Family 6 Model 151 Stepping 2, GenuineIntel
TMP=C:\Users\DIMASP~1\AppData\Local\Temp
TEMP=C:\Users\DIMASP~1\AppData\Local\Temp




Periodic native trim disabled

---------------  S Y S T E M  ---------------

OS:
 Windows 10 , 64 bit Build 19041 (10.0.19041.3636)
OS uptime: 1 days 2:02 hours

CPU: total 12 (initial active 12) (6 cores per cpu, 2 threads per core) family 6 model 151 stepping 2 microcode 0x2c, cx8, cmov, fxsr, ht, mmx, 3dnowpref, sse, sse2, sse3, ssse3, sse4.1, sse4.2, popcnt, lzcnt, tsc, tscinvbit, avx, avx2, aes, erms, clmul, bmi1, bmi2, adx, sha, fma, vzeroupper, clflush, clflushopt, clwb, serialize, rdtscp, rdpid, fsrm, f16c, pku, cet_ibt, cet_ss
Processor Information for all 12 processors :
  Max Mhz: 2500, Current Mhz: 2500, Mhz Limit: 2500

Memory: 4k page, system-wide physical 16216M (3994M free)
TotalPageFile size 18264M (AvailPageFile size 5M)
current process WorkingSet (physical memory assigned to process): 118M, peak: 118M
current process commit charge ("private bytes"): 381M, peak: 381M

vm_info: OpenJDK 64-Bit Server VM (21.0.2+13-LTS) for windows-amd64 JRE (21.0.2+13-LTS), built on 2024-01-10T23:18:03Z by "Administrator" with MS VC++ 16.10 / 16.11 (VS2019)

END.
