#
# There is insufficient memory for the Java Runtime Environment to continue.
# Native memory allocation (malloc) failed to allocate 44976 bytes for Chunk::new
# Possible reasons:
#   The system is out of physical RAM or swap space
#   The process is running with CompressedOops enabled, and the Java Heap may be blocking the growth of the native heap
# Possible solutions:
#   Reduce memory load on the system
#   Increase physical memory or swap space
#   Check if swap backing store is full
#   Decrease Java heap size (-Xmx/-Xms)
#   Decrease number of Java threads
#   Decrease Java thread stack sizes (-Xss)
#   Set larger code cache with -XX:ReservedCodeCacheSize=
#   JVM is running with Zero Based Compressed Oops mode in which the Java heap is
#     placed in the first 32GB address space. The Java Heap base address is the
#     maximum limit for the native heap growth. Please use -XX:HeapBaseMinAddress
#     to set the Java Heap base and to place the Java Heap above 32GB virtual address.
# This output file may be truncated or incomplete.
#
#  Out of Memory Error (arena.cpp:168), pid=9000, tid=15272
#
# JRE version: OpenJDK Runtime Environment Corretto-21.0.2.13.1 (21.0.2+13) (build 21.0.2+13-LTS)
# Java VM: OpenJDK 64-Bit Server VM Corretto-21.0.2.13.1 (21.0.2+13-LTS, mixed mode, sharing, tiered, compressed oops, compressed class ptrs, g1 gc, windows-amd64)
# No core dump will be written. Minidumps are not enabled by default on client versions of Windows
#

---------------  S U M M A R Y ------------

Command Line: -javaagent:C:\Program Files\JetBrains\IntelliJ IDEA Community Edition 2023.3.4\lib\idea_rt.jar=58433:C:\Program Files\JetBrains\IntelliJ IDEA Community Edition 2023.3.4\bin -Dfile.encoding=UTF-8 -Dsun.stdout.encoding=UTF-8 -Dsun.stderr.encoding=UTF-8 com.Library.LibrarySystem.LibraryApplication

Host: 12th Gen Intel(R) Core(TM) i5-12400F, 12 cores, 15G,  Windows 10 , 64 bit Build 19041 (10.0.19041.3636)
Time: Sun Feb 25 00:07:12 2024 SE Asia Standard Time elapsed time: 0.548299 seconds (0d 0h 0m 0s)

---------------  T H R E A D  ---------------

Current thread (0x000002e162f2d700):  JavaThread "C2 CompilerThread0" daemon [_thread_in_native, id=15272, stack(0x000000fdf0600000,0x000000fdf0700000) (1024K)]


Current CompileTask:
C2:    548 1546       4       jdk.internal.loader.URLClassPath::getResource (74 bytes)

Stack: [0x000000fdf0600000,0x000000fdf0700000]
Native frames: (J=compiled Java code, j=interpreted, Vv=VM code, C=native code)
V  [jvm.dll+0x6d47f9]
V  [jvm.dll+0x8afff3]
V  [jvm.dll+0x8b234e]
V  [jvm.dll+0x8b2a33]
V  [jvm.dll+0x284e96]
V  [jvm.dll+0xc600d]
V  [jvm.dll+0xc6543]
V  [jvm.dll+0x2fa8cd]
V  [jvm.dll+0x387d7e]
V  [jvm.dll+0x24d3b2]
V  [jvm.dll+0x24c981]
V  [jvm.dll+0x1cbb54]
V  [jvm.dll+0x25bf99]
V  [jvm.dll+0x25a58b]
V  [jvm.dll+0x3f6106]
V  [jvm.dll+0x8586f8]
V  [jvm.dll+0x6d303d]
C  [ucrtbase.dll+0x21bb2]
C  [KERNEL32.DLL+0x17344]
C  [ntdll.dll+0x526b1]


---------------  P R O C E S S  ---------------

Threads class SMR info:
_java_thread_list=0x000002e16831ee20, length=15, elements={
0x000002e143a502c0, 0x000002e162f1fb50, 0x000002e162f215c0, 0x000002e162f22430,
0x000002e162f27200, 0x000002e163368090, 0x000002e163368f00, 0x000002e162f2d700,
0x000002e163373f00, 0x000002e16345cb40, 0x000002e1633745d0, 0x000002e163373830,
0x000002e1639594f0, 0x000002e163703810, 0x000002e16830cc30
}

Java Threads: ( => current thread )
  0x000002e143a502c0 JavaThread "main"                              [_thread_in_vm, id=16000, stack(0x000000fdef800000,0x000000fdef900000) (1024K)]
  0x000002e162f1fb50 JavaThread "Reference Handler"          daemon [_thread_blocked, id=14852, stack(0x000000fdf0000000,0x000000fdf0100000) (1024K)]
  0x000002e162f215c0 JavaThread "Finalizer"                  daemon [_thread_blocked, id=22228, stack(0x000000fdf0100000,0x000000fdf0200000) (1024K)]
  0x000002e162f22430 JavaThread "Signal Dispatcher"          daemon [_thread_blocked, id=17336, stack(0x000000fdf0200000,0x000000fdf0300000) (1024K)]
  0x000002e162f27200 JavaThread "Attach Listener"            daemon [_thread_blocked, id=21788, stack(0x000000fdf0300000,0x000000fdf0400000) (1024K)]
  0x000002e163368090 JavaThread "Service Thread"             daemon [_thread_blocked, id=6676, stack(0x000000fdf0400000,0x000000fdf0500000) (1024K)]
  0x000002e163368f00 JavaThread "Monitor Deflation Thread"   daemon [_thread_blocked, id=16728, stack(0x000000fdf0500000,0x000000fdf0600000) (1024K)]
=>0x000002e162f2d700 JavaThread "C2 CompilerThread0"         daemon [_thread_in_native, id=15272, stack(0x000000fdf0600000,0x000000fdf0700000) (1024K)]
  0x000002e163373f00 JavaThread "C1 CompilerThread0"         daemon [_thread_blocked, id=21272, stack(0x000000fdf0700000,0x000000fdf0800000) (1024K)]
  0x000002e16345cb40 JavaThread "Common-Cleaner"             daemon [_thread_blocked, id=11500, stack(0x000000fdf0800000,0x000000fdf0900000) (1024K)]
  0x000002e1633745d0 JavaThread "C2 CompilerThread1"         daemon [_thread_blocked, id=10892, stack(0x000000fdf0900000,0x000000fdf0a00000) (1024K)]
  0x000002e163373830 JavaThread "C2 CompilerThread2"         daemon [_thread_blocked, id=13144, stack(0x000000fdf0a00000,0x000000fdf0b00000) (1024K)]
  0x000002e1639594f0 JavaThread "Monitor Ctrl-Break"         daemon [_thread_in_native, id=11128, stack(0x000000fdf0b00000,0x000000fdf0c00000) (1024K)]
  0x000002e163703810 JavaThread "Notification Thread"        daemon [_thread_blocked, id=22176, stack(0x000000fdf0c00000,0x000000fdf0d00000) (1024K)]
  0x000002e16830cc30 JavaThread "background-preinit"                [_thread_in_vm, id=19116, stack(0x000000fdf1200000,0x000000fdf1300000) (1024K)]
Total: 15

Other Threads:
  0x000002e162efff40 VMThread "VM Thread"                           [id=10332, stack(0x000000fdeff00000,0x000000fdf0000000) (1024K)]
  0x000002e162ee7040 WatcherThread "VM Periodic Task Thread"        [id=12260, stack(0x000000fdefe00000,0x000000fdeff00000) (1024K)]
  0x000002e143ab7300 WorkerThread "GC Thread#0"                     [id=22136, stack(0x000000fdef900000,0x000000fdefa00000) (1024K)]
  0x000002e163e9b440 WorkerThread "GC Thread#1"                     [id=13520, stack(0x000000fdf0d00000,0x000000fdf0e00000) (1024K)]
  0x000002e1681d9e10 WorkerThread "GC Thread#2"                     [id=20068, stack(0x000000fdf0e00000,0x000000fdf0f00000) (1024K)]
  0x000002e1681da1b0 WorkerThread "GC Thread#3"                     [id=18136, stack(0x000000fdf0f00000,0x000000fdf1000000) (1024K)]
  0x000002e1681da960 WorkerThread "GC Thread#4"                     [id=16792, stack(0x000000fdf1000000,0x000000fdf1100000) (1024K)]
  0x000002e1681dad00 WorkerThread "GC Thread#5"                     [id=5444, stack(0x000000fdf1100000,0x000000fdf1200000) (1024K)]
  0x000002e143ac8020 ConcurrentGCThread "G1 Main Marker"            [id=21344, stack(0x000000fdefa00000,0x000000fdefb00000) (1024K)]
  0x000002e143ac8930 WorkerThread "G1 Conc#0"                       [id=19276, stack(0x000000fdefb00000,0x000000fdefc00000) (1024K)]
  0x000002e162dbc9d0 ConcurrentGCThread "G1 Refine#0"               [id=12552, stack(0x000000fdefc00000,0x000000fdefd00000) (1024K)]
  0x000002e162dbe200 ConcurrentGCThread "G1 Service"                [id=19832, stack(0x000000fdefd00000,0x000000fdefe00000) (1024K)]
Total: 12

Threads with active compile tasks:
C2 CompilerThread0      553 1546       4       jdk.internal.loader.URLClassPath::getResource (74 bytes)
Total: 1

VM state: not at safepoint (normal execution)

VM Mutex/Monitor currently owned by a thread:  ([mutex/lock_event])
[0x00007ffa9a6ae0b8] Metaspace_lock - owner thread: 0x000002e143a502c0

Heap address: 0x0000000702800000, size: 4056 MB, Compressed Oops mode: Zero based, Oop shift amount: 3

CDS archive(s) mapped at: [0x000002e100000000-0x000002e100c90000-0x000002e100c90000), size 13172736, SharedBaseAddress: 0x000002e100000000, ArchiveRelocationMode: 1.
Compressed class space mapped at: 0x000002e101000000-0x000002e141000000, reserved size: 1073741824
Narrow klass base: 0x000002e100000000, Narrow klass shift: 0, Narrow klass range: 0x100000000

GC Precious Log:
 CardTable entry size: 512
 Card Set container configuration: InlinePtr #cards 4 size 8 Array Of Cards #cards 16 size 48 Howl #buckets 8 coarsen threshold 3686 Howl Bitmap #cards 512 size 80 coarsen threshold 460 Card regions per heap region 1 cards per card region 4096
 CPUs: 12 total, 12 available
 Memory: 16216M
 Large Page Support: Disabled
 NUMA Support: Disabled
 Compressed Oops: Enabled (Zero based)
 Heap Region Size: 2M
 Heap Min Capacity: 8M
 Heap Initial Capacity: 254M
 Heap Max Capacity: 4056M
 Pre-touch: Disabled
 Parallel Workers: 10
 Concurrent Workers: 3
 Concurrent Refinement Workers: 10
 Periodic GC: Disabled

Heap:
 garbage-first heap   total 260096K, used 19169K [0x0000000702800000, 0x0000000800000000)
  region size 2048K, 9 young (18432K), 2 survivors (4096K)
 Metaspace       used 9437K, committed 9664K, reserved 1114112K
  class space    used 1150K, committed 1280K, reserved 1048576K

Heap Regions: E=young(eden), S=young(survivor), O=old, HS=humongous(starts), HC=humongous(continues), CS=collection set, F=free, TAMS=top-at-mark-start, PB=parsable bottom
|   0|0x0000000702800000, 0x0000000702a00000, 0x0000000702a00000|100%| O|  |TAMS 0x0000000702800000| PB 0x0000000702800000| Untracked 
|   1|0x0000000702a00000, 0x0000000702ab8630, 0x0000000702c00000| 36%| O|  |TAMS 0x0000000702a00000| PB 0x0000000702a00000| Untracked 
|   2|0x0000000702c00000, 0x0000000702c00000, 0x0000000702e00000|  0%| F|  |TAMS 0x0000000702c00000| PB 0x0000000702c00000| Untracked 
|   3|0x0000000702e00000, 0x0000000702e00000, 0x0000000703000000|  0%| F|  |TAMS 0x0000000702e00000| PB 0x0000000702e00000| Untracked 
|   4|0x0000000703000000, 0x0000000703000000, 0x0000000703200000|  0%| F|  |TAMS 0x0000000703000000| PB 0x0000000703000000| Untracked 
|   5|0x0000000703200000, 0x0000000703200000, 0x0000000703400000|  0%| F|  |TAMS 0x0000000703200000| PB 0x0000000703200000| Untracked 
|   6|0x0000000703400000, 0x0000000703400000, 0x0000000703600000|  0%| F|  |TAMS 0x0000000703400000| PB 0x0000000703400000| Untracked 
|   7|0x0000000703600000, 0x0000000703600000, 0x0000000703800000|  0%| F|  |TAMS 0x0000000703600000| PB 0x0000000703600000| Untracked 
|   8|0x0000000703800000, 0x0000000703800000, 0x0000000703a00000|  0%| F|  |TAMS 0x0000000703800000| PB 0x0000000703800000| Untracked 
|   9|0x0000000703a00000, 0x0000000703a00000, 0x0000000703c00000|  0%| F|  |TAMS 0x0000000703a00000| PB 0x0000000703a00000| Untracked 
|  10|0x0000000703c00000, 0x0000000703c00000, 0x0000000703e00000|  0%| F|  |TAMS 0x0000000703c00000| PB 0x0000000703c00000| Untracked 
|  11|0x0000000703e00000, 0x0000000703e00000, 0x0000000704000000|  0%| F|  |TAMS 0x0000000703e00000| PB 0x0000000703e00000| Untracked 
|  12|0x0000000704000000, 0x0000000704000000, 0x0000000704200000|  0%| F|  |TAMS 0x0000000704000000| PB 0x0000000704000000| Untracked 
|  13|0x0000000704200000, 0x0000000704200000, 0x0000000704400000|  0%| F|  |TAMS 0x0000000704200000| PB 0x0000000704200000| Untracked 
|  14|0x0000000704400000, 0x0000000704400000, 0x0000000704600000|  0%| F|  |TAMS 0x0000000704400000| PB 0x0000000704400000| Untracked 
|  15|0x0000000704600000, 0x0000000704600000, 0x0000000704800000|  0%| F|  |TAMS 0x0000000704600000| PB 0x0000000704600000| Untracked 
|  16|0x0000000704800000, 0x0000000704800000, 0x0000000704a00000|  0%| F|  |TAMS 0x0000000704800000| PB 0x0000000704800000| Untracked 
|  17|0x0000000704a00000, 0x0000000704a00000, 0x0000000704c00000|  0%| F|  |TAMS 0x0000000704a00000| PB 0x0000000704a00000| Untracked 
|  18|0x0000000704c00000, 0x0000000704c00000, 0x0000000704e00000|  0%| F|  |TAMS 0x0000000704c00000| PB 0x0000000704c00000| Untracked 
|  19|0x0000000704e00000, 0x0000000704e00000, 0x0000000705000000|  0%| F|  |TAMS 0x0000000704e00000| PB 0x0000000704e00000| Untracked 
|  20|0x0000000705000000, 0x0000000705000000, 0x0000000705200000|  0%| F|  |TAMS 0x0000000705000000| PB 0x0000000705000000| Untracked 
|  21|0x0000000705200000, 0x0000000705200000, 0x0000000705400000|  0%| F|  |TAMS 0x0000000705200000| PB 0x0000000705200000| Untracked 
|  22|0x0000000705400000, 0x0000000705400000, 0x0000000705600000|  0%| F|  |TAMS 0x0000000705400000| PB 0x0000000705400000| Untracked 
|  23|0x0000000705600000, 0x0000000705600000, 0x0000000705800000|  0%| F|  |TAMS 0x0000000705600000| PB 0x0000000705600000| Untracked 
|  24|0x0000000705800000, 0x0000000705800000, 0x0000000705a00000|  0%| F|  |TAMS 0x0000000705800000| PB 0x0000000705800000| Untracked 
|  25|0x0000000705a00000, 0x0000000705a00000, 0x0000000705c00000|  0%| F|  |TAMS 0x0000000705a00000| PB 0x0000000705a00000| Untracked 
|  26|0x0000000705c00000, 0x0000000705c00000, 0x0000000705e00000|  0%| F|  |TAMS 0x0000000705c00000| PB 0x0000000705c00000| Untracked 
|  27|0x0000000705e00000, 0x0000000705e00000, 0x0000000706000000|  0%| F|  |TAMS 0x0000000705e00000| PB 0x0000000705e00000| Untracked 
|  28|0x0000000706000000, 0x0000000706000000, 0x0000000706200000|  0%| F|  |TAMS 0x0000000706000000| PB 0x0000000706000000| Untracked 
|  29|0x0000000706200000, 0x0000000706200000, 0x0000000706400000|  0%| F|  |TAMS 0x0000000706200000| PB 0x0000000706200000| Untracked 
|  30|0x0000000706400000, 0x0000000706400000, 0x0000000706600000|  0%| F|  |TAMS 0x0000000706400000| PB 0x0000000706400000| Untracked 
|  31|0x0000000706600000, 0x0000000706600000, 0x0000000706800000|  0%| F|  |TAMS 0x0000000706600000| PB 0x0000000706600000| Untracked 
|  32|0x0000000706800000, 0x0000000706800000, 0x0000000706a00000|  0%| F|  |TAMS 0x0000000706800000| PB 0x0000000706800000| Untracked 
|  33|0x0000000706a00000, 0x0000000706a00000, 0x0000000706c00000|  0%| F|  |TAMS 0x0000000706a00000| PB 0x0000000706a00000| Untracked 
|  34|0x0000000706c00000, 0x0000000706c00000, 0x0000000706e00000|  0%| F|  |TAMS 0x0000000706c00000| PB 0x0000000706c00000| Untracked 
|  35|0x0000000706e00000, 0x0000000706e00000, 0x0000000707000000|  0%| F|  |TAMS 0x0000000706e00000| PB 0x0000000706e00000| Untracked 
|  36|0x0000000707000000, 0x0000000707000000, 0x0000000707200000|  0%| F|  |TAMS 0x0000000707000000| PB 0x0000000707000000| Untracked 
|  37|0x0000000707200000, 0x0000000707200000, 0x0000000707400000|  0%| F|  |TAMS 0x0000000707200000| PB 0x0000000707200000| Untracked 
|  38|0x0000000707400000, 0x0000000707400000, 0x0000000707600000|  0%| F|  |TAMS 0x0000000707400000| PB 0x0000000707400000| Untracked 
|  39|0x0000000707600000, 0x0000000707600000, 0x0000000707800000|  0%| F|  |TAMS 0x0000000707600000| PB 0x0000000707600000| Untracked 
|  40|0x0000000707800000, 0x0000000707800000, 0x0000000707a00000|  0%| F|  |TAMS 0x0000000707800000| PB 0x0000000707800000| Untracked 
|  41|0x0000000707a00000, 0x0000000707a00000, 0x0000000707c00000|  0%| F|  |TAMS 0x0000000707a00000| PB 0x0000000707a00000| Untracked 
|  42|0x0000000707c00000, 0x0000000707c00000, 0x0000000707e00000|  0%| F|  |TAMS 0x0000000707c00000| PB 0x0000000707c00000| Untracked 
|  43|0x0000000707e00000, 0x0000000707e00000, 0x0000000708000000|  0%| F|  |TAMS 0x0000000707e00000| PB 0x0000000707e00000| Untracked 
|  44|0x0000000708000000, 0x0000000708000000, 0x0000000708200000|  0%| F|  |TAMS 0x0000000708000000| PB 0x0000000708000000| Untracked 
|  45|0x0000000708200000, 0x0000000708200000, 0x0000000708400000|  0%| F|  |TAMS 0x0000000708200000| PB 0x0000000708200000| Untracked 
|  46|0x0000000708400000, 0x0000000708400000, 0x0000000708600000|  0%| F|  |TAMS 0x0000000708400000| PB 0x0000000708400000| Untracked 
|  47|0x0000000708600000, 0x0000000708600000, 0x0000000708800000|  0%| F|  |TAMS 0x0000000708600000| PB 0x0000000708600000| Untracked 
|  48|0x0000000708800000, 0x0000000708800000, 0x0000000708a00000|  0%| F|  |TAMS 0x0000000708800000| PB 0x0000000708800000| Untracked 
|  49|0x0000000708a00000, 0x0000000708a00000, 0x0000000708c00000|  0%| F|  |TAMS 0x0000000708a00000| PB 0x0000000708a00000| Untracked 
|  50|0x0000000708c00000, 0x0000000708c00000, 0x0000000708e00000|  0%| F|  |TAMS 0x0000000708c00000| PB 0x0000000708c00000| Untracked 
|  51|0x0000000708e00000, 0x0000000708e00000, 0x0000000709000000|  0%| F|  |TAMS 0x0000000708e00000| PB 0x0000000708e00000| Untracked 
|  52|0x0000000709000000, 0x0000000709000000, 0x0000000709200000|  0%| F|  |TAMS 0x0000000709000000| PB 0x0000000709000000| Untracked 
|  53|0x0000000709200000, 0x0000000709200000, 0x0000000709400000|  0%| F|  |TAMS 0x0000000709200000| PB 0x0000000709200000| Untracked 
|  54|0x0000000709400000, 0x0000000709400000, 0x0000000709600000|  0%| F|  |TAMS 0x0000000709400000| PB 0x0000000709400000| Untracked 
|  55|0x0000000709600000, 0x0000000709600000, 0x0000000709800000|  0%| F|  |TAMS 0x0000000709600000| PB 0x0000000709600000| Untracked 
|  56|0x0000000709800000, 0x0000000709800000, 0x0000000709a00000|  0%| F|  |TAMS 0x0000000709800000| PB 0x0000000709800000| Untracked 
|  57|0x0000000709a00000, 0x0000000709a00000, 0x0000000709c00000|  0%| F|  |TAMS 0x0000000709a00000| PB 0x0000000709a00000| Untracked 
|  58|0x0000000709c00000, 0x0000000709c00000, 0x0000000709e00000|  0%| F|  |TAMS 0x0000000709c00000| PB 0x0000000709c00000| Untracked 
|  59|0x0000000709e00000, 0x0000000709e00000, 0x000000070a000000|  0%| F|  |TAMS 0x0000000709e00000| PB 0x0000000709e00000| Untracked 
|  60|0x000000070a000000, 0x000000070a000000, 0x000000070a200000|  0%| F|  |TAMS 0x000000070a000000| PB 0x000000070a000000| Untracked 
|  61|0x000000070a200000, 0x000000070a200000, 0x000000070a400000|  0%| F|  |TAMS 0x000000070a200000| PB 0x000000070a200000| Untracked 
|  62|0x000000070a400000, 0x000000070a400000, 0x000000070a600000|  0%| F|  |TAMS 0x000000070a400000| PB 0x000000070a400000| Untracked 
|  63|0x000000070a600000, 0x000000070a600000, 0x000000070a800000|  0%| F|  |TAMS 0x000000070a600000| PB 0x000000070a600000| Untracked 
|  64|0x000000070a800000, 0x000000070a800000, 0x000000070aa00000|  0%| F|  |TAMS 0x000000070a800000| PB 0x000000070a800000| Untracked 
|  65|0x000000070aa00000, 0x000000070aa00000, 0x000000070ac00000|  0%| F|  |TAMS 0x000000070aa00000| PB 0x000000070aa00000| Untracked 
|  66|0x000000070ac00000, 0x000000070ac00000, 0x000000070ae00000|  0%| F|  |TAMS 0x000000070ac00000| PB 0x000000070ac00000| Untracked 
|  67|0x000000070ae00000, 0x000000070ae00000, 0x000000070b000000|  0%| F|  |TAMS 0x000000070ae00000| PB 0x000000070ae00000| Untracked 
|  68|0x000000070b000000, 0x000000070b000000, 0x000000070b200000|  0%| F|  |TAMS 0x000000070b000000| PB 0x000000070b000000| Untracked 
|  69|0x000000070b200000, 0x000000070b200000, 0x000000070b400000|  0%| F|  |TAMS 0x000000070b200000| PB 0x000000070b200000| Untracked 
|  70|0x000000070b400000, 0x000000070b400000, 0x000000070b600000|  0%| F|  |TAMS 0x000000070b400000| PB 0x000000070b400000| Untracked 
|  71|0x000000070b600000, 0x000000070b600000, 0x000000070b800000|  0%| F|  |TAMS 0x000000070b600000| PB 0x000000070b600000| Untracked 
|  72|0x000000070b800000, 0x000000070b800000, 0x000000070ba00000|  0%| F|  |TAMS 0x000000070b800000| PB 0x000000070b800000| Untracked 
|  73|0x000000070ba00000, 0x000000070ba00000, 0x000000070bc00000|  0%| F|  |TAMS 0x000000070ba00000| PB 0x000000070ba00000| Untracked 
|  74|0x000000070bc00000, 0x000000070bc00000, 0x000000070be00000|  0%| F|  |TAMS 0x000000070bc00000| PB 0x000000070bc00000| Untracked 
|  75|0x000000070be00000, 0x000000070be00000, 0x000000070c000000|  0%| F|  |TAMS 0x000000070be00000| PB 0x000000070be00000| Untracked 
|  76|0x000000070c000000, 0x000000070c000000, 0x000000070c200000|  0%| F|  |TAMS 0x000000070c000000| PB 0x000000070c000000| Untracked 
|  77|0x000000070c200000, 0x000000070c200000, 0x000000070c400000|  0%| F|  |TAMS 0x000000070c200000| PB 0x000000070c200000| Untracked 
|  78|0x000000070c400000, 0x000000070c400000, 0x000000070c600000|  0%| F|  |TAMS 0x000000070c400000| PB 0x000000070c400000| Untracked 
|  79|0x000000070c600000, 0x000000070c600000, 0x000000070c800000|  0%| F|  |TAMS 0x000000070c600000| PB 0x000000070c600000| Untracked 
|  80|0x000000070c800000, 0x000000070c800000, 0x000000070ca00000|  0%| F|  |TAMS 0x000000070c800000| PB 0x000000070c800000| Untracked 
|  81|0x000000070ca00000, 0x000000070ca00000, 0x000000070cc00000|  0%| F|  |TAMS 0x000000070ca00000| PB 0x000000070ca00000| Untracked 
|  82|0x000000070cc00000, 0x000000070cc00000, 0x000000070ce00000|  0%| F|  |TAMS 0x000000070cc00000| PB 0x000000070cc00000| Untracked 
|  83|0x000000070ce00000, 0x000000070ce00000, 0x000000070d000000|  0%| F|  |TAMS 0x000000070ce00000| PB 0x000000070ce00000| Untracked 
|  84|0x000000070d000000, 0x000000070d000000, 0x000000070d200000|  0%| F|  |TAMS 0x000000070d000000| PB 0x000000070d000000| Untracked 
|  85|0x000000070d200000, 0x000000070d200000, 0x000000070d400000|  0%| F|  |TAMS 0x000000070d200000| PB 0x000000070d200000| Untracked 
|  86|0x000000070d400000, 0x000000070d400000, 0x000000070d600000|  0%| F|  |TAMS 0x000000070d400000| PB 0x000000070d400000| Untracked 
|  87|0x000000070d600000, 0x000000070d600000, 0x000000070d800000|  0%| F|  |TAMS 0x000000070d600000| PB 0x000000070d600000| Untracked 
|  88|0x000000070d800000, 0x000000070d800000, 0x000000070da00000|  0%| F|  |TAMS 0x000000070d800000| PB 0x000000070d800000| Untracked 
|  89|0x000000070da00000, 0x000000070da00000, 0x000000070dc00000|  0%| F|  |TAMS 0x000000070da00000| PB 0x000000070da00000| Untracked 
|  90|0x000000070dc00000, 0x000000070dc00000, 0x000000070de00000|  0%| F|  |TAMS 0x000000070dc00000| PB 0x000000070dc00000| Untracked 
|  91|0x000000070de00000, 0x000000070de00000, 0x000000070e000000|  0%| F|  |TAMS 0x000000070de00000| PB 0x000000070de00000| Untracked 
|  92|0x000000070e000000, 0x000000070e000000, 0x000000070e200000|  0%| F|  |TAMS 0x000000070e000000| PB 0x000000070e000000| Untracked 
|  93|0x000000070e200000, 0x000000070e200000, 0x000000070e400000|  0%| F|  |TAMS 0x000000070e200000| PB 0x000000070e200000| Untracked 
|  94|0x000000070e400000, 0x000000070e400000, 0x000000070e600000|  0%| F|  |TAMS 0x000000070e400000| PB 0x000000070e400000| Untracked 
|  95|0x000000070e600000, 0x000000070e600000, 0x000000070e800000|  0%| F|  |TAMS 0x000000070e600000| PB 0x000000070e600000| Untracked 
|  96|0x000000070e800000, 0x000000070e800000, 0x000000070ea00000|  0%| F|  |TAMS 0x000000070e800000| PB 0x000000070e800000| Untracked 
|  97|0x000000070ea00000, 0x000000070ea00000, 0x000000070ec00000|  0%| F|  |TAMS 0x000000070ea00000| PB 0x000000070ea00000| Untracked 
|  98|0x000000070ec00000, 0x000000070ec00000, 0x000000070ee00000|  0%| F|  |TAMS 0x000000070ec00000| PB 0x000000070ec00000| Untracked 
|  99|0x000000070ee00000, 0x000000070ee00000, 0x000000070f000000|  0%| F|  |TAMS 0x000000070ee00000| PB 0x000000070ee00000| Untracked 
| 100|0x000000070f000000, 0x000000070f000000, 0x000000070f200000|  0%| F|  |TAMS 0x000000070f000000| PB 0x000000070f000000| Untracked 
| 101|0x000000070f200000, 0x000000070f200000, 0x000000070f400000|  0%| F|  |TAMS 0x000000070f200000| PB 0x000000070f200000| Untracked 
| 102|0x000000070f400000, 0x000000070f400000, 0x000000070f600000|  0%| F|  |TAMS 0x000000070f400000| PB 0x000000070f400000| Untracked 
| 103|0x000000070f600000, 0x000000070f600000, 0x000000070f800000|  0%| F|  |TAMS 0x000000070f600000| PB 0x000000070f600000| Untracked 
| 104|0x000000070f800000, 0x000000070f800000, 0x000000070fa00000|  0%| F|  |TAMS 0x000000070f800000| PB 0x000000070f800000| Untracked 
| 105|0x000000070fa00000, 0x000000070fa00000, 0x000000070fc00000|  0%| F|  |TAMS 0x000000070fa00000| PB 0x000000070fa00000| Untracked 
| 106|0x000000070fc00000, 0x000000070fc00000, 0x000000070fe00000|  0%| F|  |TAMS 0x000000070fc00000| PB 0x000000070fc00000| Untracked 
| 107|0x000000070fe00000, 0x000000070fe00000, 0x0000000710000000|  0%| F|  |TAMS 0x000000070fe00000| PB 0x000000070fe00000| Untracked 
| 108|0x0000000710000000, 0x0000000710000000, 0x0000000710200000|  0%| F|  |TAMS 0x0000000710000000| PB 0x0000000710000000| Untracked 
| 109|0x0000000710200000, 0x0000000710200000, 0x0000000710400000|  0%| F|  |TAMS 0x0000000710200000| PB 0x0000000710200000| Untracked 
| 110|0x0000000710400000, 0x0000000710400000, 0x0000000710600000|  0%| F|  |TAMS 0x0000000710400000| PB 0x0000000710400000| Untracked 
| 111|0x0000000710600000, 0x0000000710600000, 0x0000000710800000|  0%| F|  |TAMS 0x0000000710600000| PB 0x0000000710600000| Untracked 
| 112|0x0000000710800000, 0x0000000710800000, 0x0000000710a00000|  0%| F|  |TAMS 0x0000000710800000| PB 0x0000000710800000| Untracked 
| 113|0x0000000710a00000, 0x0000000710a00000, 0x0000000710c00000|  0%| F|  |TAMS 0x0000000710a00000| PB 0x0000000710a00000| Untracked 
| 114|0x0000000710c00000, 0x0000000710e00000, 0x0000000710e00000|100%| S|CS|TAMS 0x0000000710c00000| PB 0x0000000710c00000| Complete 
| 115|0x0000000710e00000, 0x0000000711000000, 0x0000000711000000|100%| S|CS|TAMS 0x0000000710e00000| PB 0x0000000710e00000| Complete 
| 116|0x0000000711000000, 0x0000000711000000, 0x0000000711200000|  0%| F|  |TAMS 0x0000000711000000| PB 0x0000000711000000| Untracked 
| 117|0x0000000711200000, 0x0000000711200000, 0x0000000711400000|  0%| F|  |TAMS 0x0000000711200000| PB 0x0000000711200000| Untracked 
| 118|0x0000000711400000, 0x0000000711400000, 0x0000000711600000|  0%| F|  |TAMS 0x0000000711400000| PB 0x0000000711400000| Untracked 
| 119|0x0000000711600000, 0x0000000711600000, 0x0000000711800000|  0%| F|  |TAMS 0x0000000711600000| PB 0x0000000711600000| Untracked 
| 120|0x0000000711800000, 0x00000007119684e8, 0x0000000711a00000| 70%| E|  |TAMS 0x0000000711800000| PB 0x0000000711800000| Complete 
| 121|0x0000000711a00000, 0x0000000711c00000, 0x0000000711c00000|100%| E|CS|TAMS 0x0000000711a00000| PB 0x0000000711a00000| Complete 
| 122|0x0000000711c00000, 0x0000000711e00000, 0x0000000711e00000|100%| E|CS|TAMS 0x0000000711c00000| PB 0x0000000711c00000| Complete 
| 123|0x0000000711e00000, 0x0000000712000000, 0x0000000712000000|100%| E|CS|TAMS 0x0000000711e00000| PB 0x0000000711e00000| Complete 
| 124|0x0000000712000000, 0x0000000712200000, 0x0000000712200000|100%| E|CS|TAMS 0x0000000712000000| PB 0x0000000712000000| Complete 
| 125|0x0000000712200000, 0x0000000712400000, 0x0000000712400000|100%| E|CS|TAMS 0x0000000712200000| PB 0x0000000712200000| Complete 
| 126|0x0000000712400000, 0x0000000712600000, 0x0000000712600000|100%| E|CS|TAMS 0x0000000712400000| PB 0x0000000712400000| Complete 

Card table byte_map: [0x000002e15be60000,0x000002e15c650000] _byte_map_base: 0x000002e15864c000

Marking Bits: (CMBitMap*) 0x000002e143ab7810
 Bits: [0x000002e15c650000, 0x000002e1605b0000)

Polling page: 0x000002e141a40000

Metaspace:

Usage:
  Non-class:      8.09 MB used.
      Class:      1.12 MB used.
       Both:      9.22 MB used.

Virtual space:
  Non-class space:       64.00 MB reserved,       8.19 MB ( 13%) committed,  1 nodes.
      Class space:        1.00 GB reserved,       1.25 MB ( <1%) committed,  1 nodes.
             Both:        1.06 GB reserved,       9.44 MB ( <1%) committed. 

Chunk freelists:
   Non-Class:  7.30 MB
       Class:  14.66 MB
        Both:  21.95 MB

MaxMetaspaceSize: unlimited
CompressedClassSpaceSize: 1.00 GB
Initial GC threshold: 21.00 MB
Current GC threshold: 21.00 MB
CDS: on
 - commit_granule_bytes: 65536.
 - commit_granule_words: 8192.
 - virtual_space_node_default_size: 8388608.
 - enlarge_chunks_in_place: 1.
 - use_allocation_guard: 0.


Internal statistics:

num_allocs_failed_limit: 0.
num_arena_births: 238.
num_arena_deaths: 0.
num_vsnodes_births: 2.
num_vsnodes_deaths: 0.
num_space_committed: 151.
num_space_uncommitted: 0.
num_chunks_returned_to_freelist: 0.
num_chunks_taken_from_freelist: 566.
num_chunk_merges: 0.
num_chunk_splits: 331.
num_chunks_enlarged: 195.
num_inconsistent_stats: 0.

CodeHeap 'non-profiled nmethods': size=120000Kb used=559Kb max_used=559Kb free=119440Kb
 bounds [0x000002e153bf0000, 0x000002e153e60000, 0x000002e15b120000]
CodeHeap 'profiled nmethods': size=120000Kb used=2754Kb max_used=2754Kb free=117245Kb
 bounds [0x000002e14c120000, 0x000002e14c3e0000, 0x000002e153650000]
CodeHeap 'non-nmethods': size=5760Kb used=1383Kb max_used=1398Kb free=4376Kb
 bounds [0x000002e153650000, 0x000002e1538c0000, 0x000002e153bf0000]
 total_blobs=2065 nmethods=1581 adapters=388
 compilation: enabled
              stopped_count=0, restarted_count=0
 full_count=0

Compilation events (20 events):
Event: 0.540 Thread 0x000002e163373f00 1569       3       java.lang.module.ModuleDescriptor$1::newExports (14 bytes)
Event: 0.540 Thread 0x000002e163373f00 nmethod 1569 0x000002e14c3cab10 code [0x000002e14c3cace0, 0x000002e14c3cb098]
Event: 0.540 Thread 0x000002e163373f00 1575       3       java.net.URI::hash (33 bytes)
Event: 0.540 Thread 0x000002e163373f00 nmethod 1575 0x000002e14c3cb210 code [0x000002e14c3cb400, 0x000002e14c3cb6d8]
Event: 0.540 Thread 0x000002e163373f00 1576       3       java.lang.Enum::equals (11 bytes)
Event: 0.540 Thread 0x000002e163373f00 nmethod 1576 0x000002e14c3cb810 code [0x000002e14c3cb9a0, 0x000002e14c3cbb08]
Event: 0.540 Thread 0x000002e163373f00 1574       3       java.net.URI::toLower (19 bytes)
Event: 0.540 Thread 0x000002e163373f00 nmethod 1574 0x000002e14c3cbb90 code [0x000002e14c3cbd40, 0x000002e14c3cbec8]
Event: 0.541 Thread 0x000002e163373f00 1578       3       java.lang.invoke.MethodHandleNatives::linkCallSite (65 bytes)
Event: 0.541 Thread 0x000002e163373f00 nmethod 1578 0x000002e14c3cbf90 code [0x000002e14c3cc180, 0x000002e14c3cc6c8]
Event: 0.541 Thread 0x000002e163373f00 1581       3       java.lang.Byte::hashCode (8 bytes)
Event: 0.541 Thread 0x000002e163373f00 nmethod 1581 0x000002e14c3cc890 code [0x000002e14c3cca40, 0x000002e14c3ccba8]
Event: 0.541 Thread 0x000002e163373f00 1582       3       java.lang.Byte::hashCode (2 bytes)
Event: 0.541 Thread 0x000002e163373f00 nmethod 1582 0x000002e14c3ccc90 code [0x000002e14c3cce20, 0x000002e14c3ccf10]
Event: 0.541 Thread 0x000002e163373f00 1579       3       java.lang.invoke.MethodHandleNatives::linkCallSiteImpl (119 bytes)
Event: 0.541 Thread 0x000002e163373f00 nmethod 1579 0x000002e14c3ccf90 code [0x000002e14c3cd1e0, 0x000002e14c3cdb28]
Event: 0.541 Thread 0x000002e163373f00 1580   !   3       java.lang.invoke.CallSite::makeSite (91 bytes)
Event: 0.542 Thread 0x000002e163373f00 nmethod 1580 0x000002e14c3cde90 code [0x000002e14c3ce200, 0x000002e14c3cf3f8]
Event: 0.544 Thread 0x000002e163373f00 1583       3       java.lang.invoke.MethodHandle::isAncestorLoaderOf (35 bytes)
Event: 0.544 Thread 0x000002e163373f00 nmethod 1583 0x000002e14c3cff90 code [0x000002e14c3d01c0, 0x000002e14c3d0970]

GC Heap History (2 events):
Event: 0.373 GC heap before
{Heap before GC invocations=0 (full 0):
 garbage-first heap   total 260096K, used 20480K [0x0000000702800000, 0x0000000800000000)
  region size 2048K, 11 young (22528K), 0 survivors (0K)
 Metaspace       used 6054K, committed 6208K, reserved 1114112K
  class space    used 683K, committed 768K, reserved 1048576K
}
Event: 0.378 GC heap after
{Heap after GC invocations=1 (full 0):
 garbage-first heap   total 260096K, used 6881K [0x0000000702800000, 0x0000000800000000)
  region size 2048K, 2 young (4096K), 2 survivors (4096K)
 Metaspace       used 6054K, committed 6208K, reserved 1114112K
  class space    used 683K, committed 768K, reserved 1048576K
}

Dll operation events (10 events):
Event: 0.004 Loaded shared library C:\Users\Dimas Prasetyo\.jdks\corretto-21.0.2\bin\java.dll
Event: 0.028 Loaded shared library C:\Users\Dimas Prasetyo\.jdks\corretto-21.0.2\bin\jsvml.dll
Event: 0.071 Loaded shared library C:\Users\Dimas Prasetyo\.jdks\corretto-21.0.2\bin\zip.dll
Event: 0.073 Loaded shared library C:\Users\Dimas Prasetyo\.jdks\corretto-21.0.2\bin\instrument.dll
Event: 0.077 Loaded shared library C:\Users\Dimas Prasetyo\.jdks\corretto-21.0.2\bin\net.dll
Event: 0.078 Loaded shared library C:\Users\Dimas Prasetyo\.jdks\corretto-21.0.2\bin\nio.dll
Event: 0.079 Loaded shared library C:\Users\Dimas Prasetyo\.jdks\corretto-21.0.2\bin\zip.dll
Event: 0.114 Loaded shared library C:\Program Files\JetBrains\IntelliJ IDEA Community Edition 2023.3.4\bin\breakgen64.dll
Event: 0.118 Loaded shared library C:\Users\Dimas Prasetyo\.jdks\corretto-21.0.2\bin\extnet.dll
Event: 0.138 Loaded shared library C:\Users\Dimas Prasetyo\.jdks\corretto-21.0.2\bin\jimage.dll

Deoptimization events (20 events):
Event: 0.456 Thread 0x000002e143a502c0 Uncommon trap: trap_request=0xffffff45 fr.pc=0x000002e153c42720 relative=0x00000000000001e0
Event: 0.456 Thread 0x000002e143a502c0 Uncommon trap: reason=unstable_if action=reinterpret pc=0x000002e153c42720 method=java.lang.String.startsWith(Ljava/lang/String;I)Z @ 1 c2
Event: 0.456 Thread 0x000002e143a502c0 DEOPT PACKING pc=0x000002e153c42720 sp=0x000000fdef8fe3c0
Event: 0.456 Thread 0x000002e143a502c0 DEOPT UNPACKING pc=0x000002e1536a46a2 sp=0x000000fdef8fe350 mode 2
Event: 0.457 Thread 0x000002e143a502c0 Uncommon trap: trap_request=0xffffff45 fr.pc=0x000002e153c3492c relative=0x000000000000084c
Event: 0.457 Thread 0x000002e143a502c0 Uncommon trap: reason=unstable_if action=reinterpret pc=0x000002e153c3492c method=java.io.BufferedInputStream.implRead([BII)I @ 55 c2
Event: 0.457 Thread 0x000002e143a502c0 DEOPT PACKING pc=0x000002e153c3492c sp=0x000000fdef8fded0
Event: 0.457 Thread 0x000002e143a502c0 DEOPT UNPACKING pc=0x000002e1536a46a2 sp=0x000000fdef8fdeb8 mode 2
Event: 0.463 Thread 0x000002e143a502c0 Uncommon trap: trap_request=0xffffffc6 fr.pc=0x000002e153c529a0 relative=0x0000000000000340
Event: 0.463 Thread 0x000002e143a502c0 Uncommon trap: reason=bimorphic_or_optimized_type_check action=maybe_recompile pc=0x000002e153c529a0 method=java.util.concurrent.ConcurrentHashMap.get(Ljava/lang/Object;)Ljava/lang/Object; @ 149 c2
Event: 0.463 Thread 0x000002e143a502c0 DEOPT PACKING pc=0x000002e153c529a0 sp=0x000000fdef8fd590
Event: 0.463 Thread 0x000002e143a502c0 DEOPT UNPACKING pc=0x000002e1536a46a2 sp=0x000000fdef8fd500 mode 2
Event: 0.463 Thread 0x000002e143a502c0 Uncommon trap: trap_request=0xffffffc6 fr.pc=0x000002e153c529a0 relative=0x0000000000000340
Event: 0.463 Thread 0x000002e143a502c0 Uncommon trap: reason=bimorphic_or_optimized_type_check action=maybe_recompile pc=0x000002e153c529a0 method=java.util.concurrent.ConcurrentHashMap.get(Ljava/lang/Object;)Ljava/lang/Object; @ 149 c2
Event: 0.463 Thread 0x000002e143a502c0 DEOPT PACKING pc=0x000002e153c529a0 sp=0x000000fdef8fcfc0
Event: 0.463 Thread 0x000002e143a502c0 DEOPT UNPACKING pc=0x000002e1536a46a2 sp=0x000000fdef8fcf30 mode 2
Event: 0.463 Thread 0x000002e143a502c0 Uncommon trap: trap_request=0xffffffc6 fr.pc=0x000002e153c529a0 relative=0x0000000000000340
Event: 0.463 Thread 0x000002e143a502c0 Uncommon trap: reason=bimorphic_or_optimized_type_check action=maybe_recompile pc=0x000002e153c529a0 method=java.util.concurrent.ConcurrentHashMap.get(Ljava/lang/Object;)Ljava/lang/Object; @ 149 c2
Event: 0.463 Thread 0x000002e143a502c0 DEOPT PACKING pc=0x000002e153c529a0 sp=0x000000fdef8fdcf0
Event: 0.463 Thread 0x000002e143a502c0 DEOPT UNPACKING pc=0x000002e1536a46a2 sp=0x000000fdef8fdc60 mode 2

Classes loaded (20 events):
Event: 0.543 Loading class jdk/xml/internal/JdkProperty$State
Event: 0.543 Loading class jdk/xml/internal/JdkProperty$State done
Event: 0.543 Loading class com/sun/org/apache/xalan/internal/utils/XMLSecurityPropertyManager
Event: 0.543 Loading class com/sun/org/apache/xalan/internal/utils/FeaturePropertyBase
Event: 0.543 Loading class com/sun/org/apache/xalan/internal/utils/FeaturePropertyBase done
Event: 0.543 Loading class com/sun/org/apache/xalan/internal/utils/XMLSecurityPropertyManager done
Event: 0.543 Loading class com/sun/org/apache/xalan/internal/utils/FeaturePropertyBase$State
Event: 0.543 Loading class com/sun/org/apache/xalan/internal/utils/FeaturePropertyBase$State done
Event: 0.543 Loading class com/sun/org/apache/xalan/internal/utils/XMLSecurityPropertyManager$Property
Event: 0.543 Loading class com/sun/org/apache/xalan/internal/utils/XMLSecurityPropertyManager$Property done
Event: 0.543 Loading class jdk/xml/internal/XMLSecurityManager
Event: 0.543 Loading class jdk/xml/internal/XMLSecurityManager done
Event: 0.543 Loading class jdk/xml/internal/XMLSecurityManager$Limit
Event: 0.543 Loading class jdk/xml/internal/XMLSecurityManager$Limit done
Event: 0.544 Loading class jdk/xml/internal/XMLSecurityManager$Processor
Event: 0.544 Loading class jdk/xml/internal/XMLSecurityManager$Processor done
Event: 0.544 Loading class jdk/xml/internal/XMLSecurityManager$NameMap
Event: 0.544 Loading class jdk/xml/internal/XMLSecurityManager$NameMap done
Event: 0.544 Loading class jdk/xml/internal/JdkProperty
Event: 0.544 Loading class jdk/xml/internal/JdkProperty done

Classes unloaded (0 events):
No events

Classes redefined (0 events):
No events

Internal exceptions (20 events):
Event: 0.456 Thread 0x000002e143a502c0 Exception <a 'java/lang/NoSuchMethodError'{0x00000007120cec48}: 'int java.lang.invoke.DirectMethodHandle$Holder.invokeVirtual(java.lang.Object, java.lang.Object)'> (0x00000007120cec48) 
thrown [s\src\hotspot\share\interpreter\linkResolver.cpp, line 773]
Event: 0.468 Thread 0x000002e143a502c0 Exception <a 'java/lang/NoSuchMethodError'{0x0000000712183710}: 'java.lang.Object java.lang.invoke.DirectMethodHandle$Holder.invokeSpecial(java.lang.Object, java.lang.Object, java.lang.Object, int, java.lang.Object)'> (0x0000000712183710) 
thrown [s\src\hotspot\share\interpreter\linkResolver.cpp, line 773]
Event: 0.468 Thread 0x000002e143a502c0 Exception <a 'java/lang/NoSuchMethodError'{0x000000071218b000}: 'java.lang.Object java.lang.invoke.DirectMethodHandle$Holder.newInvokeSpecial(java.lang.Object, java.lang.Object, java.lang.Object, int, java.lang.Object)'> (0x000000071218b000) 
thrown [s\src\hotspot\share\interpreter\linkResolver.cpp, line 773]
Event: 0.469 Thread 0x000002e143a502c0 Exception <a 'java/lang/NoSuchMethodError'{0x00000007121924b8}: 'java.lang.Object java.lang.invoke.Invokers$Holder.linkToTargetMethod(java.lang.Object, java.lang.Object, int, java.lang.Object, java.lang.Object)'> (0x00000007121924b8) 
thrown [s\src\hotspot\share\interpreter\linkResolver.cpp, line 773]
Event: 0.469 Thread 0x000002e143a502c0 Exception <a 'java/lang/NoSuchMethodError'{0x00000007121a0d68}: 'java.lang.Object java.lang.invoke.DirectMethodHandle$Holder.newInvokeSpecial(java.lang.Object, int, java.lang.Object)'> (0x00000007121a0d68) 
thrown [s\src\hotspot\share\interpreter\linkResolver.cpp, line 773]
Event: 0.470 Thread 0x000002e143a502c0 Exception <a 'java/lang/NoSuchMethodError'{0x00000007121a5718}: 'int java.lang.invoke.DirectMethodHandle$Holder.invokeSpecialIFC(java.lang.Object, java.lang.Object, java.lang.Object, java.lang.Object)'> (0x00000007121a5718) 
thrown [s\src\hotspot\share\interpreter\linkResolver.cpp, line 773]
Event: 0.480 Thread 0x000002e143a502c0 Exception <a 'java/lang/NoSuchMethodError'{0x0000000711e632e0}: 'void java.lang.invoke.DirectMethodHandle$Holder.invokeInterface(java.lang.Object, java.lang.Object, java.lang.Object)'> (0x0000000711e632e0) 
thrown [s\src\hotspot\share\interpreter\linkResolver.cpp, line 773]
Event: 0.489 Thread 0x000002e143a502c0 Exception <a 'java/lang/NoSuchMethodError'{0x0000000711ed8380}: 'void java.lang.invoke.DirectMethodHandle$Holder.invokeStaticInit(java.lang.Object, java.lang.Object)'> (0x0000000711ed8380) 
thrown [s\src\hotspot\share\interpreter\linkResolver.cpp, line 773]
Event: 0.490 Thread 0x000002e143a502c0 Exception <a 'java/lang/NoSuchMethodError'{0x0000000711ee4fc0}: 'void java.lang.invoke.DirectMethodHandle$Holder.invokeStaticInit(java.lang.Object, java.lang.Object, java.lang.Object)'> (0x0000000711ee4fc0) 
thrown [s\src\hotspot\share\interpreter\linkResolver.cpp, line 773]
Event: 0.493 Thread 0x000002e143a502c0 Exception <a 'java/lang/NoSuchMethodError'{0x0000000711f23aa0}: 'java.lang.Object java.lang.invoke.DirectMethodHandle$Holder.invokeStatic(java.lang.Object, long, java.lang.Object)'> (0x0000000711f23aa0) 
thrown [s\src\hotspot\share\interpreter\linkResolver.cpp, line 773]
Event: 0.493 Thread 0x000002e143a502c0 Exception <a 'java/lang/NoSuchMethodError'{0x0000000711f270f8}: 'java.lang.Object java.lang.invoke.DirectMethodHandle$Holder.invokeStaticInit(java.lang.Object, long, java.lang.Object)'> (0x0000000711f270f8) 
thrown [s\src\hotspot\share\interpreter\linkResolver.cpp, line 773]
Event: 0.493 Thread 0x000002e143a502c0 Exception <a 'java/lang/NoSuchMethodError'{0x0000000711f2c898}: 'java.lang.Object java.lang.invoke.DirectMethodHandle$Holder.newInvokeSpecial(java.lang.Object, long)'> (0x0000000711f2c898) 
thrown [s\src\hotspot\share\interpreter\linkResolver.cpp, line 773]
Event: 0.501 Thread 0x000002e143a502c0 Exception <a 'java/lang/NoSuchMethodError'{0x0000000711f85e70}: 'void java.lang.invoke.DirectMethodHandle$Holder.invokeVirtual(java.lang.Object, java.lang.Object, java.lang.Object, java.lang.Object)'> (0x0000000711f85e70) 
thrown [s\src\hotspot\share\interpreter\linkResolver.cpp, line 773]
Event: 0.521 Thread 0x000002e143a502c0 Exception <a 'java/lang/NoSuchMethodError'{0x0000000711d242b8}: 'void java.lang.invoke.DirectMethodHandle$Holder.invokeSpecial(java.lang.Object, java.lang.Object, java.lang.Object)'> (0x0000000711d242b8) 
thrown [s\src\hotspot\share\interpreter\linkResolver.cpp, line 773]
Event: 0.521 Thread 0x000002e143a502c0 Exception <a 'java/lang/NoSuchMethodError'{0x0000000711d29e20}: 'void java.lang.invoke.DirectMethodHandle$Holder.invokeSpecial(java.lang.Object, java.lang.Object, java.lang.Object, java.lang.Object, java.lang.Object)'> (0x0000000711d29e20) 
thrown [s\src\hotspot\share\interpreter\linkResolver.cpp, line 773]
Event: 0.524 Thread 0x000002e143a502c0 Exception <a 'java/lang/IncompatibleClassChangeError'{0x0000000711d53048}: Found class java.lang.Object, but interface was expected> (0x0000000711d53048) 
thrown [s\src\hotspot\share\interpreter\linkResolver.cpp, line 840]
Event: 0.524 Thread 0x000002e16830cc30 Exception <a 'java/lang/NoClassDefFoundError'{0x0000000711d77490}: jakarta/validation/Validation> (0x0000000711d77490) 
thrown [s\src\hotspot\share\classfile\systemDictionary.cpp, line 301]
Event: 0.527 Thread 0x000002e143a502c0 Exception <a 'java/lang/NoSuchMethodError'{0x0000000711d8e7b0}: 'java.lang.Object java.lang.invoke.DirectMethodHandle$Holder.invokeStaticInit(java.lang.Object, int)'> (0x0000000711d8e7b0) 
thrown [s\src\hotspot\share\interpreter\linkResolver.cpp, line 773]
Event: 0.528 Thread 0x000002e143a502c0 Exception <a 'java/lang/NoSuchMethodError'{0x0000000711d98948}: 'java.lang.Object java.lang.invoke.DirectMethodHandle$Holder.invokeStatic(java.lang.Object, int, java.lang.Object)'> (0x0000000711d98948) 
thrown [s\src\hotspot\share\interpreter\linkResolver.cpp, line 773]
Event: 0.528 Thread 0x000002e143a502c0 Exception <a 'java/lang/NoSuchMethodError'{0x0000000711d9bf98}: 'java.lang.Object java.lang.invoke.DirectMethodHandle$Holder.invokeStaticInit(java.lang.Object, int, java.lang.Object)'> (0x0000000711d9bf98) 
thrown [s\src\hotspot\share\interpreter\linkResolver.cpp, line 773]

ZGC Phase Switch (0 events):
No events

VM Operations (18 events):
Event: 0.140 Executing VM operation: HandshakeAllThreads (Deoptimize)
Event: 0.140 Executing VM operation: HandshakeAllThreads (Deoptimize) done
Event: 0.252 Executing VM operation: HandshakeAllThreads (Deoptimize)
Event: 0.252 Executing VM operation: HandshakeAllThreads (Deoptimize) done
Event: 0.252 Executing VM operation: HandshakeAllThreads (Deoptimize)
Event: 0.252 Executing VM operation: HandshakeAllThreads (Deoptimize) done
Event: 0.305 Executing VM operation: HandshakeAllThreads (Deoptimize)
Event: 0.305 Executing VM operation: HandshakeAllThreads (Deoptimize) done
Event: 0.373 Executing VM operation: G1CollectForAllocation (G1 Evacuation Pause)
Event: 0.378 Executing VM operation: G1CollectForAllocation (G1 Evacuation Pause) done
Event: 0.454 Executing VM operation: HandshakeAllThreads (Deoptimize)
Event: 0.454 Executing VM operation: HandshakeAllThreads (Deoptimize) done
Event: 0.517 Executing VM operation: HandshakeAllThreads (Deoptimize)
Event: 0.517 Executing VM operation: HandshakeAllThreads (Deoptimize) done
Event: 0.519 Executing VM operation: HandshakeAllThreads (Deoptimize)
Event: 0.519 Executing VM operation: HandshakeAllThreads (Deoptimize) done
Event: 0.519 Executing VM operation: HandshakeAllThreads (Deoptimize)
Event: 0.519 Executing VM operation: HandshakeAllThreads (Deoptimize) done

Events (15 events):
Event: 0.015 Thread 0x000002e143a502c0 Thread added: 0x000002e143a502c0
Event: 0.026 Thread 0x000002e162f1fb50 Thread added: 0x000002e162f1fb50
Event: 0.026 Thread 0x000002e162f215c0 Thread added: 0x000002e162f215c0
Event: 0.027 Thread 0x000002e162f22430 Thread added: 0x000002e162f22430
Event: 0.027 Thread 0x000002e162f27200 Thread added: 0x000002e162f27200
Event: 0.027 Thread 0x000002e163368090 Thread added: 0x000002e163368090
Event: 0.027 Thread 0x000002e163368f00 Thread added: 0x000002e163368f00
Event: 0.027 Thread 0x000002e162f2d700 Thread added: 0x000002e162f2d700
Event: 0.027 Thread 0x000002e163373f00 Thread added: 0x000002e163373f00
Event: 0.061 Thread 0x000002e16345cb40 Thread added: 0x000002e16345cb40
Event: 0.084 Thread 0x000002e1633745d0 Thread added: 0x000002e1633745d0
Event: 0.090 Thread 0x000002e163373830 Thread added: 0x000002e163373830
Event: 0.114 Thread 0x000002e1639594f0 Thread added: 0x000002e1639594f0
Event: 0.114 Thread 0x000002e163703810 Thread added: 0x000002e163703810
Event: 0.523 Thread 0x000002e16830cc30 Thread added: 0x000002e16830cc30


Dynamic libraries:
0x00007ff6b4b90000 - 0x00007ff6b4b9e000 	C:\Users\Dimas Prasetyo\.jdks\corretto-21.0.2\bin\java.exe
0x00007ffafd190000 - 0x00007ffafd388000 	C:\WINDOWS\SYSTEM32\ntdll.dll
0x00007ffafd090000 - 0x00007ffafd14d000 	C:\WINDOWS\System32\KERNEL32.DLL
0x00007ffafab00000 - 0x00007ffafadf6000 	C:\WINDOWS\System32\KERNELBASE.dll
0x00007ffafb080000 - 0x00007ffafb180000 	C:\WINDOWS\System32\ucrtbase.dll
0x00007ffaf5320000 - 0x00007ffaf533b000 	C:\Users\Dimas Prasetyo\.jdks\corretto-21.0.2\bin\VCRUNTIME140.dll
0x00007ffaf5800000 - 0x00007ffaf5818000 	C:\Users\Dimas Prasetyo\.jdks\corretto-21.0.2\bin\jli.dll
0x00007ffafbd70000 - 0x00007ffafbf0e000 	C:\WINDOWS\System32\USER32.dll
0x00007ffae1330000 - 0x00007ffae15ca000 	C:\WINDOWS\WinSxS\amd64_microsoft.windows.common-controls_6595b64144ccf1df_6.0.19041.3636_none_60b6a03d71f818d5\COMCTL32.dll
0x00007ffafaad0000 - 0x00007ffafaaf2000 	C:\WINDOWS\System32\win32u.dll
0x00007ffafcb50000 - 0x00007ffafcb7b000 	C:\WINDOWS\System32\GDI32.dll
0x00007ffafbb30000 - 0x00007ffafbbce000 	C:\WINDOWS\System32\msvcrt.dll
0x00007ffafa9b0000 - 0x00007ffafaac7000 	C:\WINDOWS\System32\gdi32full.dll
0x00007ffafafb0000 - 0x00007ffafb04d000 	C:\WINDOWS\System32\msvcp_win.dll
0x00007ffafc960000 - 0x00007ffafc992000 	C:\WINDOWS\System32\IMM32.DLL
0x00007ffaf5a20000 - 0x00007ffaf5a2c000 	C:\Users\Dimas Prasetyo\.jdks\corretto-21.0.2\bin\vcruntime140_1.dll
0x00007ffac85f0000 - 0x00007ffac867d000 	C:\Users\Dimas Prasetyo\.jdks\corretto-21.0.2\bin\msvcp140.dll
0x00007ffa99a00000 - 0x00007ffa9a790000 	C:\Users\Dimas Prasetyo\.jdks\corretto-21.0.2\bin\server\jvm.dll
0x00007ffafb1d0000 - 0x00007ffafb283000 	C:\WINDOWS\System32\ADVAPI32.dll
0x00007ffafce50000 - 0x00007ffafceef000 	C:\WINDOWS\System32\sechost.dll
0x00007ffafc9a0000 - 0x00007ffafcac6000 	C:\WINDOWS\System32\RPCRT4.dll
0x00007ffafb050000 - 0x00007ffafb077000 	C:\WINDOWS\System32\bcrypt.dll
0x00007ffafcef0000 - 0x00007ffafcf5b000 	C:\WINDOWS\System32\WS2_32.dll
0x00007ffaf9da0000 - 0x00007ffaf9deb000 	C:\WINDOWS\SYSTEM32\POWRPROF.dll
0x00007ffaef0f0000 - 0x00007ffaef0fa000 	C:\WINDOWS\SYSTEM32\VERSION.dll
0x00007ffaef0c0000 - 0x00007ffaef0e7000 	C:\WINDOWS\SYSTEM32\WINMM.dll
0x00007ffaf9c60000 - 0x00007ffaf9c72000 	C:\WINDOWS\SYSTEM32\UMPDC.dll
0x00007ffaf8900000 - 0x00007ffaf8912000 	C:\WINDOWS\SYSTEM32\kernel.appcore.dll
0x00007ffaf57f0000 - 0x00007ffaf57fa000 	C:\Users\Dimas Prasetyo\.jdks\corretto-21.0.2\bin\jimage.dll
0x00007ffaf6df0000 - 0x00007ffaf6fd4000 	C:\WINDOWS\SYSTEM32\DBGHELP.DLL
0x00007ffaf1490000 - 0x00007ffaf14c4000 	C:\WINDOWS\SYSTEM32\dbgcore.DLL
0x00007ffafae00000 - 0x00007ffafae82000 	C:\WINDOWS\System32\bcryptPrimitives.dll
0x00007ffaf5c10000 - 0x00007ffaf5c1e000 	C:\Users\Dimas Prasetyo\.jdks\corretto-21.0.2\bin\instrument.dll
0x00007ffaf5300000 - 0x00007ffaf531f000 	C:\Users\Dimas Prasetyo\.jdks\corretto-21.0.2\bin\java.dll
0x00007ffafb290000 - 0x00007ffafb9d5000 	C:\WINDOWS\System32\SHELL32.dll
0x00007ffaf8920000 - 0x00007ffaf90bc000 	C:\WINDOWS\SYSTEM32\windows.storage.dll
0x00007ffafc540000 - 0x00007ffafc894000 	C:\WINDOWS\System32\combase.dll
0x00007ffafa280000 - 0x00007ffafa2ae000 	C:\WINDOWS\SYSTEM32\Wldp.dll
0x00007ffafba00000 - 0x00007ffafbacd000 	C:\WINDOWS\System32\OLEAUT32.dll
0x00007ffafc8b0000 - 0x00007ffafc95d000 	C:\WINDOWS\System32\SHCORE.dll
0x00007ffafcb80000 - 0x00007ffafcbd5000 	C:\WINDOWS\System32\shlwapi.dll
0x00007ffafa780000 - 0x00007ffafa7a5000 	C:\WINDOWS\SYSTEM32\profapi.dll
0x00007ffac8020000 - 0x00007ffac80f7000 	C:\Users\Dimas Prasetyo\.jdks\corretto-21.0.2\bin\jsvml.dll
0x00007ffaf38c0000 - 0x00007ffaf38d8000 	C:\Users\Dimas Prasetyo\.jdks\corretto-21.0.2\bin\zip.dll
0x00007ffaf3d10000 - 0x00007ffaf3d20000 	C:\Users\Dimas Prasetyo\.jdks\corretto-21.0.2\bin\net.dll
0x00007ffaf2230000 - 0x00007ffaf233a000 	C:\WINDOWS\SYSTEM32\WINHTTP.dll
0x00007ffaf9fe0000 - 0x00007ffafa04a000 	C:\WINDOWS\system32\mswsock.dll
0x00007ffaf38e0000 - 0x00007ffaf38f6000 	C:\Users\Dimas Prasetyo\.jdks\corretto-21.0.2\bin\nio.dll
0x00007ffaf5b50000 - 0x00007ffaf5b6a000 	C:\Program Files\JetBrains\IntelliJ IDEA Community Edition 2023.3.4\bin\breakgen64.dll
0x00007ffaf3d00000 - 0x00007ffaf3d09000 	C:\Users\Dimas Prasetyo\.jdks\corretto-21.0.2\bin\extnet.dll

dbghelp: loaded successfully - version: 4.0.5 - missing functions: none
symbol engine: initialized successfully - sym options: 0x614 - pdb path: .;C:\Users\Dimas Prasetyo\.jdks\corretto-21.0.2\bin;C:\WINDOWS\SYSTEM32;C:\WINDOWS\WinSxS\amd64_microsoft.windows.common-controls_6595b64144ccf1df_6.0.19041.3636_none_60b6a03d71f818d5;C:\Users\Dimas Prasetyo\.jdks\corretto-21.0.2\bin\server;C:\Program Files\JetBrains\IntelliJ IDEA Community Edition 2023.3.4\bin

VM Arguments:
jvm_args: -javaagent:C:\Program Files\JetBrains\IntelliJ IDEA Community Edition 2023.3.4\lib\idea_rt.jar=58433:C:\Program Files\JetBrains\IntelliJ IDEA Community Edition 2023.3.4\bin -Dfile.encoding=UTF-8 -Dsun.stdout.encoding=UTF-8 -Dsun.stderr.encoding=UTF-8 
java_command: com.Library.LibrarySystem.LibraryApplication
java_class_path (initial): C:\Users\Dimas Prasetyo\IdeaProjects\Library\out\production\classes;C:\Users\Dimas Prasetyo\IdeaProjects\Library\out\production\resources;C:\Users\Dimas Prasetyo\.gradle\caches\modules-2\files-2.1\io.jsonwebtoken\jjwt\0.2\91e12a0c77d8ea7dc97c60e3db85659325dd2e93\jjwt-0.2.jar;C:\Users\Dimas Prasetyo\.gradle\caches\modules-2\files-2.1\org.springframework.boot\spring-boot-starter-security\3.1.9\4a9a1fca9eed0697ed30a5eb5d8253535209e89\spring-boot-starter-security-3.1.9.jar;C:\Users\Dimas Prasetyo\.gradle\caches\modules-2\files-2.1\org.springframework.security\spring-security-web\6.1.7\92a0134d81ab0690096c80677181953a931f4435\spring-security-web-6.1.7.jar;C:\Users\Dimas Prasetyo\.gradle\caches\modules-2\files-2.1\org.springframework.security\spring-security-config\5.1.5.RELEASE\5b2b4421b0440683f4c253804a1f430094cc2980\spring-security-config-5.1.5.RELEASE.jar;C:\Users\Dimas Prasetyo\.gradle\caches\modules-2\files-2.1\org.springframework.boot\spring-boot-starter-data-jpa\3.1.9\f251691cb95745be08ba47441ce0344042ebfb65\spring-boot-starter-data-jpa-3.1.9.jar;C:\Users\Dimas Prasetyo\.gradle\caches\modules-2\files-2.1\org.springframework.boot\spring-boot-starter-web\3.1.9\7ea1ecd7704508ecd7a00e5b64693de59505a519\spring-boot-starter-web-3.1.9.jar;C:\Users\Dimas Prasetyo\.gradle\caches\modules-2\files-2.1\org.flywaydb\flyway-core\9.16.3\ea75bff08a52e6489a3f0b92e913061ff9e9edb3\flyway-core-9.16.3.jar;C:\Users\Dimas Prasetyo\.gradle\caches\modules-2\files-2.1\org.mapstruct\mapstruct\1.5.5.Final\2ca3cbe39b6e9ea8d5ea521965a89bef2a1e8eeb\mapstruct-1.5.5.Final.jar;C:\Users\Dimas Prasetyo\.gradle\caches\modules-2\files-2.1\org.slf4j\slf4j-api\2.0.12\48f109a2a6d8f446c794f3e3fa0d86df0cdfa312\slf4j-api-2.0.12.jar;C:\Users\Dimas Prasetyo\.gradle\caches\modules-2\files-2.1\com.fasterxml.jackson.core\jackson-databind\2.15.4\560309fc381f77d4d15c4a4cdaa0db5025c4fd13\jackson-databind-2.15.4.jar;C:\Users\Dimas Prasetyo\.gradle\caches\modules-2\files-2.1\org.springframework.boot\spring-boot-starter\3.1.9\e07c486f82a78b02a76ed32abcfdb3468be133f1\spring-boot-starter-3.1.9.jar;C:\Users\Dimas Prasetyo\.gradle\caches\modules-2\files-2.1\org.springframework\spring-aop\6.0.17\6c3643e18a0ec35ea04327e7b4cf1c873237d038\spring-aop-6.0.17.jar;C:\Users\Dimas Prasetyo\.gradle\caches\modules-2\files-2.1\org.springframework.security\spring-security-core\6.1.7\a08ac89815d952ea70ac1dd351643974cd08ee7c\spring-security-core-6.1.7.jar;C:\Users\Dimas Prasetyo\.gradle\caches\modules-2\files-2.1\org.springframework\spring-context\6.0.17\f39ba5885f9733b674d9e22ea7a4b77656527619\spring-context-6.0.17.jar;C:\Users\Dimas Prasetyo\.gradle\caches\modules-2\files-2.1\org.springframework\spring-web\6.0.17\3b66acdf26e0080cd1858b596884dcce062db9d6\spring-web-6.0.17.jar;C:\Users\Dimas Prasetyo\.gradle\caches\modules-2\files-2.1\org.springframework\spring-beans\6.0.17\bf9be8bd122809fbd14f6f1ec4a5470483ace10b\spring-beans-6.0.17.jar;C:\Users\Dimas Prasetyo\.gradle\caches\modules-2\files-2.1\org.springframework\spring-expression\6.0.17\50869c71d9d520ce43ef34cbcf8143c3cfb670af\spring-expression-6.0.17.jar;C:\Users\Dimas Prasetyo\.gradle\caches\modules-2\files-2.1\org.springframework\spring-core\6.0.17\15700dfbfa57e7c57f823ce3adb1c6c8f7ad1886\spring-core-6.0.17.jar;C:\Users\Dimas Prasetyo\.gradle\caches\modules-2\files-2.1\org.springframework.data\spring-data-jpa\3.1.9\267fb8aca820a8e6e4f0e3fc8f34d0af91129456\spring-data-jpa-3.1.9.jar;C:\Users\Dimas Prasetyo\.gradle\caches\modules-2\files-2.1\org.springframework.boot\spring-boot-starter-jdbc\3.1.9\d44c66826557dc6cab258466925c34c61a3bedbd\spring-boot-starter-jdbc-3.1.9.jar;C:\Users\Dimas Prasetyo\.gradle\caches\modules-2\files-2.1\org.springframework.boot\spring-boot-starter-aop\3.1.9\1e104256649c29cfb4692b38151373a734063b8f\spring-boot-starter-aop-3.1.9.jar;C:\Users\Dimas Prasetyo\.gradle\caches\modules-2\files-2.1\org.hibernate.orm\hibernate-core\6.2.22.Final\d4abafd87b2cf00c58886de529545fb36dcdc2b3\hibernate-core-6.2.22.Final.jar;C:\Users\Dimas Prasetyo\.gradle\caches\modules-2\files-2.1\org.springframework\spring-aspects\6.0.17\fe933b2bf3f567cd7c99aa239645a00d92cd806b\spring-aspects-6.0.17.jar;C:\Users\Dimas Prasetyo\.gradle\caches\modules-2\files-2.1\org.springframework.boot\spring-boot-starter-json\3.1.9\778e031165c638306fda1b3124037c3a0f83730e\spring-boot-starter-json-3.1.9.jar;C:\Users\Dimas Prasetyo\.gradle\caches\modules-2\files-2.1\org.springframework\spring-webmvc\6.0.17\1de9f44a949e25f3095b33c0a13a0c3bb5151152\spring-webmvc-6.0.17.jar;C:\Users\Dimas Prasetyo\.gradle\caches\modules-2\files-2.1\org.springframework.boot\spring-boot-starter-tomcat\3.1.9\aef0b221131ea118a230e35949f707d4b09e770b\spring-boot-starter-tomcat-3.1.9.jar;C:\Users\Dimas Prasetyo\.gradle\caches\modules-2\files-2.1\com.fasterxml.jackson.dataformat\jackson-dataformat-toml\2.15.4\4dde0126d9484603cd1b98e9654827697e16fce\jackson-dataformat-toml-2.15.4.jar;C:\Users\Dimas Prasetyo\.gradle\caches\modules-2\files-2.1\org.apache.commons\commons-text\1.10.0\3363381aef8cef2dbc1023b3e3a9433b08b64e01\commons-text-1.10.0.jar;C:\Users\Dimas Prasetyo\.gradle\caches\modules-2\files-2.1\com.fasterxml.jackson.core\jackson-annotations\2.15.4\5223ea5a9bf52cdc9c5e537a0e52f2432eaf208b\jackson-annotations-2.15.4.jar;C:\Users\Dimas Prasetyo\.gradle\caches\modules-2\files-2.1\com.fasterxml.jackson.core\jackson-core\2.15.4\aebe84b45360debad94f692a4074c6aceb535fa0\jackson-core-2.15.4.jar;C:\Users\Dimas Prasetyo\.gradle\caches\modules-2\files-2.1\org.springframework.boot\spring-boot-starter-logging\3.1.9\86a1ba273d9b3d11cb5b5378e6db24fd06adac1d\spring-boot-starter-logging-3.1.9.jar;C:\Users\Dimas Prasetyo\.gradle\caches\modules-2\files-2.1\org.springframework.boot\spring-boot-autoconfigure\3.1.9\19aea657369f6764bf589ffe89d3b8ff892d8329\spring-boot-autoconfigure-3.1.9.jar;C:\Users\Dimas Prasetyo\.gradle\caches\modules-2\files-2.1\org.springframework.boot\spring-boot\3.1.9\911b391d5c744249e4e27eedb797f6b18d865de2\spring-boot-3.1.9.jar;C:\Users\Dimas Prasetyo\.gradle\caches\modules-2\files-2.1\jakarta.annotation\jakarta.annotation-api\2.1.1\48b9bda22b091b1f48b13af03fe36db3be6e1ae3\jakarta.annotation-api-2.1.1.jar;C:\Users\Dimas Prasetyo\.gradle\caches\modules-2\files-2.1\org.yaml\snakeyaml\1.33\2cd0a87ff7df953f810c344bdf2fe3340b954c69\snakeyaml-1.33.jar;C:\Users\Dimas Prasetyo\.gradle\caches\modules-2\files-2.1\org.springframework.security\spring-security-crypto\6.1.7\eb5f3ece715d7a6edc0728c7b2fba77b5861f0e9\spring-security-crypto-6.1.7.jar;C:\Users\Dimas Prasetyo\.gradle\caches\modules-2\files-2.1\io.micrometer\micrometer-observation\1.11.9\c5a70415284dd3cf08e20a2a4c339503be750813\micrometer-observation-1.11.9.jar;C:\Users\Dimas Prasetyo\.gradle\caches\modules-2\files-2.1\org.springframework\spring-jcl\6.0.17\2364a28adbc69fbd948918a6aff335461a35f6d9\spring-jcl-6.0.17.jar;C:\Users\Dimas Prasetyo\.gradle\caches\modules-2\files-2.1\org.springframework.data\spring-data-commons\3.1.9\77511baeb0bae929e11dbb952df6dcbb29f1a525\spring-data-commons-3.1.9.jar;C:\Users\Dimas Prasetyo\.gradle\caches\modules-2\files-2.1\org.springframework\spring-orm\6.0.17\993ea3b23063c0a0438a910a28f3e4eb4cc7cc80\spring-orm-6.0.17.jar;C:\Users\Dimas Prasetyo\.gradle\caches\modules-2\files-2.1\org.springframework\spring-tx\6.0.17\dc1dabdb67815062da8835dfbd95a14dbc1e7bbd\spring-tx-6.0.17.jar;C:\Users\Dimas Prasetyo\.gradle\caches\modules-2\files-2.1\org.antlr\antlr4-runtime\4.10.1\10839f875928f59c622d675091d51a43ea0dc5f7\antlr4-runtime-4.10.1.jar;C:\Users\Dimas Prasetyo\.gradle\caches\modules-2\files-2.1\com.zaxxer\HikariCP\5.0.1\a74c7f0a37046846e88d54f7cb6ea6d565c65f9c\HikariCP-5.0.1.jar;C:\Users\Dimas Prasetyo\.gradle\caches\modules-2\files-2.1\org.springframework\spring-jdbc\6.0.17\8060275161ba07c19f6487169db9a124c139e0ae\spring-jdbc-6.0.17.jar;C:\Users\Dimas Prasetyo\.gradle\caches\modules-2\files-2.1\org.aspectj\aspectjweaver\1.9.21\beaabaea95c7f3330f415c72ee0ffe79b51d172f\aspectjweaver-1.9.21.jar;C:\Users\Dimas Prasetyo\.gradle\caches\modules-2\files-2.1\jakarta.persistence\jakarta.persistence-api\3.1.0\66901fa1c373c6aff65c13791cc11da72060a8d6\jakarta.persistence-api-3.1.0.jar;C:\Users\Dimas Prasetyo\.gradle\caches\modules-2\files-2.1\jakarta.transaction\jakarta.transaction-api\2.0.1\51a520e3fae406abb84e2e1148e6746ce3f80a1a\jakarta.transaction-api-2.0.1.jar;C:\Users\Dimas Prasetyo\.gradle\caches\modules-2\files-2.1\com.fasterxml.jackson.datatype\jackson-datatype-jsr310\2.15.4\7de629770a4559db57128d35ccae7d2fddd35db3\jackson-datatype-jsr310-2.15.4.jar;C:\Users\Dimas Prasetyo\.gradle\caches\modules-2\files-2.1\com.fasterxml.jackson.datatype\jackson-datatype-jdk8\2.15.4\694777f182334a21bf1aeab1b04cc4398c801f3f\jackson-datatype-jdk8-2.15.4.jar;C:\Users\Dimas Prasetyo\.gradle\caches\modules-2\files-2.1\com.fasterxml.jackson.module\jackson-module-parameter-names\2.15.4\e654497a08359db2521b69b5f710e00836915d8c\jackson-module-parameter-names-2.15.4.jar;C:\Users\Dimas Prasetyo\.gradle\caches\modules-2\files-2.1\org.apache.tomcat.embed\tomcat-embed-websocket\10.1.19\adf4710fac2471236f8a466ca678cdf7e6a8257c\tomcat-embed-websocket-10.1.19.jar;C:\Users\Dimas Prasetyo\.gradle\caches\modules-2\files-2.1\org.apache.tomcat.embed\tomcat-embed-core\10.1.19\3dbbca8acbd4dd6a137c3d6f934a2931512b42ce\tomcat-embed-core-10.1.19.jar;C:\Users\Dimas Prasetyo\.gradle\caches\modules-2\files-2.1\org.apache.tomcat.embed\tomcat-embed-el\10.1.19\c61a582c391aca130884a5421deedfe1a96c7415\tomcat-embed-el-10.1.19.jar;C:\Users\Dimas Prasetyo\.gradle\caches\modules-2\files-2.1\org.apache.commons\commons-lang3\3.12.0\c6842c86792ff03b9f1d1fe2aab8dc23aa6c6f0e\commons-lang3-3.12.0.jar;C:\Users\Dimas Prasetyo\.gradle\caches\modules-2\files-2.1\ch.qos.logback\logback-classic\1.4.14\d98bc162275134cdf1518774da4a2a17ef6fb94d\logback-classic-1.4.14.jar;C:\Users\Dimas Prasetyo\.gradle\caches\modules-2\files-2.1\org.apache.logging.log4j\log4j-to-slf4j\2.20.0\d37f81f8978e2672bc32c82712ab4b3f66624adc\log4j-to-slf4j-2.20.0.jar;C:\Users\Dimas Prasetyo\.gradle\caches\modules-2\files-2.1\org.slf4j\jul-to-slf4j\2.0.12\eb5f48f782b41cc881b0bf1fb4d88ae2ff6d5b93\jul-to-slf4j-2.0.12.jar;C:\Users\Dimas Prasetyo\.gradle\caches\modules-2\files-2.1\io.micrometer\micrometer-commons\1.11.9\f90f94d38bb351c0b165981303898106bcd8cc36\micrometer-commons-1.11.9.jar;C:\Users\Dimas Prasetyo\.gradle\caches\modules-2\files-2.1\ch.qos.logback\logback-core\1.4.14\4d3c2248219ac0effeb380ed4c5280a80bf395e8\logback-core-1.4.14.jar;C:\Users\Dimas Prasetyo\.gradle\caches\modules-2\files-2.1\org.apache.logging.log4j\log4j-api\2.20.0\1fe6082e660daf07c689a89c94dc0f49c26b44bb\log4j-api-2.20.0.jar;C:\Users\Dimas Prasetyo\.gradle\caches\modules-2\files-2.1\org.postgresql\postgresql\42.6.1\aded708fdd722a277ebce49c29c3c6fa0703420\postgresql-42.6.1.jar;C:\Users\Dimas Prasetyo\.gradle\caches\modules-2\files-2.1\org.checkerframework\checker-qual\3.31.0\eeefd4af42e2f4221d145c1791582f91868f99ab\checker-qual-3.31.0.jar;C:\Users\Dimas Prasetyo\.gradle\caches\modules-2\files-2.1\org.jboss.logging\jboss-logging\3.5.3.Final\c88fc1d8a96d4c3491f55d4317458ccad53ca663\jboss-logging-3.5.3.Final.jar;C:\Users\Dimas Prasetyo\.gradle\caches\modules-2\files-2.1\org.hibernate.common\hibernate-commons-annotations\6.0.6.Final\77a5f94b56d49508e0ee334751db5b78e5ccd50c\hibernate-commons-annotations-6.0.6.Final.jar;C:\Users\Dimas Prasetyo\.gradle\caches\modules-2\files-2.1\io.smallrye\jandex\3.0.5\c548a4871b552292dbdd65409d3fda145c8925c1\jandex-3.0.5.jar;C:\Users\Dimas Prasetyo\.gradle\caches\modules-2\files-2.1\com.fasterxml\classmate\1.5.1\3fe0bed568c62df5e89f4f174c101eab25345b6c\classmate-1.5.1.jar;C:\Users\Dimas Prasetyo\.gradle\caches\modules-2\files-2.1\net.bytebuddy\byte-buddy\1.14.12\6e37f743dc15a8d7a4feb3eb0025cbc612d5b9e1\byte-buddy-1.14.12.jar;C:\Users\Dimas Prasetyo\.gradle\caches\modules-2\files-2.1\org.glassfish.jaxb\jaxb-runtime\4.0.4\7180c50ef8bd127bb1dd645458b906cffcf6c2b5\jaxb-runtime-4.0.4.jar;C:\Users\Dimas Prasetyo\.gradle\caches\modules-2\files-2.1\jakarta.xml.bind\jakarta.xml.bind-api\4.0.1\ca2330866cbc624c7e5ce982e121db1125d23e15\jakarta.xml.bind-api-4.0.1.jar;C:\Users\Dimas Prasetyo\.gradle\caches\modules-2\files-2.1\jakarta.inject\jakarta.inject-api\2.0.1\4c28afe1991a941d7702fe1362c365f0a8641d1e\jakarta.inject-api-2.0.1.jar;C:\Users\Dimas Prasetyo\.gradle\caches\modules-2\files-2.1\org.glassfish.jaxb\jaxb-core\4.0.4\2d5aadd02af86f1e9d8c6f7e8501673f915d4e25\jaxb-core-4.0.4.jar;C:\Users\Dimas Prasetyo\.gradle\caches\modules-2\files-2.1\jakarta.activation\jakarta.activation-api\2.1.2\640c0d5aff45dbff1e1a1bc09673ff3a02b1ba12\jakarta.activation-api-2.1.2.jar;C:\Users\Dimas Prasetyo\.gradle\caches\modules-2\files-2.1\org.eclipse.angus\angus-activation\2.0.1\eaafaf4eb71b400e4136fc3a286f50e34a68ecb7\angus-activation-2.0.1.jar;C:\Users\Dimas Prasetyo\.gradle\caches\modules-2\files-2.1\org.glassfish.jaxb\txw2\4.0.4\cfd2bcf08782673ac370694fdf2cf76dbaa607ef\txw2-4.0.4.jar;C:\Users\Dimas Prasetyo\.gradle\caches\modules-2\files-2.1\com.sun.istack\istack-commons-runtime\4.1.2\18ec117c85f3ba0ac65409136afa8e42bc74e739\istack-commons-runtime-4.1.2.jar
Launcher Type: SUN_STANDARD

[Global flags]
     intx CICompilerCount                          = 4                                         {product} {ergonomic}
     uint ConcGCThreads                            = 3                                         {product} {ergonomic}
     uint G1ConcRefinementThreads                  = 10                                        {product} {ergonomic}
   size_t G1HeapRegionSize                         = 2097152                                   {product} {ergonomic}
    uintx GCDrainStackTargetSize                   = 64                                        {product} {ergonomic}
   size_t InitialHeapSize                          = 266338304                                 {product} {ergonomic}
   size_t MarkStackSize                            = 4194304                                   {product} {ergonomic}
   size_t MaxHeapSize                              = 4253024256                                {product} {ergonomic}
   size_t MaxNewSize                               = 2550136832                                {product} {ergonomic}
   size_t MinHeapDeltaBytes                        = 2097152                                   {product} {ergonomic}
   size_t MinHeapSize                              = 8388608                                   {product} {ergonomic}
    uintx NonNMethodCodeHeapSize                   = 5839372                                {pd product} {ergonomic}
    uintx NonProfiledCodeHeapSize                  = 122909434                              {pd product} {ergonomic}
    uintx ProfiledCodeHeapSize                     = 122909434                              {pd product} {ergonomic}
    uintx ReservedCodeCacheSize                    = 251658240                              {pd product} {ergonomic}
     bool SegmentedCodeCache                       = true                                      {product} {ergonomic}
   size_t SoftMaxHeapSize                          = 4253024256                             {manageable} {ergonomic}
     bool UseCompressedOops                        = true                           {product lp64_product} {ergonomic}
     bool UseG1GC                                  = true                                      {product} {ergonomic}
     bool UseLargePagesIndividualAllocation        = false                                  {pd product} {ergonomic}

Logging:
Log output configuration:
 #0: stdout all=warning uptime,level,tags foldmultilines=false
 #1: stderr all=off uptime,level,tags foldmultilines=false

Environment Variables:
PATH=C:\Program Files (x86)\NVIDIA Corporation\PhysX\Common;C:\WINDOWS\system32;C:\WINDOWS;C:\WINDOWS\System32\Wbem;C:\WINDOWS\System32\WindowsPowerShell\v1.0\;C:\WINDOWS\System32\OpenSSH\;C:\Program Files\Microsoft SQL Server\130\Tools\Binn\;C:\Program Files\Go\bin;C:\Program Files\nodejs\;C:\Program Files (x86)\Microsoft SQL Server\150\DTS\Binn\;C:\Program Files\Microsoft SQL Server\Client SDK\ODBC\130\Tools\Binn\;C:\Program Files (x86)\Microsoft SQL Server\140\Tools\Binn\;C:\Program Files\Microsoft SQL Server\140\Tools\Binn\;C:\Program Files\Microsoft SQL Server\140\DTS\Binn\;C:\Program Files\Git\cmd;C:\Users\Dimas Prasetyo\AppData\Local\Microsoft\WindowsApps;;C:\Users\Dimas Prasetyo\AppData\Local\Programs\Microsoft VS Code\bin;C:\Users\Dimas Prasetyo\go\bin;C:\Users\Dimas Prasetyo\AppData\Roaming\npm
USERNAME=Dimas Prasetyo
OS=Windows_NT
PROCESSOR_IDENTIFIER=Intel64 Family 6 Model 151 Stepping 2, GenuineIntel
TMP=C:\Users\DIMASP~1\AppData\Local\Temp
TEMP=C:\Users\DIMASP~1\AppData\Local\Temp




Periodic native trim disabled

---------------  S Y S T E M  ---------------

OS:
 Windows 10 , 64 bit Build 19041 (10.0.19041.3636)
OS uptime: 1 days 1:07 hours

CPU: total 12 (initial active 12) (6 cores per cpu, 2 threads per core) family 6 model 151 stepping 2 microcode 0x2c, cx8, cmov, fxsr, ht, mmx, 3dnowpref, sse, sse2, sse3, ssse3, sse4.1, sse4.2, popcnt, lzcnt, tsc, tscinvbit, avx, avx2, aes, erms, clmul, bmi1, bmi2, adx, sha, fma, vzeroupper, clflush, clflushopt, clwb, serialize, rdtscp, rdpid, fsrm, f16c, pku, cet_ibt, cet_ss
Processor Information for all 12 processors :
  Max Mhz: 2500, Current Mhz: 2500, Mhz Limit: 2500

Memory: 4k page, system-wide physical 16216M (5227M free)
TotalPageFile size 18264M (AvailPageFile size 5M)
current process WorkingSet (physical memory assigned to process): 91M, peak: 91M
current process commit charge ("private bytes"): 366M, peak: 366M

vm_info: OpenJDK 64-Bit Server VM (21.0.2+13-LTS) for windows-amd64 JRE (21.0.2+13-LTS), built on 2024-01-10T23:18:03Z by "Administrator" with MS VC++ 16.10 / 16.11 (VS2019)

END.
