#
# There is insufficient memory for the Java Runtime Environment to continue.
# Native memory allocation (malloc) failed to allocate 1689088 bytes for Chunk::new
# Possible reasons:
#   The system is out of physical RAM or swap space
#   The process is running with CompressedOops enabled, and the Java Heap may be blocking the growth of the native heap
# Possible solutions:
#   Reduce memory load on the system
#   Increase physical memory or swap space
#   Check if swap backing store is full
#   Decrease Java heap size (-Xmx/-Xms)
#   Decrease number of Java threads
#   Decrease Java thread stack sizes (-Xss)
#   Set larger code cache with -XX:ReservedCodeCacheSize=
#   JVM is running with Unscaled Compressed Oops mode in which the Java heap is
#     placed in the first 4GB address space. The Java Heap base address is the
#     maximum limit for the native heap growth. Please use -XX:HeapBaseMinAddress
#     to set the Java Heap base and to place the Java Heap above 4GB virtual address.
# This output file may be truncated or incomplete.
#
#  Out of Memory Error (arena.cpp:168), pid=4616, tid=10900
#
# JRE version: OpenJDK Runtime Environment Corretto-21.0.2.13.1 (21.0.2+13) (build 21.0.2+13-LTS)
# Java VM: OpenJDK 64-Bit Server VM Corretto-21.0.2.13.1 (21.0.2+13-LTS, mixed mode, sharing, tiered, compressed oops, compressed class ptrs, g1 gc, windows-amd64)
# No core dump will be written. Minidumps are not enabled by default on client versions of Windows
#

---------------  S U M M A R Y ------------

Command Line: --add-opens=java.base/java.util=ALL-UNNAMED --add-opens=java.base/java.lang=ALL-UNNAMED --add-opens=java.base/java.lang.invoke=ALL-UNNAMED --add-opens=java.prefs/java.util.prefs=ALL-UNNAMED --add-opens=java.base/java.nio.charset=ALL-UNNAMED --add-opens=java.base/java.net=ALL-UNNAMED --add-opens=java.base/java.util.concurrent.atomic=ALL-UNNAMED -XX:MaxMetaspaceSize=384m -XX:+HeapDumpOnOutOfMemoryError -Xms256m -Xmx512m -Dfile.encoding=windows-1252 -Duser.country=ID -Duser.language=en -Duser.variant -javaagent:C:\Users\Dimas Prasetyo\.gradle\wrapper\dists\gradle-8.5-bin\5t9huq95ubn472n8rpzujfbqh\gradle-8.5\lib\agents\gradle-instrumentation-agent-8.5.jar org.gradle.launcher.daemon.bootstrap.GradleDaemon 8.5

Host: 12th Gen Intel(R) Core(TM) i5-12400F, 12 cores, 15G,  Windows 10 , 64 bit Build 19041 (10.0.19041.3636)
Time: Fri Feb 23 14:17:33 2024 SE Asia Standard Time elapsed time: 2.862216 seconds (0d 0h 0m 2s)

---------------  T H R E A D  ---------------

Current thread (0x00000210578f1350):  JavaThread "C2 CompilerThread1" daemon [_thread_in_native, id=10900, stack(0x0000002b99800000,0x0000002b99900000) (1024K)]


Current CompileTask:
C2:   2862 4992   !   4       java.net.URLClassLoader::findClass (47 bytes)

Stack: [0x0000002b99800000,0x0000002b99900000]
Native frames: (J=compiled Java code, j=interpreted, Vv=VM code, C=native code)
V  [jvm.dll+0x6d47f9]
V  [jvm.dll+0x8afff3]
V  [jvm.dll+0x8b234e]
V  [jvm.dll+0x8b2a33]
V  [jvm.dll+0x284e96]
V  [jvm.dll+0xc600d]
V  [jvm.dll+0xc6543]
V  [jvm.dll+0x3bc0cb]
V  [jvm.dll+0x388937]
V  [jvm.dll+0x387daa]
V  [jvm.dll+0x24d3b2]
V  [jvm.dll+0x24c981]
V  [jvm.dll+0x1cbb54]
V  [jvm.dll+0x25bf99]
V  [jvm.dll+0x25a58b]
V  [jvm.dll+0x3f6106]
V  [jvm.dll+0x8586f8]
V  [jvm.dll+0x6d303d]
C  [ucrtbase.dll+0x21bb2]
C  [KERNEL32.DLL+0x17344]
C  [ntdll.dll+0x526b1]


---------------  P R O C E S S  ---------------

Threads class SMR info:
_java_thread_list=0x0000021074f558c0, length=46, elements={
0x000002103c1dc5f0, 0x000002105749b870, 0x00000210574a1d00, 0x00000210574a39b0,
0x00000210574a4690, 0x00000210574a50f0, 0x00000210574adf70, 0x00000210574b4a30,
0x00000210574b94e0, 0x00000210576da330, 0x000002105780e240, 0x00000210578f1350,
0x00000210578f1a20, 0x00000210725dd260, 0x0000021072bd5ed0, 0x0000021072d878d0,
0x0000021071d4b040, 0x0000021071e86a40, 0x0000021071c375f0, 0x0000021072aa2170,
0x0000021072aa0dc0, 0x0000021072aa2800, 0x0000021072aa2e90, 0x0000021072aa1450,
0x0000021072aa00a0, 0x0000021072aa3520, 0x0000021073b22160, 0x0000021073b23ba0,
0x0000021073b24f50, 0x0000021073b23510, 0x0000021073b21ad0, 0x0000021073b227f0,
0x0000021073b22e80, 0x0000021073b283d0, 0x0000021073b21440, 0x0000021073b24230,
0x0000021073b28a60, 0x0000021073b248c0, 0x0000021073b255e0, 0x0000021073b25c70,
0x0000021073b26300, 0x0000021073b27020, 0x0000021073b276b0, 0x0000021073b27d40,
0x000002107356f7f0, 0x0000021073571f50
}

Java Threads: ( => current thread )
  0x000002103c1dc5f0 JavaThread "main"                              [_thread_blocked, id=6744, stack(0x0000002b98600000,0x0000002b98700000) (1024K)]
  0x000002105749b870 JavaThread "Reference Handler"          daemon [_thread_blocked, id=6584, stack(0x0000002b98e00000,0x0000002b98f00000) (1024K)]
  0x00000210574a1d00 JavaThread "Finalizer"                  daemon [_thread_blocked, id=15400, stack(0x0000002b98f00000,0x0000002b99000000) (1024K)]
  0x00000210574a39b0 JavaThread "Signal Dispatcher"          daemon [_thread_blocked, id=9352, stack(0x0000002b99000000,0x0000002b99100000) (1024K)]
  0x00000210574a4690 JavaThread "Attach Listener"            daemon [_thread_blocked, id=16320, stack(0x0000002b99100000,0x0000002b99200000) (1024K)]
  0x00000210574a50f0 JavaThread "Service Thread"             daemon [_thread_blocked, id=15004, stack(0x0000002b99200000,0x0000002b99300000) (1024K)]
  0x00000210574adf70 JavaThread "Monitor Deflation Thread"   daemon [_thread_blocked, id=17188, stack(0x0000002b99300000,0x0000002b99400000) (1024K)]
  0x00000210574b4a30 JavaThread "C2 CompilerThread0"         daemon [_thread_in_native, id=10196, stack(0x0000002b99400000,0x0000002b99500000) (1024K)]
  0x00000210574b94e0 JavaThread "C1 CompilerThread0"         daemon [_thread_blocked, id=15628, stack(0x0000002b99500000,0x0000002b99600000) (1024K)]
  0x00000210576da330 JavaThread "Common-Cleaner"             daemon [_thread_blocked, id=17600, stack(0x0000002b99600000,0x0000002b99700000) (1024K)]
  0x000002105780e240 JavaThread "Notification Thread"        daemon [_thread_blocked, id=16392, stack(0x0000002b99700000,0x0000002b99800000) (1024K)]
=>0x00000210578f1350 JavaThread "C2 CompilerThread1"         daemon [_thread_in_native, id=10900, stack(0x0000002b99800000,0x0000002b99900000) (1024K)]
  0x00000210578f1a20 JavaThread "C2 CompilerThread2"         daemon [_thread_in_native, id=10076, stack(0x0000002b99900000,0x0000002b99a00000) (1024K)]
  0x00000210725dd260 JavaThread "Daemon health stats"               [_thread_blocked, id=12000, stack(0x0000002b99f00000,0x0000002b9a000000) (1024K)]
  0x0000021072bd5ed0 JavaThread "Incoming local TCP Connector on port 64466"        [_thread_in_native, id=17068, stack(0x0000002b9a000000,0x0000002b9a100000) (1024K)]
  0x0000021072d878d0 JavaThread "Daemon periodic checks"            [_thread_blocked, id=13980, stack(0x0000002b9a100000,0x0000002b9a200000) (1024K)]
  0x0000021071d4b040 JavaThread "Daemon"                            [_thread_blocked, id=8620, stack(0x0000002b9a200000,0x0000002b9a300000) (1024K)]
  0x0000021071e86a40 JavaThread "Handler for socket connection from /127.0.0.1:64466 to /127.0.0.1:64467"        [_thread_in_native, id=8452, stack(0x0000002b9a300000,0x0000002b9a400000) (1024K)]
  0x0000021071c375f0 JavaThread "Cancel handler"                    [_thread_blocked, id=17336, stack(0x0000002b9a400000,0x0000002b9a500000) (1024K)]
  0x0000021072aa2170 JavaThread "Daemon worker"                     [_thread_blocked, id=18020, stack(0x0000002b9a500000,0x0000002b9a600000) (1024K)]
  0x0000021072aa0dc0 JavaThread "Asynchronous log dispatcher for DefaultDaemonConnection: socket connection from /127.0.0.1:64466 to /127.0.0.1:64467"        [_thread_blocked, id=18252, stack(0x0000002b9a600000,0x0000002b9a700000) (1024K)]
  0x0000021072aa2800 JavaThread "Stdin handler"                     [_thread_blocked, id=18212, stack(0x0000002b9a700000,0x0000002b9a800000) (1024K)]
  0x0000021072aa2e90 JavaThread "Daemon client event forwarder"        [_thread_blocked, id=14912, stack(0x0000002b9a800000,0x0000002b9a900000) (1024K)]
  0x0000021072aa1450 JavaThread "Cache worker for journal cache (C:\Users\Dimas Prasetyo\.gradle\caches\journal-1)"        [_thread_blocked, id=2784, stack(0x0000002b9a900000,0x0000002b9aa00000) (1024K)]
  0x0000021072aa00a0 JavaThread "File lock request listener"        [_thread_in_native, id=5312, stack(0x0000002b9aa00000,0x0000002b9ab00000) (1024K)]
  0x0000021072aa3520 JavaThread "Cache worker for file hash cache (C:\Users\Dimas Prasetyo\.gradle\caches\8.5\fileHashes)"        [_thread_blocked, id=10104, stack(0x0000002b9ab00000,0x0000002b9ac00000) (1024K)]
  0x0000021073b22160 JavaThread "File watcher server"        daemon [_thread_in_native, id=12396, stack(0x0000002b9b200000,0x0000002b9b300000) (1024K)]
  0x0000021073b23ba0 JavaThread "File watcher consumer"      daemon [_thread_blocked, id=2508, stack(0x0000002b9b300000,0x0000002b9b400000) (1024K)]
  0x0000021073b24f50 JavaThread "jar transforms"                    [_thread_blocked, id=3172, stack(0x0000002b9b400000,0x0000002b9b500000) (1024K)]
  0x0000021073b23510 JavaThread "jar transforms Thread 2"           [_thread_blocked, id=1424, stack(0x0000002b9b500000,0x0000002b9b600000) (1024K)]
  0x0000021073b21ad0 JavaThread "jar transforms Thread 3"           [_thread_blocked, id=548, stack(0x0000002b9b600000,0x0000002b9b700000) (1024K)]
  0x0000021073b227f0 JavaThread "jar transforms Thread 4"           [_thread_blocked, id=9224, stack(0x0000002b9b700000,0x0000002b9b800000) (1024K)]
  0x0000021073b22e80 JavaThread "jar transforms Thread 5"           [_thread_blocked, id=5260, stack(0x0000002b9b800000,0x0000002b9b900000) (1024K)]
  0x0000021073b283d0 JavaThread "jar transforms Thread 6"           [_thread_blocked, id=6272, stack(0x0000002b9b900000,0x0000002b9ba00000) (1024K)]
  0x0000021073b21440 JavaThread "jar transforms Thread 7"           [_thread_blocked, id=14400, stack(0x0000002b9ba00000,0x0000002b9bb00000) (1024K)]
  0x0000021073b24230 JavaThread "jar transforms Thread 8"           [_thread_in_Java, id=15356, stack(0x0000002b9bb00000,0x0000002b9bc00000) (1024K)]
  0x0000021073b28a60 JavaThread "jar transforms Thread 9"           [_thread_blocked, id=8588, stack(0x0000002b9bc00000,0x0000002b9bd00000) (1024K)]
  0x0000021073b248c0 JavaThread "jar transforms Thread 10"          [_thread_blocked, id=8632, stack(0x0000002b9bd00000,0x0000002b9be00000) (1024K)]
  0x0000021073b255e0 JavaThread "jar transforms Thread 11"          [_thread_blocked, id=18380, stack(0x0000002b9be00000,0x0000002b9bf00000) (1024K)]
  0x0000021073b25c70 JavaThread "Cache worker for checksums cache (C:\Users\Dimas Prasetyo\IdeaProjects\Library\.gradle\8.5\checksums)"        [_thread_blocked, id=14196, stack(0x0000002b9bf00000,0x0000002b9c000000) (1024K)]
  0x0000021073b26300 JavaThread "Cache worker for file hash cache (C:\Users\Dimas Prasetyo\IdeaProjects\Library\.gradle\8.5\fileHashes)"        [_thread_blocked, id=17980, stack(0x0000002b9c000000,0x0000002b9c100000) (1024K)]
  0x0000021073b27020 JavaThread "Cache worker for cache directory md-supplier (C:\Users\Dimas Prasetyo\.gradle\caches\8.5\md-supplier)"        [_thread_blocked, id=16096, stack(0x0000002b9c100000,0x0000002b9c200000) (1024K)]
  0x0000021073b276b0 JavaThread "Cache worker for cache directory md-rule (C:\Users\Dimas Prasetyo\.gradle\caches\8.5\md-rule)"        [_thread_blocked, id=6832, stack(0x0000002b9c200000,0x0000002b9c300000) (1024K)]
  0x0000021073b27d40 JavaThread "Cache worker for file content cache (C:\Users\Dimas Prasetyo\.gradle\caches\8.5\fileContent)"        [_thread_blocked, id=9156, stack(0x0000002b9c300000,0x0000002b9c400000) (1024K)]
  0x000002107356f7f0 JavaThread "Cache worker for execution history cache (C:\Users\Dimas Prasetyo\.gradle\caches\8.5\executionHistory)"        [_thread_blocked, id=15480, stack(0x0000002b9c400000,0x0000002b9c500000) (1024K)]
  0x0000021073571f50 JavaThread "jar transforms Thread 12"          [_thread_blocked, id=17276, stack(0x0000002b9c500000,0x0000002b9c600000) (1024K)]
Total: 46

Other Threads:
  0x000002105747b560 VMThread "VM Thread"                           [id=2568, stack(0x0000002b98d00000,0x0000002b98e00000) (1024K)]
  0x0000021057464160 WatcherThread "VM Periodic Task Thread"        [id=4892, stack(0x0000002b98c00000,0x0000002b98d00000) (1024K)]
  0x000002103c2078c0 WorkerThread "GC Thread#0"                     [id=15368, stack(0x0000002b98700000,0x0000002b98800000) (1024K)]
  0x0000021071839670 WorkerThread "GC Thread#1"                     [id=6704, stack(0x0000002b99a00000,0x0000002b99b00000) (1024K)]
  0x0000021071cce3e0 WorkerThread "GC Thread#2"                     [id=15328, stack(0x0000002b99b00000,0x0000002b99c00000) (1024K)]
  0x00000210717b31b0 WorkerThread "GC Thread#3"                     [id=15904, stack(0x0000002b99c00000,0x0000002b99d00000) (1024K)]
  0x0000021071c51bb0 WorkerThread "GC Thread#4"                     [id=14852, stack(0x0000002b99d00000,0x0000002b99e00000) (1024K)]
  0x0000021071c51f50 WorkerThread "GC Thread#5"                     [id=2860, stack(0x0000002b99e00000,0x0000002b99f00000) (1024K)]
  0x00000210733258a0 WorkerThread "GC Thread#6"                     [id=14592, stack(0x0000002b9ac00000,0x0000002b9ad00000) (1024K)]
  0x0000021073326720 WorkerThread "GC Thread#7"                     [id=15096, stack(0x0000002b9ad00000,0x0000002b9ae00000) (1024K)]
  0x0000021073326ac0 WorkerThread "GC Thread#8"                     [id=9872, stack(0x0000002b9ae00000,0x0000002b9af00000) (1024K)]
  0x0000021073325500 WorkerThread "GC Thread#9"                     [id=16140, stack(0x0000002b9af00000,0x0000002b9b000000) (1024K)]
  0x000002103c20e980 ConcurrentGCThread "G1 Main Marker"            [id=13756, stack(0x0000002b98800000,0x0000002b98900000) (1024K)]
  0x000002103c20f390 WorkerThread "G1 Conc#0"                       [id=11020, stack(0x0000002b98900000,0x0000002b98a00000) (1024K)]
  0x0000021073325160 WorkerThread "G1 Conc#1"                       [id=16360, stack(0x0000002b9b000000,0x0000002b9b100000) (1024K)]
  0x000002107403b510 WorkerThread "G1 Conc#2"                       [id=16388, stack(0x0000002b9b100000,0x0000002b9b200000) (1024K)]
  0x000002105733b5a0 ConcurrentGCThread "G1 Refine#0"               [id=13336, stack(0x0000002b98a00000,0x0000002b98b00000) (1024K)]
  0x000002105733ddd0 ConcurrentGCThread "G1 Service"                [id=1400, stack(0x0000002b98b00000,0x0000002b98c00000) (1024K)]
Total: 18

Threads with active compile tasks:
C2 CompilerThread0     2869 5025   !   4       java.net.URLClassLoader$1::run (81 bytes)
C2 CompilerThread1     2869 4992   !   4       java.net.URLClassLoader::findClass (47 bytes)
C2 CompilerThread2     2869 5024       4       java.net.URLClassLoader$1::run (5 bytes)
Total: 3

VM state: not at safepoint (normal execution)

VM Mutex/Monitor currently owned by a thread: None

Heap address: 0x00000000e0000000, size: 512 MB, Compressed Oops mode: 32-bit

CDS archive(s) mapped at: [0x0000021058000000-0x0000021058c90000-0x0000021058c90000), size 13172736, SharedBaseAddress: 0x0000021058000000, ArchiveRelocationMode: 1.
Compressed class space mapped at: 0x0000021059000000-0x000002106d000000, reserved size: 335544320
Narrow klass base: 0x0000021058000000, Narrow klass shift: 0, Narrow klass range: 0x100000000

GC Precious Log:
 CardTable entry size: 512
 Card Set container configuration: InlinePtr #cards 5 size 8 Array Of Cards #cards 12 size 40 Howl #buckets 4 coarsen threshold 1843 Howl Bitmap #cards 512 size 80 coarsen threshold 460 Card regions per heap region 1 cards per card region 2048
 CPUs: 12 total, 12 available
 Memory: 16216M
 Large Page Support: Disabled
 NUMA Support: Disabled
 Compressed Oops: Enabled (32-bit)
 Heap Region Size: 1M
 Heap Min Capacity: 256M
 Heap Initial Capacity: 256M
 Heap Max Capacity: 512M
 Pre-touch: Disabled
 Parallel Workers: 10
 Concurrent Workers: 3
 Concurrent Refinement Workers: 10
 Periodic GC: Disabled

Heap:
 garbage-first heap   total 262144K, used 163088K [0x00000000e0000000, 0x0000000100000000)
  region size 1024K, 119 young (121856K), 10 survivors (10240K)
 Metaspace       used 46010K, committed 47488K, reserved 393216K
  class space    used 6496K, committed 7232K, reserved 327680K

Heap Regions: E=young(eden), S=young(survivor), O=old, HS=humongous(starts), HC=humongous(continues), CS=collection set, F=free, TAMS=top-at-mark-start, PB=parsable bottom
|   0|0x00000000e0000000, 0x00000000e0100000, 0x00000000e0100000|100%|HS|  |TAMS 0x00000000e0000000| PB 0x00000000e0000000| Complete 
|   1|0x00000000e0100000, 0x00000000e0200000, 0x00000000e0200000|100%|HC|  |TAMS 0x00000000e0100000| PB 0x00000000e0100000| Complete 
|   2|0x00000000e0200000, 0x00000000e0300000, 0x00000000e0300000|100%|HC|  |TAMS 0x00000000e0200000| PB 0x00000000e0200000| Complete 
|   3|0x00000000e0300000, 0x00000000e0400000, 0x00000000e0400000|100%|HC|  |TAMS 0x00000000e0300000| PB 0x00000000e0300000| Complete 
|   4|0x00000000e0400000, 0x00000000e0500000, 0x00000000e0500000|100%| O|  |TAMS 0x00000000e0400000| PB 0x00000000e0400000| Untracked 
|   5|0x00000000e0500000, 0x00000000e0600000, 0x00000000e0600000|100%| O|  |TAMS 0x00000000e0500000| PB 0x00000000e0500000| Untracked 
|   6|0x00000000e0600000, 0x00000000e0700000, 0x00000000e0700000|100%| O|  |TAMS 0x00000000e0600000| PB 0x00000000e0600000| Untracked 
|   7|0x00000000e0700000, 0x00000000e0800000, 0x00000000e0800000|100%| O|  |TAMS 0x00000000e0700000| PB 0x00000000e0700000| Untracked 
|   8|0x00000000e0800000, 0x00000000e0900000, 0x00000000e0900000|100%| O|  |TAMS 0x00000000e0800000| PB 0x00000000e0800000| Untracked 
|   9|0x00000000e0900000, 0x00000000e0a00000, 0x00000000e0a00000|100%| O|  |TAMS 0x00000000e0900000| PB 0x00000000e0900000| Untracked 
|  10|0x00000000e0a00000, 0x00000000e0b00000, 0x00000000e0b00000|100%| O|  |TAMS 0x00000000e0a00000| PB 0x00000000e0a00000| Untracked 
|  11|0x00000000e0b00000, 0x00000000e0c00000, 0x00000000e0c00000|100%|HS|  |TAMS 0x00000000e0b00000| PB 0x00000000e0b00000| Complete 
|  12|0x00000000e0c00000, 0x00000000e0d00000, 0x00000000e0d00000|100%|HC|  |TAMS 0x00000000e0c00000| PB 0x00000000e0c00000| Complete 
|  13|0x00000000e0d00000, 0x00000000e0e00000, 0x00000000e0e00000|100%|HS|  |TAMS 0x00000000e0d00000| PB 0x00000000e0d00000| Complete 
|  14|0x00000000e0e00000, 0x00000000e0f00000, 0x00000000e0f00000|100%|HC|  |TAMS 0x00000000e0e00000| PB 0x00000000e0e00000| Complete 
|  15|0x00000000e0f00000, 0x00000000e1000000, 0x00000000e1000000|100%|HC|  |TAMS 0x00000000e0f00000| PB 0x00000000e0f00000| Complete 
|  16|0x00000000e1000000, 0x00000000e1100000, 0x00000000e1100000|100%|HS|  |TAMS 0x00000000e1000000| PB 0x00000000e1000000| Complete 
|  17|0x00000000e1100000, 0x00000000e1200000, 0x00000000e1200000|100%|HC|  |TAMS 0x00000000e1100000| PB 0x00000000e1100000| Complete 
|  18|0x00000000e1200000, 0x00000000e1300000, 0x00000000e1300000|100%|HC|  |TAMS 0x00000000e1200000| PB 0x00000000e1200000| Complete 
|  19|0x00000000e1300000, 0x00000000e1400000, 0x00000000e1400000|100%|HS|  |TAMS 0x00000000e1300000| PB 0x00000000e1300000| Complete 
|  20|0x00000000e1400000, 0x00000000e1500000, 0x00000000e1500000|100%|HC|  |TAMS 0x00000000e1400000| PB 0x00000000e1400000| Complete 
|  21|0x00000000e1500000, 0x00000000e1600000, 0x00000000e1600000|100%|HC|  |TAMS 0x00000000e1500000| PB 0x00000000e1500000| Complete 
|  22|0x00000000e1600000, 0x00000000e1700000, 0x00000000e1700000|100%| O|  |TAMS 0x00000000e1600000| PB 0x00000000e1600000| Untracked 
|  23|0x00000000e1700000, 0x00000000e1800000, 0x00000000e1800000|100%| O|  |TAMS 0x00000000e1700000| PB 0x00000000e1700000| Untracked 
|  24|0x00000000e1800000, 0x00000000e1900000, 0x00000000e1900000|100%| O|  |TAMS 0x00000000e1800000| PB 0x00000000e1800000| Untracked 
|  25|0x00000000e1900000, 0x00000000e1a00000, 0x00000000e1a00000|100%| O|  |TAMS 0x00000000e1900000| PB 0x00000000e1900000| Untracked 
|  26|0x00000000e1a00000, 0x00000000e1b00000, 0x00000000e1b00000|100%| O|  |TAMS 0x00000000e1a00000| PB 0x00000000e1a00000| Untracked 
|  27|0x00000000e1b00000, 0x00000000e1c00000, 0x00000000e1c00000|100%| O|  |TAMS 0x00000000e1b00000| PB 0x00000000e1b00000| Untracked 
|  28|0x00000000e1c00000, 0x00000000e1d00000, 0x00000000e1d00000|100%| O|  |TAMS 0x00000000e1c00000| PB 0x00000000e1c00000| Untracked 
|  29|0x00000000e1d00000, 0x00000000e1e00000, 0x00000000e1e00000|100%| O|  |TAMS 0x00000000e1d00000| PB 0x00000000e1d00000| Untracked 
|  30|0x00000000e1e00000, 0x00000000e1f00000, 0x00000000e1f00000|100%| O|  |TAMS 0x00000000e1e00000| PB 0x00000000e1e00000| Untracked 
|  31|0x00000000e1f00000, 0x00000000e2000000, 0x00000000e2000000|100%| O|  |TAMS 0x00000000e1f00000| PB 0x00000000e1f00000| Untracked 
|  32|0x00000000e2000000, 0x00000000e2100000, 0x00000000e2100000|100%| O|  |TAMS 0x00000000e2000000| PB 0x00000000e2000000| Untracked 
|  33|0x00000000e2100000, 0x00000000e2200000, 0x00000000e2200000|100%|HS|  |TAMS 0x00000000e2100000| PB 0x00000000e2100000| Complete 
|  34|0x00000000e2200000, 0x00000000e2300000, 0x00000000e2300000|100%|HS|  |TAMS 0x00000000e2200000| PB 0x00000000e2200000| Complete 
|  35|0x00000000e2300000, 0x00000000e2400000, 0x00000000e2400000|100%|HC|  |TAMS 0x00000000e2300000| PB 0x00000000e2300000| Complete 
|  36|0x00000000e2400000, 0x00000000e2500000, 0x00000000e2500000|100%|HS|  |TAMS 0x00000000e2400000| PB 0x00000000e2400000| Complete 
|  37|0x00000000e2500000, 0x00000000e2600000, 0x00000000e2600000|100%|HC|  |TAMS 0x00000000e2500000| PB 0x00000000e2500000| Complete 
|  38|0x00000000e2600000, 0x00000000e2700000, 0x00000000e2700000|100%|HS|  |TAMS 0x00000000e2600000| PB 0x00000000e2600000| Complete 
|  39|0x00000000e2700000, 0x00000000e2800000, 0x00000000e2800000|100%|HC|  |TAMS 0x00000000e2700000| PB 0x00000000e2700000| Complete 
|  40|0x00000000e2800000, 0x00000000e2900000, 0x00000000e2900000|100%|HC|  |TAMS 0x00000000e2800000| PB 0x00000000e2800000| Complete 
|  41|0x00000000e2900000, 0x00000000e2a00000, 0x00000000e2a00000|100%|HS|  |TAMS 0x00000000e2900000| PB 0x00000000e2900000| Complete 
|  42|0x00000000e2a00000, 0x00000000e2b00000, 0x00000000e2b00000|100%|HS|  |TAMS 0x00000000e2a00000| PB 0x00000000e2a00000| Complete 
|  43|0x00000000e2b00000, 0x00000000e2b00000, 0x00000000e2c00000|  0%| F|  |TAMS 0x00000000e2b00000| PB 0x00000000e2b00000| Untracked 
|  44|0x00000000e2c00000, 0x00000000e2c00000, 0x00000000e2d00000|  0%| F|  |TAMS 0x00000000e2c00000| PB 0x00000000e2c00000| Untracked 
|  45|0x00000000e2d00000, 0x00000000e2d00000, 0x00000000e2e00000|  0%| F|  |TAMS 0x00000000e2d00000| PB 0x00000000e2d00000| Untracked 
|  46|0x00000000e2e00000, 0x00000000e2e00000, 0x00000000e2f00000|  0%| F|  |TAMS 0x00000000e2e00000| PB 0x00000000e2e00000| Untracked 
|  47|0x00000000e2f00000, 0x00000000e2f00000, 0x00000000e3000000|  0%| F|  |TAMS 0x00000000e2f00000| PB 0x00000000e2f00000| Untracked 
|  48|0x00000000e3000000, 0x00000000e3000000, 0x00000000e3100000|  0%| F|  |TAMS 0x00000000e3000000| PB 0x00000000e3000000| Untracked 
|  49|0x00000000e3100000, 0x00000000e3100000, 0x00000000e3200000|  0%| F|  |TAMS 0x00000000e3100000| PB 0x00000000e3100000| Untracked 
|  50|0x00000000e3200000, 0x00000000e3200000, 0x00000000e3300000|  0%| F|  |TAMS 0x00000000e3200000| PB 0x00000000e3200000| Untracked 
|  51|0x00000000e3300000, 0x00000000e3300000, 0x00000000e3400000|  0%| F|  |TAMS 0x00000000e3300000| PB 0x00000000e3300000| Untracked 
|  52|0x00000000e3400000, 0x00000000e3400000, 0x00000000e3500000|  0%| F|  |TAMS 0x00000000e3400000| PB 0x00000000e3400000| Untracked 
|  53|0x00000000e3500000, 0x00000000e3500000, 0x00000000e3600000|  0%| F|  |TAMS 0x00000000e3500000| PB 0x00000000e3500000| Untracked 
|  54|0x00000000e3600000, 0x00000000e3600000, 0x00000000e3700000|  0%| F|  |TAMS 0x00000000e3600000| PB 0x00000000e3600000| Untracked 
|  55|0x00000000e3700000, 0x00000000e3700000, 0x00000000e3800000|  0%| F|  |TAMS 0x00000000e3700000| PB 0x00000000e3700000| Untracked 
|  56|0x00000000e3800000, 0x00000000e3800000, 0x00000000e3900000|  0%| F|  |TAMS 0x00000000e3800000| PB 0x00000000e3800000| Untracked 
|  57|0x00000000e3900000, 0x00000000e3900000, 0x00000000e3a00000|  0%| F|  |TAMS 0x00000000e3900000| PB 0x00000000e3900000| Untracked 
|  58|0x00000000e3a00000, 0x00000000e3a00000, 0x00000000e3b00000|  0%| F|  |TAMS 0x00000000e3a00000| PB 0x00000000e3a00000| Untracked 
|  59|0x00000000e3b00000, 0x00000000e3b00000, 0x00000000e3c00000|  0%| F|  |TAMS 0x00000000e3b00000| PB 0x00000000e3b00000| Untracked 
|  60|0x00000000e3c00000, 0x00000000e3c00000, 0x00000000e3d00000|  0%| F|  |TAMS 0x00000000e3c00000| PB 0x00000000e3c00000| Untracked 
|  61|0x00000000e3d00000, 0x00000000e3d00000, 0x00000000e3e00000|  0%| F|  |TAMS 0x00000000e3d00000| PB 0x00000000e3d00000| Untracked 
|  62|0x00000000e3e00000, 0x00000000e3e00000, 0x00000000e3f00000|  0%| F|  |TAMS 0x00000000e3e00000| PB 0x00000000e3e00000| Untracked 
|  63|0x00000000e3f00000, 0x00000000e3f00000, 0x00000000e4000000|  0%| F|  |TAMS 0x00000000e3f00000| PB 0x00000000e3f00000| Untracked 
|  64|0x00000000e4000000, 0x00000000e4000000, 0x00000000e4100000|  0%| F|  |TAMS 0x00000000e4000000| PB 0x00000000e4000000| Untracked 
|  65|0x00000000e4100000, 0x00000000e4100000, 0x00000000e4200000|  0%| F|  |TAMS 0x00000000e4100000| PB 0x00000000e4100000| Untracked 
|  66|0x00000000e4200000, 0x00000000e4200000, 0x00000000e4300000|  0%| F|  |TAMS 0x00000000e4200000| PB 0x00000000e4200000| Untracked 
|  67|0x00000000e4300000, 0x00000000e4300000, 0x00000000e4400000|  0%| F|  |TAMS 0x00000000e4300000| PB 0x00000000e4300000| Untracked 
|  68|0x00000000e4400000, 0x00000000e4400000, 0x00000000e4500000|  0%| F|  |TAMS 0x00000000e4400000| PB 0x00000000e4400000| Untracked 
|  69|0x00000000e4500000, 0x00000000e4500000, 0x00000000e4600000|  0%| F|  |TAMS 0x00000000e4500000| PB 0x00000000e4500000| Untracked 
|  70|0x00000000e4600000, 0x00000000e4600000, 0x00000000e4700000|  0%| F|  |TAMS 0x00000000e4600000| PB 0x00000000e4600000| Untracked 
|  71|0x00000000e4700000, 0x00000000e4700000, 0x00000000e4800000|  0%| F|  |TAMS 0x00000000e4700000| PB 0x00000000e4700000| Untracked 
|  72|0x00000000e4800000, 0x00000000e4800000, 0x00000000e4900000|  0%| F|  |TAMS 0x00000000e4800000| PB 0x00000000e4800000| Untracked 
|  73|0x00000000e4900000, 0x00000000e4900000, 0x00000000e4a00000|  0%| F|  |TAMS 0x00000000e4900000| PB 0x00000000e4900000| Untracked 
|  74|0x00000000e4a00000, 0x00000000e4a00000, 0x00000000e4b00000|  0%| F|  |TAMS 0x00000000e4a00000| PB 0x00000000e4a00000| Untracked 
|  75|0x00000000e4b00000, 0x00000000e4b00000, 0x00000000e4c00000|  0%| F|  |TAMS 0x00000000e4b00000| PB 0x00000000e4b00000| Untracked 
|  76|0x00000000e4c00000, 0x00000000e4c00000, 0x00000000e4d00000|  0%| F|  |TAMS 0x00000000e4c00000| PB 0x00000000e4c00000| Untracked 
|  77|0x00000000e4d00000, 0x00000000e4d00000, 0x00000000e4e00000|  0%| F|  |TAMS 0x00000000e4d00000| PB 0x00000000e4d00000| Untracked 
|  78|0x00000000e4e00000, 0x00000000e4e00000, 0x00000000e4f00000|  0%| F|  |TAMS 0x00000000e4e00000| PB 0x00000000e4e00000| Untracked 
|  79|0x00000000e4f00000, 0x00000000e4f00000, 0x00000000e5000000|  0%| F|  |TAMS 0x00000000e4f00000| PB 0x00000000e4f00000| Untracked 
|  80|0x00000000e5000000, 0x00000000e5000000, 0x00000000e5100000|  0%| F|  |TAMS 0x00000000e5000000| PB 0x00000000e5000000| Untracked 
|  81|0x00000000e5100000, 0x00000000e5100000, 0x00000000e5200000|  0%| F|  |TAMS 0x00000000e5100000| PB 0x00000000e5100000| Untracked 
|  82|0x00000000e5200000, 0x00000000e5200000, 0x00000000e5300000|  0%| F|  |TAMS 0x00000000e5200000| PB 0x00000000e5200000| Untracked 
|  83|0x00000000e5300000, 0x00000000e5300000, 0x00000000e5400000|  0%| F|  |TAMS 0x00000000e5300000| PB 0x00000000e5300000| Untracked 
|  84|0x00000000e5400000, 0x00000000e5400000, 0x00000000e5500000|  0%| F|  |TAMS 0x00000000e5400000| PB 0x00000000e5400000| Untracked 
|  85|0x00000000e5500000, 0x00000000e5500000, 0x00000000e5600000|  0%| F|  |TAMS 0x00000000e5500000| PB 0x00000000e5500000| Untracked 
|  86|0x00000000e5600000, 0x00000000e5600000, 0x00000000e5700000|  0%| F|  |TAMS 0x00000000e5600000| PB 0x00000000e5600000| Untracked 
|  87|0x00000000e5700000, 0x00000000e5700000, 0x00000000e5800000|  0%| F|  |TAMS 0x00000000e5700000| PB 0x00000000e5700000| Untracked 
|  88|0x00000000e5800000, 0x00000000e5800000, 0x00000000e5900000|  0%| F|  |TAMS 0x00000000e5800000| PB 0x00000000e5800000| Untracked 
|  89|0x00000000e5900000, 0x00000000e5900000, 0x00000000e5a00000|  0%| F|  |TAMS 0x00000000e5900000| PB 0x00000000e5900000| Untracked 
|  90|0x00000000e5a00000, 0x00000000e5a00000, 0x00000000e5b00000|  0%| F|  |TAMS 0x00000000e5a00000| PB 0x00000000e5a00000| Untracked 
|  91|0x00000000e5b00000, 0x00000000e5b00000, 0x00000000e5c00000|  0%| F|  |TAMS 0x00000000e5b00000| PB 0x00000000e5b00000| Untracked 
|  92|0x00000000e5c00000, 0x00000000e5c00000, 0x00000000e5d00000|  0%| F|  |TAMS 0x00000000e5c00000| PB 0x00000000e5c00000| Untracked 
|  93|0x00000000e5d00000, 0x00000000e5d00000, 0x00000000e5e00000|  0%| F|  |TAMS 0x00000000e5d00000| PB 0x00000000e5d00000| Untracked 
|  94|0x00000000e5e00000, 0x00000000e5e00000, 0x00000000e5f00000|  0%| F|  |TAMS 0x00000000e5e00000| PB 0x00000000e5e00000| Untracked 
|  95|0x00000000e5f00000, 0x00000000e5f00000, 0x00000000e6000000|  0%| F|  |TAMS 0x00000000e5f00000| PB 0x00000000e5f00000| Untracked 
|  96|0x00000000e6000000, 0x00000000e6000000, 0x00000000e6100000|  0%| F|  |TAMS 0x00000000e6000000| PB 0x00000000e6000000| Untracked 
|  97|0x00000000e6100000, 0x00000000e6100000, 0x00000000e6200000|  0%| F|  |TAMS 0x00000000e6100000| PB 0x00000000e6100000| Untracked 
|  98|0x00000000e6200000, 0x00000000e6200000, 0x00000000e6300000|  0%| F|  |TAMS 0x00000000e6200000| PB 0x00000000e6200000| Untracked 
|  99|0x00000000e6300000, 0x00000000e6300000, 0x00000000e6400000|  0%| F|  |TAMS 0x00000000e6300000| PB 0x00000000e6300000| Untracked 
| 100|0x00000000e6400000, 0x00000000e6400000, 0x00000000e6500000|  0%| F|  |TAMS 0x00000000e6400000| PB 0x00000000e6400000| Untracked 
| 101|0x00000000e6500000, 0x00000000e6500000, 0x00000000e6600000|  0%| F|  |TAMS 0x00000000e6500000| PB 0x00000000e6500000| Untracked 
| 102|0x00000000e6600000, 0x00000000e6600000, 0x00000000e6700000|  0%| F|  |TAMS 0x00000000e6600000| PB 0x00000000e6600000| Untracked 
| 103|0x00000000e6700000, 0x00000000e6700000, 0x00000000e6800000|  0%| F|  |TAMS 0x00000000e6700000| PB 0x00000000e6700000| Untracked 
| 104|0x00000000e6800000, 0x00000000e6800000, 0x00000000e6900000|  0%| F|  |TAMS 0x00000000e6800000| PB 0x00000000e6800000| Untracked 
| 105|0x00000000e6900000, 0x00000000e6900000, 0x00000000e6a00000|  0%| F|  |TAMS 0x00000000e6900000| PB 0x00000000e6900000| Untracked 
| 106|0x00000000e6a00000, 0x00000000e6a00000, 0x00000000e6b00000|  0%| F|  |TAMS 0x00000000e6a00000| PB 0x00000000e6a00000| Untracked 
| 107|0x00000000e6b00000, 0x00000000e6b00000, 0x00000000e6c00000|  0%| F|  |TAMS 0x00000000e6b00000| PB 0x00000000e6b00000| Untracked 
| 108|0x00000000e6c00000, 0x00000000e6c00000, 0x00000000e6d00000|  0%| F|  |TAMS 0x00000000e6c00000| PB 0x00000000e6c00000| Untracked 
| 109|0x00000000e6d00000, 0x00000000e6d00000, 0x00000000e6e00000|  0%| F|  |TAMS 0x00000000e6d00000| PB 0x00000000e6d00000| Untracked 
| 110|0x00000000e6e00000, 0x00000000e6e00000, 0x00000000e6f00000|  0%| F|  |TAMS 0x00000000e6e00000| PB 0x00000000e6e00000| Untracked 
| 111|0x00000000e6f00000, 0x00000000e6f00000, 0x00000000e7000000|  0%| F|  |TAMS 0x00000000e6f00000| PB 0x00000000e6f00000| Untracked 
| 112|0x00000000e7000000, 0x00000000e7000000, 0x00000000e7100000|  0%| F|  |TAMS 0x00000000e7000000| PB 0x00000000e7000000| Untracked 
| 113|0x00000000e7100000, 0x00000000e7100000, 0x00000000e7200000|  0%| F|  |TAMS 0x00000000e7100000| PB 0x00000000e7100000| Untracked 
| 114|0x00000000e7200000, 0x00000000e7200000, 0x00000000e7300000|  0%| F|  |TAMS 0x00000000e7200000| PB 0x00000000e7200000| Untracked 
| 115|0x00000000e7300000, 0x00000000e7300000, 0x00000000e7400000|  0%| F|  |TAMS 0x00000000e7300000| PB 0x00000000e7300000| Untracked 
| 116|0x00000000e7400000, 0x00000000e7400000, 0x00000000e7500000|  0%| F|  |TAMS 0x00000000e7400000| PB 0x00000000e7400000| Untracked 
| 117|0x00000000e7500000, 0x00000000e7500000, 0x00000000e7600000|  0%| F|  |TAMS 0x00000000e7500000| PB 0x00000000e7500000| Untracked 
| 118|0x00000000e7600000, 0x00000000e7600000, 0x00000000e7700000|  0%| F|  |TAMS 0x00000000e7600000| PB 0x00000000e7600000| Untracked 
| 119|0x00000000e7700000, 0x00000000e7700000, 0x00000000e7800000|  0%| F|  |TAMS 0x00000000e7700000| PB 0x00000000e7700000| Untracked 
| 120|0x00000000e7800000, 0x00000000e7800000, 0x00000000e7900000|  0%| F|  |TAMS 0x00000000e7800000| PB 0x00000000e7800000| Untracked 
| 121|0x00000000e7900000, 0x00000000e7900000, 0x00000000e7a00000|  0%| F|  |TAMS 0x00000000e7900000| PB 0x00000000e7900000| Untracked 
| 122|0x00000000e7a00000, 0x00000000e7a00000, 0x00000000e7b00000|  0%| F|  |TAMS 0x00000000e7a00000| PB 0x00000000e7a00000| Untracked 
| 123|0x00000000e7b00000, 0x00000000e7b00000, 0x00000000e7c00000|  0%| F|  |TAMS 0x00000000e7b00000| PB 0x00000000e7b00000| Untracked 
| 124|0x00000000e7c00000, 0x00000000e7c00000, 0x00000000e7d00000|  0%| F|  |TAMS 0x00000000e7c00000| PB 0x00000000e7c00000| Untracked 
| 125|0x00000000e7d00000, 0x00000000e7d00000, 0x00000000e7e00000|  0%| F|  |TAMS 0x00000000e7d00000| PB 0x00000000e7d00000| Untracked 
| 126|0x00000000e7e00000, 0x00000000e7e00000, 0x00000000e7f00000|  0%| F|  |TAMS 0x00000000e7e00000| PB 0x00000000e7e00000| Untracked 
| 127|0x00000000e7f00000, 0x00000000e7f00000, 0x00000000e8000000|  0%| F|  |TAMS 0x00000000e7f00000| PB 0x00000000e7f00000| Untracked 
| 128|0x00000000e8000000, 0x00000000e8000000, 0x00000000e8100000|  0%| F|  |TAMS 0x00000000e8000000| PB 0x00000000e8000000| Untracked 
| 129|0x00000000e8100000, 0x00000000e8100000, 0x00000000e8200000|  0%| F|  |TAMS 0x00000000e8100000| PB 0x00000000e8100000| Untracked 
| 130|0x00000000e8200000, 0x00000000e8200000, 0x00000000e8300000|  0%| F|  |TAMS 0x00000000e8200000| PB 0x00000000e8200000| Untracked 
| 131|0x00000000e8300000, 0x00000000e8300000, 0x00000000e8400000|  0%| F|  |TAMS 0x00000000e8300000| PB 0x00000000e8300000| Untracked 
| 132|0x00000000e8400000, 0x00000000e8400000, 0x00000000e8500000|  0%| F|  |TAMS 0x00000000e8400000| PB 0x00000000e8400000| Untracked 
| 133|0x00000000e8500000, 0x00000000e8500000, 0x00000000e8600000|  0%| F|  |TAMS 0x00000000e8500000| PB 0x00000000e8500000| Untracked 
| 134|0x00000000e8600000, 0x00000000e8600000, 0x00000000e8700000|  0%| F|  |TAMS 0x00000000e8600000| PB 0x00000000e8600000| Untracked 
| 135|0x00000000e8700000, 0x00000000e8700000, 0x00000000e8800000|  0%| F|  |TAMS 0x00000000e8700000| PB 0x00000000e8700000| Untracked 
| 136|0x00000000e8800000, 0x00000000e8800000, 0x00000000e8900000|  0%| F|  |TAMS 0x00000000e8800000| PB 0x00000000e8800000| Untracked 
| 137|0x00000000e8900000, 0x00000000e89bedc0, 0x00000000e8a00000| 74%| E|  |TAMS 0x00000000e8900000| PB 0x00000000e8900000| Complete 
| 138|0x00000000e8a00000, 0x00000000e8b00000, 0x00000000e8b00000|100%| E|CS|TAMS 0x00000000e8a00000| PB 0x00000000e8a00000| Complete 
| 139|0x00000000e8b00000, 0x00000000e8c00000, 0x00000000e8c00000|100%| E|CS|TAMS 0x00000000e8b00000| PB 0x00000000e8b00000| Complete 
| 140|0x00000000e8c00000, 0x00000000e8d00000, 0x00000000e8d00000|100%| E|CS|TAMS 0x00000000e8c00000| PB 0x00000000e8c00000| Complete 
| 141|0x00000000e8d00000, 0x00000000e8e00000, 0x00000000e8e00000|100%| E|CS|TAMS 0x00000000e8d00000| PB 0x00000000e8d00000| Complete 
| 142|0x00000000e8e00000, 0x00000000e8f00000, 0x00000000e8f00000|100%| E|CS|TAMS 0x00000000e8e00000| PB 0x00000000e8e00000| Complete 
| 143|0x00000000e8f00000, 0x00000000e9000000, 0x00000000e9000000|100%| E|CS|TAMS 0x00000000e8f00000| PB 0x00000000e8f00000| Complete 
| 144|0x00000000e9000000, 0x00000000e9100000, 0x00000000e9100000|100%| E|CS|TAMS 0x00000000e9000000| PB 0x00000000e9000000| Complete 
| 145|0x00000000e9100000, 0x00000000e9200000, 0x00000000e9200000|100%| E|CS|TAMS 0x00000000e9100000| PB 0x00000000e9100000| Complete 
| 146|0x00000000e9200000, 0x00000000e9300000, 0x00000000e9300000|100%| E|CS|TAMS 0x00000000e9200000| PB 0x00000000e9200000| Complete 
| 147|0x00000000e9300000, 0x00000000e93ffa20, 0x00000000e9400000| 99%| E|  |TAMS 0x00000000e9300000| PB 0x00000000e9300000| Complete 
| 148|0x00000000e9400000, 0x00000000e9500000, 0x00000000e9500000|100%| E|CS|TAMS 0x00000000e9400000| PB 0x00000000e9400000| Complete 
| 149|0x00000000e9500000, 0x00000000e9600000, 0x00000000e9600000|100%| E|CS|TAMS 0x00000000e9500000| PB 0x00000000e9500000| Complete 
| 150|0x00000000e9600000, 0x00000000e9700000, 0x00000000e9700000|100%| E|CS|TAMS 0x00000000e9600000| PB 0x00000000e9600000| Complete 
| 151|0x00000000e9700000, 0x00000000e9744060, 0x00000000e9800000| 26%| S|CS|TAMS 0x00000000e9700000| PB 0x00000000e9700000| Complete 
| 152|0x00000000e9800000, 0x00000000e9900000, 0x00000000e9900000|100%| S|CS|TAMS 0x00000000e9800000| PB 0x00000000e9800000| Complete 
| 153|0x00000000e9900000, 0x00000000e9a00000, 0x00000000e9a00000|100%| S|CS|TAMS 0x00000000e9900000| PB 0x00000000e9900000| Complete 
| 154|0x00000000e9a00000, 0x00000000e9b00000, 0x00000000e9b00000|100%| S|CS|TAMS 0x00000000e9a00000| PB 0x00000000e9a00000| Complete 
| 155|0x00000000e9b00000, 0x00000000e9c00000, 0x00000000e9c00000|100%| S|CS|TAMS 0x00000000e9b00000| PB 0x00000000e9b00000| Complete 
| 156|0x00000000e9c00000, 0x00000000e9d00000, 0x00000000e9d00000|100%| S|CS|TAMS 0x00000000e9c00000| PB 0x00000000e9c00000| Complete 
| 157|0x00000000e9d00000, 0x00000000e9e00000, 0x00000000e9e00000|100%| S|CS|TAMS 0x00000000e9d00000| PB 0x00000000e9d00000| Complete 
| 158|0x00000000e9e00000, 0x00000000e9f00000, 0x00000000e9f00000|100%| S|CS|TAMS 0x00000000e9e00000| PB 0x00000000e9e00000| Complete 
| 159|0x00000000e9f00000, 0x00000000ea000000, 0x00000000ea000000|100%| S|CS|TAMS 0x00000000e9f00000| PB 0x00000000e9f00000| Complete 
| 160|0x00000000ea000000, 0x00000000ea100000, 0x00000000ea100000|100%| S|CS|TAMS 0x00000000ea000000| PB 0x00000000ea000000| Complete 
| 161|0x00000000ea100000, 0x00000000ea200000, 0x00000000ea200000|100%| E|CS|TAMS 0x00000000ea100000| PB 0x00000000ea100000| Complete 
| 162|0x00000000ea200000, 0x00000000ea300000, 0x00000000ea300000|100%| E|CS|TAMS 0x00000000ea200000| PB 0x00000000ea200000| Complete 
| 163|0x00000000ea300000, 0x00000000ea400000, 0x00000000ea400000|100%| E|CS|TAMS 0x00000000ea300000| PB 0x00000000ea300000| Complete 
| 164|0x00000000ea400000, 0x00000000ea500000, 0x00000000ea500000|100%| E|CS|TAMS 0x00000000ea400000| PB 0x00000000ea400000| Complete 
| 165|0x00000000ea500000, 0x00000000ea600000, 0x00000000ea600000|100%| E|CS|TAMS 0x00000000ea500000| PB 0x00000000ea500000| Complete 
| 166|0x00000000ea600000, 0x00000000ea700000, 0x00000000ea700000|100%| E|CS|TAMS 0x00000000ea600000| PB 0x00000000ea600000| Complete 
| 167|0x00000000ea700000, 0x00000000ea800000, 0x00000000ea800000|100%| E|CS|TAMS 0x00000000ea700000| PB 0x00000000ea700000| Complete 
| 168|0x00000000ea800000, 0x00000000ea900000, 0x00000000ea900000|100%| E|CS|TAMS 0x00000000ea800000| PB 0x00000000ea800000| Complete 
| 169|0x00000000ea900000, 0x00000000eaa00000, 0x00000000eaa00000|100%| E|CS|TAMS 0x00000000ea900000| PB 0x00000000ea900000| Complete 
| 170|0x00000000eaa00000, 0x00000000eab00000, 0x00000000eab00000|100%| E|CS|TAMS 0x00000000eaa00000| PB 0x00000000eaa00000| Complete 
| 171|0x00000000eab00000, 0x00000000eac00000, 0x00000000eac00000|100%| E|CS|TAMS 0x00000000eab00000| PB 0x00000000eab00000| Complete 
| 172|0x00000000eac00000, 0x00000000ead00000, 0x00000000ead00000|100%| E|CS|TAMS 0x00000000eac00000| PB 0x00000000eac00000| Complete 
| 173|0x00000000ead00000, 0x00000000eae00000, 0x00000000eae00000|100%| E|CS|TAMS 0x00000000ead00000| PB 0x00000000ead00000| Complete 
| 174|0x00000000eae00000, 0x00000000eaf00000, 0x00000000eaf00000|100%| E|CS|TAMS 0x00000000eae00000| PB 0x00000000eae00000| Complete 
| 175|0x00000000eaf00000, 0x00000000eb000000, 0x00000000eb000000|100%| E|CS|TAMS 0x00000000eaf00000| PB 0x00000000eaf00000| Complete 
| 176|0x00000000eb000000, 0x00000000eb100000, 0x00000000eb100000|100%| E|CS|TAMS 0x00000000eb000000| PB 0x00000000eb000000| Complete 
| 177|0x00000000eb100000, 0x00000000eb200000, 0x00000000eb200000|100%| E|CS|TAMS 0x00000000eb100000| PB 0x00000000eb100000| Complete 
| 178|0x00000000eb200000, 0x00000000eb300000, 0x00000000eb300000|100%| E|CS|TAMS 0x00000000eb200000| PB 0x00000000eb200000| Complete 
| 179|0x00000000eb300000, 0x00000000eb400000, 0x00000000eb400000|100%| E|CS|TAMS 0x00000000eb300000| PB 0x00000000eb300000| Complete 
| 180|0x00000000eb400000, 0x00000000eb500000, 0x00000000eb500000|100%| E|CS|TAMS 0x00000000eb400000| PB 0x00000000eb400000| Complete 
| 181|0x00000000eb500000, 0x00000000eb600000, 0x00000000eb600000|100%| E|CS|TAMS 0x00000000eb500000| PB 0x00000000eb500000| Complete 
| 182|0x00000000eb600000, 0x00000000eb700000, 0x00000000eb700000|100%| E|CS|TAMS 0x00000000eb600000| PB 0x00000000eb600000| Complete 
| 183|0x00000000eb700000, 0x00000000eb800000, 0x00000000eb800000|100%| E|CS|TAMS 0x00000000eb700000| PB 0x00000000eb700000| Complete 
| 184|0x00000000eb800000, 0x00000000eb900000, 0x00000000eb900000|100%| E|CS|TAMS 0x00000000eb800000| PB 0x00000000eb800000| Complete 
| 185|0x00000000eb900000, 0x00000000eba00000, 0x00000000eba00000|100%| E|CS|TAMS 0x00000000eb900000| PB 0x00000000eb900000| Complete 
| 186|0x00000000eba00000, 0x00000000ebb00000, 0x00000000ebb00000|100%| E|CS|TAMS 0x00000000eba00000| PB 0x00000000eba00000| Complete 
| 187|0x00000000ebb00000, 0x00000000ebc00000, 0x00000000ebc00000|100%| E|CS|TAMS 0x00000000ebb00000| PB 0x00000000ebb00000| Complete 
| 188|0x00000000ebc00000, 0x00000000ebd00000, 0x00000000ebd00000|100%| E|CS|TAMS 0x00000000ebc00000| PB 0x00000000ebc00000| Complete 
| 189|0x00000000ebd00000, 0x00000000ebe00000, 0x00000000ebe00000|100%| E|CS|TAMS 0x00000000ebd00000| PB 0x00000000ebd00000| Complete 
| 190|0x00000000ebe00000, 0x00000000ebf00000, 0x00000000ebf00000|100%| E|CS|TAMS 0x00000000ebe00000| PB 0x00000000ebe00000| Complete 
| 191|0x00000000ebf00000, 0x00000000ec000000, 0x00000000ec000000|100%| E|CS|TAMS 0x00000000ebf00000| PB 0x00000000ebf00000| Complete 
| 192|0x00000000ec000000, 0x00000000ec100000, 0x00000000ec100000|100%| E|CS|TAMS 0x00000000ec000000| PB 0x00000000ec000000| Complete 
| 193|0x00000000ec100000, 0x00000000ec200000, 0x00000000ec200000|100%| E|CS|TAMS 0x00000000ec100000| PB 0x00000000ec100000| Complete 
| 194|0x00000000ec200000, 0x00000000ec300000, 0x00000000ec300000|100%| E|CS|TAMS 0x00000000ec200000| PB 0x00000000ec200000| Complete 
| 195|0x00000000ec300000, 0x00000000ec400000, 0x00000000ec400000|100%| E|CS|TAMS 0x00000000ec300000| PB 0x00000000ec300000| Complete 
| 196|0x00000000ec400000, 0x00000000ec500000, 0x00000000ec500000|100%| E|CS|TAMS 0x00000000ec400000| PB 0x00000000ec400000| Complete 
| 197|0x00000000ec500000, 0x00000000ec600000, 0x00000000ec600000|100%| E|CS|TAMS 0x00000000ec500000| PB 0x00000000ec500000| Complete 
| 198|0x00000000ec600000, 0x00000000ec700000, 0x00000000ec700000|100%| E|CS|TAMS 0x00000000ec600000| PB 0x00000000ec600000| Complete 
| 199|0x00000000ec700000, 0x00000000ec800000, 0x00000000ec800000|100%| E|CS|TAMS 0x00000000ec700000| PB 0x00000000ec700000| Complete 
| 200|0x00000000ec800000, 0x00000000ec900000, 0x00000000ec900000|100%| E|CS|TAMS 0x00000000ec800000| PB 0x00000000ec800000| Complete 
| 201|0x00000000ec900000, 0x00000000eca00000, 0x00000000eca00000|100%| E|CS|TAMS 0x00000000ec900000| PB 0x00000000ec900000| Complete 
| 202|0x00000000eca00000, 0x00000000ecb00000, 0x00000000ecb00000|100%| E|CS|TAMS 0x00000000eca00000| PB 0x00000000eca00000| Complete 
| 203|0x00000000ecb00000, 0x00000000ecc00000, 0x00000000ecc00000|100%| E|CS|TAMS 0x00000000ecb00000| PB 0x00000000ecb00000| Complete 
| 204|0x00000000ecc00000, 0x00000000ecd00000, 0x00000000ecd00000|100%| E|CS|TAMS 0x00000000ecc00000| PB 0x00000000ecc00000| Complete 
| 205|0x00000000ecd00000, 0x00000000ece00000, 0x00000000ece00000|100%| E|CS|TAMS 0x00000000ecd00000| PB 0x00000000ecd00000| Complete 
| 206|0x00000000ece00000, 0x00000000ecf00000, 0x00000000ecf00000|100%| E|CS|TAMS 0x00000000ece00000| PB 0x00000000ece00000| Complete 
| 207|0x00000000ecf00000, 0x00000000ed000000, 0x00000000ed000000|100%| E|CS|TAMS 0x00000000ecf00000| PB 0x00000000ecf00000| Complete 
| 208|0x00000000ed000000, 0x00000000ed100000, 0x00000000ed100000|100%| E|CS|TAMS 0x00000000ed000000| PB 0x00000000ed000000| Complete 
| 209|0x00000000ed100000, 0x00000000ed200000, 0x00000000ed200000|100%| E|CS|TAMS 0x00000000ed100000| PB 0x00000000ed100000| Complete 
| 210|0x00000000ed200000, 0x00000000ed300000, 0x00000000ed300000|100%| E|CS|TAMS 0x00000000ed200000| PB 0x00000000ed200000| Complete 
| 211|0x00000000ed300000, 0x00000000ed400000, 0x00000000ed400000|100%| E|CS|TAMS 0x00000000ed300000| PB 0x00000000ed300000| Complete 
| 212|0x00000000ed400000, 0x00000000ed500000, 0x00000000ed500000|100%| E|CS|TAMS 0x00000000ed400000| PB 0x00000000ed400000| Complete 
| 213|0x00000000ed500000, 0x00000000ed600000, 0x00000000ed600000|100%| E|CS|TAMS 0x00000000ed500000| PB 0x00000000ed500000| Complete 
| 214|0x00000000ed600000, 0x00000000ed700000, 0x00000000ed700000|100%| E|CS|TAMS 0x00000000ed600000| PB 0x00000000ed600000| Complete 
| 215|0x00000000ed700000, 0x00000000ed800000, 0x00000000ed800000|100%| E|CS|TAMS 0x00000000ed700000| PB 0x00000000ed700000| Complete 
| 216|0x00000000ed800000, 0x00000000ed900000, 0x00000000ed900000|100%| E|CS|TAMS 0x00000000ed800000| PB 0x00000000ed800000| Complete 
| 217|0x00000000ed900000, 0x00000000eda00000, 0x00000000eda00000|100%| E|CS|TAMS 0x00000000ed900000| PB 0x00000000ed900000| Complete 
| 218|0x00000000eda00000, 0x00000000edb00000, 0x00000000edb00000|100%| E|CS|TAMS 0x00000000eda00000| PB 0x00000000eda00000| Complete 
| 219|0x00000000edb00000, 0x00000000edc00000, 0x00000000edc00000|100%| E|CS|TAMS 0x00000000edb00000| PB 0x00000000edb00000| Complete 
| 220|0x00000000edc00000, 0x00000000edd00000, 0x00000000edd00000|100%| E|CS|TAMS 0x00000000edc00000| PB 0x00000000edc00000| Complete 
| 221|0x00000000edd00000, 0x00000000ede00000, 0x00000000ede00000|100%| E|CS|TAMS 0x00000000edd00000| PB 0x00000000edd00000| Complete 
| 222|0x00000000ede00000, 0x00000000edf00000, 0x00000000edf00000|100%| E|CS|TAMS 0x00000000ede00000| PB 0x00000000ede00000| Complete 
| 223|0x00000000edf00000, 0x00000000ee000000, 0x00000000ee000000|100%| E|CS|TAMS 0x00000000edf00000| PB 0x00000000edf00000| Complete 
| 224|0x00000000ee000000, 0x00000000ee100000, 0x00000000ee100000|100%| E|CS|TAMS 0x00000000ee000000| PB 0x00000000ee000000| Complete 
| 225|0x00000000ee100000, 0x00000000ee200000, 0x00000000ee200000|100%| E|CS|TAMS 0x00000000ee100000| PB 0x00000000ee100000| Complete 
| 226|0x00000000ee200000, 0x00000000ee300000, 0x00000000ee300000|100%| E|CS|TAMS 0x00000000ee200000| PB 0x00000000ee200000| Complete 
| 227|0x00000000ee300000, 0x00000000ee400000, 0x00000000ee400000|100%| E|CS|TAMS 0x00000000ee300000| PB 0x00000000ee300000| Complete 
| 228|0x00000000ee400000, 0x00000000ee500000, 0x00000000ee500000|100%| E|CS|TAMS 0x00000000ee400000| PB 0x00000000ee400000| Complete 
| 229|0x00000000ee500000, 0x00000000ee600000, 0x00000000ee600000|100%| E|CS|TAMS 0x00000000ee500000| PB 0x00000000ee500000| Complete 
| 230|0x00000000ee600000, 0x00000000ee700000, 0x00000000ee700000|100%| E|CS|TAMS 0x00000000ee600000| PB 0x00000000ee600000| Complete 
| 231|0x00000000ee700000, 0x00000000ee800000, 0x00000000ee800000|100%| E|CS|TAMS 0x00000000ee700000| PB 0x00000000ee700000| Complete 
| 232|0x00000000ee800000, 0x00000000ee900000, 0x00000000ee900000|100%| E|CS|TAMS 0x00000000ee800000| PB 0x00000000ee800000| Complete 
| 233|0x00000000ee900000, 0x00000000eea00000, 0x00000000eea00000|100%| E|CS|TAMS 0x00000000ee900000| PB 0x00000000ee900000| Complete 
| 234|0x00000000eea00000, 0x00000000eeb00000, 0x00000000eeb00000|100%| E|CS|TAMS 0x00000000eea00000| PB 0x00000000eea00000| Complete 
| 235|0x00000000eeb00000, 0x00000000eec00000, 0x00000000eec00000|100%| E|CS|TAMS 0x00000000eeb00000| PB 0x00000000eeb00000| Complete 
| 236|0x00000000eec00000, 0x00000000eed00000, 0x00000000eed00000|100%| E|CS|TAMS 0x00000000eec00000| PB 0x00000000eec00000| Complete 
| 237|0x00000000eed00000, 0x00000000eee00000, 0x00000000eee00000|100%| E|CS|TAMS 0x00000000eed00000| PB 0x00000000eed00000| Complete 
| 238|0x00000000eee00000, 0x00000000eef00000, 0x00000000eef00000|100%| E|CS|TAMS 0x00000000eee00000| PB 0x00000000eee00000| Complete 
| 239|0x00000000eef00000, 0x00000000ef000000, 0x00000000ef000000|100%| E|CS|TAMS 0x00000000eef00000| PB 0x00000000eef00000| Complete 
| 240|0x00000000ef000000, 0x00000000ef100000, 0x00000000ef100000|100%| E|CS|TAMS 0x00000000ef000000| PB 0x00000000ef000000| Complete 
| 241|0x00000000ef100000, 0x00000000ef200000, 0x00000000ef200000|100%| E|CS|TAMS 0x00000000ef100000| PB 0x00000000ef100000| Complete 
| 242|0x00000000ef200000, 0x00000000ef300000, 0x00000000ef300000|100%| E|CS|TAMS 0x00000000ef200000| PB 0x00000000ef200000| Complete 
| 243|0x00000000ef300000, 0x00000000ef400000, 0x00000000ef400000|100%| E|CS|TAMS 0x00000000ef300000| PB 0x00000000ef300000| Complete 
| 244|0x00000000ef400000, 0x00000000ef500000, 0x00000000ef500000|100%| E|CS|TAMS 0x00000000ef400000| PB 0x00000000ef400000| Complete 
| 245|0x00000000ef500000, 0x00000000ef600000, 0x00000000ef600000|100%| E|CS|TAMS 0x00000000ef500000| PB 0x00000000ef500000| Complete 
| 246|0x00000000ef600000, 0x00000000ef700000, 0x00000000ef700000|100%| E|CS|TAMS 0x00000000ef600000| PB 0x00000000ef600000| Complete 
| 247|0x00000000ef700000, 0x00000000ef800000, 0x00000000ef800000|100%| E|CS|TAMS 0x00000000ef700000| PB 0x00000000ef700000| Complete 
| 248|0x00000000ef800000, 0x00000000ef900000, 0x00000000ef900000|100%| E|CS|TAMS 0x00000000ef800000| PB 0x00000000ef800000| Complete 
| 249|0x00000000ef900000, 0x00000000efa00000, 0x00000000efa00000|100%| E|CS|TAMS 0x00000000ef900000| PB 0x00000000ef900000| Complete 
| 250|0x00000000efa00000, 0x00000000efb00000, 0x00000000efb00000|100%| E|CS|TAMS 0x00000000efa00000| PB 0x00000000efa00000| Complete 
| 251|0x00000000efb00000, 0x00000000efc00000, 0x00000000efc00000|100%| E|CS|TAMS 0x00000000efb00000| PB 0x00000000efb00000| Complete 
| 252|0x00000000efc00000, 0x00000000efd00000, 0x00000000efd00000|100%| E|CS|TAMS 0x00000000efc00000| PB 0x00000000efc00000| Complete 
| 253|0x00000000efd00000, 0x00000000efe00000, 0x00000000efe00000|100%| E|CS|TAMS 0x00000000efd00000| PB 0x00000000efd00000| Complete 
| 254|0x00000000efe00000, 0x00000000eff00000, 0x00000000eff00000|100%| E|CS|TAMS 0x00000000efe00000| PB 0x00000000efe00000| Complete 
| 255|0x00000000eff00000, 0x00000000f0000000, 0x00000000f0000000|100%| E|CS|TAMS 0x00000000eff00000| PB 0x00000000eff00000| Complete 

Card table byte_map: [0x0000021053f10000,0x0000021054010000] _byte_map_base: 0x0000021053810000

Marking Bits: (CMBitMap*) 0x000002103c207ed0
 Bits: [0x0000021054010000, 0x0000021054810000)

Polling page: 0x000002103a160000

Metaspace:

Usage:
  Non-class:     38.61 MB used.
      Class:      6.35 MB used.
       Both:     44.96 MB used.

Virtual space:
  Non-class space:       64.00 MB reserved,      39.38 MB ( 62%) committed,  1 nodes.
      Class space:      320.00 MB reserved,       7.06 MB (  2%) committed,  1 nodes.
             Both:      384.00 MB reserved,      46.44 MB ( 12%) committed. 

Chunk freelists:
   Non-Class:  8.37 MB
       Class:  8.90 MB
        Both:  17.27 MB

MaxMetaspaceSize: 384.00 MB
CompressedClassSpaceSize: 320.00 MB
Initial GC threshold: 21.00 MB
Current GC threshold: 58.88 MB
CDS: on
 - commit_granule_bytes: 65536.
 - commit_granule_words: 8192.
 - virtual_space_node_default_size: 8388608.
 - enlarge_chunks_in_place: 1.
 - use_allocation_guard: 0.


Internal statistics:

num_allocs_failed_limit: 6.
num_arena_births: 2490.
num_arena_deaths: 0.
num_vsnodes_births: 2.
num_vsnodes_deaths: 0.
num_space_committed: 743.
num_space_uncommitted: 0.
num_chunks_returned_to_freelist: 6.
num_chunks_taken_from_freelist: 4509.
num_chunk_merges: 6.
num_chunk_splits: 2964.
num_chunks_enlarged: 1848.
num_inconsistent_stats: 0.

CodeHeap 'non-profiled nmethods': size=120000Kb used=2850Kb max_used=2850Kb free=117149Kb
 bounds [0x000002104c390000, 0x000002104c660000, 0x00000210538c0000]
CodeHeap 'profiled nmethods': size=120000Kb used=9172Kb max_used=9172Kb free=110827Kb
 bounds [0x00000210448c0000, 0x00000210451c0000, 0x000002104bdf0000]
CodeHeap 'non-nmethods': size=5760Kb used=2716Kb max_used=2728Kb free=3043Kb
 bounds [0x000002104bdf0000, 0x000002104c0b0000, 0x000002104c390000]
 total_blobs=5545 nmethods=4691 adapters=757
 compilation: enabled
              stopped_count=0, restarted_count=0
 full_count=0

Compilation events (20 events):
Event: 2.842 Thread 0x00000210574b94e0 5180       2       groovyjarjarantlr4.v4.runtime.atn.PredictionContext$IdentityEqualityComparator::equals (11 bytes)
Event: 2.842 Thread 0x00000210574b94e0 nmethod 5180 0x00000210451aaf10 code [0x00000210451ab0a0, 0x00000210451ab1b8]
Event: 2.842 Thread 0x00000210574b94e0 5181       1       groovyjarjarantlr4.v4.runtime.Recognizer::setState (6 bytes)
Event: 2.842 Thread 0x00000210574b94e0 nmethod 5181 0x000002104c656d10 code [0x000002104c656ea0, 0x000002104c656f68]
Event: 2.842 Thread 0x00000210574b94e0 5183       2       groovyjarjarantlr4.v4.runtime.atn.ArrayPredictionContext::equals (47 bytes)
Event: 2.842 Thread 0x00000210574b94e0 nmethod 5183 0x00000210451ab290 code [0x00000210451ab480, 0x00000210451ab860]
Event: 2.842 Thread 0x00000210574b94e0 5184       2       groovyjarjarantlr4.v4.runtime.atn.ArrayPredictionContext::equals (244 bytes)
Event: 2.843 Thread 0x00000210574b94e0 nmethod 5184 0x00000210451ab990 code [0x00000210451abca0, 0x00000210451ac958]
Event: 2.845 Thread 0x00000210574b94e0 5185       2       java.util.stream.ReduceOps$ReduceOp::<init> (10 bytes)
Event: 2.846 Thread 0x00000210574b94e0 nmethod 5185 0x00000210451acf90 code [0x00000210451ad120, 0x00000210451ad270]
Event: 2.852 Thread 0x00000210574b94e0 5186       2       java.lang.invoke.SimpleMethodHandle::make (10 bytes)
Event: 2.852 Thread 0x00000210574b94e0 nmethod 5186 0x00000210451ad310 code [0x00000210451ad4c0, 0x00000210451ad638]
Event: 2.852 Thread 0x00000210574b94e0 5187       2       java.lang.invoke.SimpleMethodHandle::<init> (7 bytes)
Event: 2.852 Thread 0x00000210574b94e0 nmethod 5187 0x00000210451ad710 code [0x00000210451ad8c0, 0x00000210451ad9f8]
Event: 2.858 Thread 0x00000210574b94e0 5188       2       java.nio.HeapByteBuffer::putLong (32 bytes)
Event: 2.859 Thread 0x00000210574b94e0 nmethod 5188 0x00000210451ada90 code [0x00000210451adca0, 0x00000210451ae078]
Event: 2.859 Thread 0x00000210574b94e0 5189       2       sun.security.provider.ByteArrayAccess::i2bLittle4 (10 bytes)
Event: 2.859 Thread 0x00000210574b94e0 nmethod 5189 0x00000210451ae310 code [0x00000210451ae4c0, 0x00000210451ae638]
Event: 2.861 Thread 0x00000210574b94e0 5190       2       sun.security.provider.SHA2::implCompress0 (448 bytes)
Event: 2.861 Thread 0x00000210574b94e0 nmethod 5190 0x00000210451ae790 code [0x00000210451ae980, 0x00000210451af118]

GC Heap History (8 events):
Event: 0.326 GC heap before
{Heap before GC invocations=0 (full 0):
 garbage-first heap   total 262144K, used 26624K [0x00000000e0000000, 0x0000000100000000)
  region size 1024K, 23 young (23552K), 0 survivors (0K)
 Metaspace       used 3141K, committed 3264K, reserved 393216K
  class space    used 397K, committed 448K, reserved 327680K
}
Event: 0.328 GC heap after
{Heap after GC invocations=1 (full 0):
 garbage-first heap   total 262144K, used 10430K [0x00000000e0000000, 0x0000000100000000)
  region size 1024K, 3 young (3072K), 3 survivors (3072K)
 Metaspace       used 3141K, committed 3264K, reserved 393216K
  class space    used 397K, committed 448K, reserved 327680K
}
Event: 0.529 GC heap before
{Heap before GC invocations=1 (full 0):
 garbage-first heap   total 262144K, used 40126K [0x00000000e0000000, 0x0000000100000000)
  region size 1024K, 32 young (32768K), 3 survivors (3072K)
 Metaspace       used 4163K, committed 4352K, reserved 393216K
  class space    used 507K, committed 640K, reserved 327680K
}
Event: 0.531 GC heap after
{Heap after GC invocations=2 (full 0):
 garbage-first heap   total 262144K, used 11295K [0x00000000e0000000, 0x0000000100000000)
  region size 1024K, 1 young (1024K), 1 survivors (1024K)
 Metaspace       used 4163K, committed 4352K, reserved 393216K
  class space    used 507K, committed 640K, reserved 327680K
}
Event: 1.459 GC heap before
{Heap before GC invocations=2 (full 0):
 garbage-first heap   total 262144K, used 119839K [0x00000000e0000000, 0x0000000100000000)
  region size 1024K, 107 young (109568K), 1 survivors (1024K)
 Metaspace       used 20845K, committed 21504K, reserved 393216K
  class space    used 3040K, committed 3392K, reserved 327680K
}
Event: 1.464 GC heap after
{Heap after GC invocations=3 (full 0):
 garbage-first heap   total 262144K, used 23301K [0x00000000e0000000, 0x0000000100000000)
  region size 1024K, 13 young (13312K), 13 survivors (13312K)
 Metaspace       used 20845K, committed 21504K, reserved 393216K
  class space    used 3040K, committed 3392K, reserved 327680K
}
Event: 2.186 GC heap before
{Heap before GC invocations=4 (full 0):
 garbage-first heap   total 262144K, used 129797K [0x00000000e0000000, 0x0000000100000000)
  region size 1024K, 108 young (110592K), 13 survivors (13312K)
 Metaspace       used 34745K, committed 35968K, reserved 393216K
  class space    used 5074K, committed 5696K, reserved 327680K
}
Event: 2.192 GC heap after
{Heap after GC invocations=5 (full 0):
 garbage-first heap   total 262144K, used 43280K [0x00000000e0000000, 0x0000000100000000)
  region size 1024K, 10 young (10240K), 10 survivors (10240K)
 Metaspace       used 34745K, committed 35968K, reserved 393216K
  class space    used 5074K, committed 5696K, reserved 327680K
}

Dll operation events (15 events):
Event: 0.028 Loaded shared library C:\Users\Dimas Prasetyo\.jdks\corretto-21.0.2\bin\java.dll
Event: 0.053 Loaded shared library C:\Users\Dimas Prasetyo\.jdks\corretto-21.0.2\bin\jsvml.dll
Event: 0.076 Loaded shared library C:\Users\Dimas Prasetyo\.jdks\corretto-21.0.2\bin\zip.dll
Event: 0.078 Loaded shared library C:\Users\Dimas Prasetyo\.jdks\corretto-21.0.2\bin\instrument.dll
Event: 0.081 Loaded shared library C:\Users\Dimas Prasetyo\.jdks\corretto-21.0.2\bin\net.dll
Event: 0.082 Loaded shared library C:\Users\Dimas Prasetyo\.jdks\corretto-21.0.2\bin\nio.dll
Event: 0.085 Loaded shared library C:\Users\Dimas Prasetyo\.jdks\corretto-21.0.2\bin\zip.dll
Event: 0.195 Loaded shared library C:\Users\Dimas Prasetyo\.jdks\corretto-21.0.2\bin\jimage.dll
Event: 0.221 Loaded shared library C:\Users\Dimas Prasetyo\.jdks\corretto-21.0.2\bin\verify.dll
Event: 0.293 Loaded shared library C:\Users\Dimas Prasetyo\.gradle\native\c067742578af261105cb4f569cf0c3c89f3d7b1fecec35dd04571415982c5e48\windows-amd64\native-platform.dll
Event: 0.296 Loaded shared library C:\Users\Dimas Prasetyo\.gradle\native\38dada09dfb8b06ba9b0570ebf7e218e3eb74d4ef43ca46872605cf95ebc2f47\windows-amd64\native-platform-file-events.dll
Event: 0.700 Loaded shared library C:\Users\Dimas Prasetyo\.jdks\corretto-21.0.2\bin\management.dll
Event: 0.701 Loaded shared library C:\Users\Dimas Prasetyo\.jdks\corretto-21.0.2\bin\management_ext.dll
Event: 0.803 Loaded shared library C:\Users\Dimas Prasetyo\.jdks\corretto-21.0.2\bin\extnet.dll
Event: 0.858 Loaded shared library C:\Users\Dimas Prasetyo\.jdks\corretto-21.0.2\bin\sunmscapi.dll

Deoptimization events (20 events):
Event: 2.833 Thread 0x0000021072aa2170 Uncommon trap: trap_request=0xffffff45 fr.pc=0x000002104c5f2cf8 relative=0x0000000000000238
Event: 2.833 Thread 0x0000021072aa2170 Uncommon trap: reason=unstable_if action=reinterpret pc=0x000002104c5f2cf8 method=java.util.HashMap.getNode(Ljava/lang/Object;)Ljava/util/HashMap$Node; @ 85 c2
Event: 2.833 Thread 0x0000021072aa2170 DEOPT PACKING pc=0x000002104c5f2cf8 sp=0x0000002b9a5f76e0
Event: 2.833 Thread 0x0000021072aa2170 DEOPT UNPACKING pc=0x000002104be446a2 sp=0x0000002b9a5f75e0 mode 2
Event: 2.833 Thread 0x0000021072aa2170 Uncommon trap: trap_request=0xffffff45 fr.pc=0x000002104c5dcffc relative=0x000000000000023c
Event: 2.833 Thread 0x0000021072aa2170 Uncommon trap: reason=unstable_if action=reinterpret pc=0x000002104c5dcffc method=java.util.HashMap.getNode(Ljava/lang/Object;)Ljava/util/HashMap$Node; @ 85 c2
Event: 2.833 Thread 0x0000021072aa2170 DEOPT PACKING pc=0x000002104c5dcffc sp=0x0000002b9a5f7660
Event: 2.833 Thread 0x0000021072aa2170 DEOPT UNPACKING pc=0x000002104be446a2 sp=0x0000002b9a5f75e0 mode 2
Event: 2.844 Thread 0x0000021072aa2170 Uncommon trap: trap_request=0xffffff45 fr.pc=0x000002104c60b748 relative=0x0000000000001028
Event: 2.844 Thread 0x0000021072aa2170 Uncommon trap: reason=unstable_if action=reinterpret pc=0x000002104c60b748 method=sun.invoke.util.Wrapper.forBasicType(Ljava/lang/Class;)Lsun/invoke/util/Wrapper; @ 59 c2
Event: 2.844 Thread 0x0000021072aa2170 DEOPT PACKING pc=0x000002104c60b748 sp=0x0000002b9a5f5d50
Event: 2.844 Thread 0x0000021072aa2170 DEOPT UNPACKING pc=0x000002104be446a2 sp=0x0000002b9a5f5cc0 mode 2
Event: 2.844 Thread 0x0000021072aa2170 Uncommon trap: trap_request=0xffffff45 fr.pc=0x000002104c5dea04 relative=0x0000000000000144
Event: 2.844 Thread 0x0000021072aa2170 Uncommon trap: reason=unstable_if action=reinterpret pc=0x000002104c5dea04 method=sun.invoke.util.Wrapper.forBasicType(Ljava/lang/Class;)Lsun/invoke/util/Wrapper; @ 59 c2
Event: 2.844 Thread 0x0000021072aa2170 DEOPT PACKING pc=0x000002104c5dea04 sp=0x0000002b9a5f5a70
Event: 2.844 Thread 0x0000021072aa2170 DEOPT UNPACKING pc=0x000002104be446a2 sp=0x0000002b9a5f5a08 mode 2
Event: 2.851 Thread 0x0000021072aa2170 Uncommon trap: trap_request=0xffffffde fr.pc=0x000002104c4aff14 relative=0x00000000000002b4
Event: 2.851 Thread 0x0000021072aa2170 Uncommon trap: reason=class_check action=maybe_recompile pc=0x000002104c4aff14 method=java.util.Collections$SetFromMap.remove(Ljava/lang/Object;)Z @ 5 c2
Event: 2.851 Thread 0x0000021072aa2170 DEOPT PACKING pc=0x000002104c4aff14 sp=0x0000002b9a5f8f90
Event: 2.851 Thread 0x0000021072aa2170 DEOPT UNPACKING pc=0x000002104be446a2 sp=0x0000002b9a5f8f78 mode 2

Classes loaded (20 events):
Event: 2.782 Loading class java/util/concurrent/locks/ReentrantReadWriteLock$FairSync
Event: 2.782 Loading class java/util/concurrent/locks/ReentrantReadWriteLock$FairSync done
Event: 2.816 Loading class java/util/concurrent/atomic/AtomicIntegerArray
Event: 2.816 Loading class java/util/concurrent/atomic/AtomicIntegerArray done
Event: 2.816 Loading class java/lang/invoke/VarHandleInts$Array
Event: 2.817 Loading class java/lang/invoke/VarHandleInts$Array done
Event: 2.844 Loading class java/util/stream/ReduceOps$9
Event: 2.844 Loading class java/util/stream/ReduceOps$9 done
Event: 2.844 Loading class java/util/stream/ReduceOps$CountingSink$OfInt
Event: 2.844 Loading class java/util/stream/ReduceOps$CountingSink
Event: 2.844 Loading class java/util/stream/ReduceOps$CountingSink done
Event: 2.844 Loading class java/util/stream/ReduceOps$CountingSink$OfInt done
Event: 2.848 Loading class java/util/LinkedList$LLSpliterator
Event: 2.848 Loading class java/util/LinkedList$LLSpliterator done
Event: 2.851 Loading class sun/nio/cs/ISO_8859_1$Encoder
Event: 2.851 Loading class sun/nio/cs/ISO_8859_1$Encoder done
Event: 2.851 Loading class sun/nio/cs/Surrogate$Parser
Event: 2.851 Loading class sun/nio/cs/Surrogate$Parser done
Event: 2.851 Loading class sun/nio/cs/Surrogate
Event: 2.851 Loading class sun/nio/cs/Surrogate done

Classes unloaded (0 events):
No events

Classes redefined (0 events):
No events

Internal exceptions (20 events):
Event: 2.660 Thread 0x0000021072aa2170 Exception <a 'java/lang/ClassNotFoundException'{0x00000000eb0609a0}: org/jetbrains/plugins/gradle/tooling/builder/ExternalTestsModelBuilderImplCustomizer> (0x00000000eb0609a0) 
thrown [s\src\hotspot\share\classfile\systemDictionary.cpp, line 312]
Event: 2.668 Thread 0x0000021072aa2170 Exception <a 'java/lang/ClassNotFoundException'{0x00000000eafb4448}: org/jetbrains/plugins/gradle/tooling/builder/ProjectExtensionsDataBuilderImplBeanInfo> (0x00000000eafb4448) 
thrown [s\src\hotspot\share\classfile\systemDictionary.cpp, line 312]
Event: 2.668 Thread 0x0000021072aa2170 Exception <a 'java/lang/ClassNotFoundException'{0x00000000eafbfec0}: org/jetbrains/plugins/gradle/tooling/builder/ProjectExtensionsDataBuilderImplCustomizer> (0x00000000eafbfec0) 
thrown [s\src\hotspot\share\classfile\systemDictionary.cpp, line 312]
Event: 2.671 Thread 0x0000021072aa2170 Exception <a 'java/lang/ClassNotFoundException'{0x00000000eaff4738}: org/jetbrains/plugins/gradle/tooling/builder/IntelliJSettingsBuilderBeanInfo> (0x00000000eaff4738) 
thrown [s\src\hotspot\share\classfile\systemDictionary.cpp, line 312]
Event: 2.671 Thread 0x0000021072aa2170 Exception <a 'java/lang/ClassNotFoundException'{0x00000000eafffd98}: org/jetbrains/plugins/gradle/tooling/builder/IntelliJSettingsBuilderCustomizer> (0x00000000eafffd98) 
thrown [s\src\hotspot\share\classfile\systemDictionary.cpp, line 312]
Event: 2.672 Thread 0x0000021072aa2170 Exception <a 'java/lang/ClassNotFoundException'{0x00000000eae33718}: org/jetbrains/plugins/gradle/tooling/builder/IntelliJProjectSettingsBuilderBeanInfo> (0x00000000eae33718) 
thrown [s\src\hotspot\share\classfile\systemDictionary.cpp, line 312]
Event: 2.672 Thread 0x0000021072aa2170 Exception <a 'java/lang/ClassNotFoundException'{0x00000000eae3ede8}: org/jetbrains/plugins/gradle/tooling/builder/IntelliJProjectSettingsBuilderCustomizer> (0x00000000eae3ede8) 
thrown [s\src\hotspot\share\classfile\systemDictionary.cpp, line 312]
Event: 2.712 Thread 0x0000021072aa2170 Exception <a 'java/lang/NoSuchMethodError'{0x00000000ea87c810}: 'java.lang.Object java.lang.invoke.DirectMethodHandle$Holder.newInvokeSpecial(java.lang.Object, java.lang.Object, int, int)'> (0x00000000ea87c810) 
thrown [s\src\hotspot\share\interpreter\linkResolver.cpp, line 773]
Event: 2.712 Thread 0x0000021072aa2170 Exception <a 'java/lang/NoSuchMethodError'{0x00000000ea881690}: 'java.lang.Object java.lang.invoke.DirectMethodHandle$Holder.invokeSpecial(java.lang.Object, java.lang.Object, java.lang.Object, int, int)'> (0x00000000ea881690) 
thrown [s\src\hotspot\share\interpreter\linkResolver.cpp, line 773]
Event: 2.713 Thread 0x0000021072aa2170 Exception <a 'java/lang/NoSuchMethodError'{0x00000000ea8b6b70}: 'void java.lang.invoke.DirectMethodHandle$Holder.invokeSpecial(java.lang.Object, java.lang.Object, int)'> (0x00000000ea8b6b70) 
thrown [s\src\hotspot\share\interpreter\linkResolver.cpp, line 773]
Event: 2.713 Thread 0x0000021072aa2170 Exception <a 'java/lang/NoSuchMethodError'{0x00000000ea8bad98}: 'void java.lang.invoke.Invokers$Holder.invokeExact_MT(java.lang.Object, int, java.lang.Object)'> (0x00000000ea8bad98) 
thrown [s\src\hotspot\share\interpreter\linkResolver.cpp, line 773]
Event: 2.714 Thread 0x0000021072aa2170 Exception <a 'java/lang/IncompatibleClassChangeError'{0x00000000ea8c4c28}: Found class java.lang.Object, but interface was expected> (0x00000000ea8c4c28) 
thrown [s\src\hotspot\share\interpreter\linkResolver.cpp, line 840]
Event: 2.716 Thread 0x0000021072aa2170 Exception <a 'sun/nio/fs/WindowsException'{0x00000000ea8ed0e0}> (0x00000000ea8ed0e0) 
thrown [s\src\hotspot\share\prims\jni.cpp, line 520]
Event: 2.716 Thread 0x0000021072aa2170 Exception <a 'sun/nio/fs/WindowsException'{0x00000000ea8ee920}> (0x00000000ea8ee920) 
thrown [s\src\hotspot\share\prims\jni.cpp, line 520]
Event: 2.716 Thread 0x0000021072aa2170 Exception <a 'sun/nio/fs/WindowsException'{0x00000000ea8f0108}> (0x00000000ea8f0108) 
thrown [s\src\hotspot\share\prims\jni.cpp, line 520]
Event: 2.716 Thread 0x0000021072aa2170 Exception <a 'sun/nio/fs/WindowsException'{0x00000000ea8f1910}> (0x00000000ea8f1910) 
thrown [s\src\hotspot\share\prims\jni.cpp, line 520]
Event: 2.731 Thread 0x0000021072aa2170 Exception <a 'java/lang/NoSuchMethodError'{0x00000000ea65b8f0}: 'void java.lang.invoke.DirectMethodHandle$Holder.invokeVirtual(java.lang.Object, java.lang.Object)'> (0x00000000ea65b8f0) 
thrown [s\src\hotspot\share\interpreter\linkResolver.cpp, line 773]
Event: 2.733 Thread 0x0000021072aa2170 Exception <a 'java/lang/NoSuchMethodError'{0x00000000ea69e9b8}: 'void java.lang.invoke.DirectMethodHandle$Holder.invokeStatic(java.lang.Object, java.lang.Object, java.lang.Object, java.lang.Object, java.lang.Object, java.lang.Object)'> (0x00000000ea69e9b8) 
thrown [s\src\hotspot\share\interpreter\linkResolver.cpp, line 773]
Event: 2.734 Thread 0x0000021072aa2170 Exception <a 'java/lang/NoSuchMethodError'{0x00000000ea6c98b0}: 'void java.lang.invoke.Invokers$Holder.invokeExact_MT(java.lang.Object, java.lang.Object, java.lang.Object, java.lang.Object)'> (0x00000000ea6c98b0) 
thrown [s\src\hotspot\share\interpreter\linkResolver.cpp, line 773]
Event: 2.861 Thread 0x0000021073b24230 Exception <a 'sun/nio/fs/WindowsException'{0x00000000ec119c68}> (0x00000000ec119c68) 
thrown [s\src\hotspot\share\prims\jni.cpp, line 520]

ZGC Phase Switch (0 events):
No events

VM Operations (20 events):
Event: 2.203 Executing VM operation: HandshakeAllThreads (Deoptimize)
Event: 2.203 Executing VM operation: HandshakeAllThreads (Deoptimize) done
Event: 2.205 Executing VM operation: HandshakeAllThreads (Deoptimize)
Event: 2.205 Executing VM operation: HandshakeAllThreads (Deoptimize) done
Event: 2.235 Executing VM operation: HandshakeAllThreads (Deoptimize)
Event: 2.235 Executing VM operation: HandshakeAllThreads (Deoptimize) done
Event: 2.341 Executing VM operation: ICBufferFull
Event: 2.341 Executing VM operation: ICBufferFull done
Event: 2.423 Executing VM operation: HandshakeAllThreads (Deoptimize)
Event: 2.423 Executing VM operation: HandshakeAllThreads (Deoptimize) done
Event: 2.589 Executing VM operation: HandshakeAllThreads (Deoptimize)
Event: 2.589 Executing VM operation: HandshakeAllThreads (Deoptimize) done
Event: 2.612 Executing VM operation: ICBufferFull
Event: 2.612 Executing VM operation: ICBufferFull done
Event: 2.815 Executing VM operation: HandshakeAllThreads (Deoptimize)
Event: 2.815 Executing VM operation: HandshakeAllThreads (Deoptimize) done
Event: 2.825 Executing VM operation: HandshakeAllThreads (Deoptimize)
Event: 2.825 Executing VM operation: HandshakeAllThreads (Deoptimize) done
Event: 2.826 Executing VM operation: ICBufferFull
Event: 2.826 Executing VM operation: ICBufferFull done

Events (20 events):
Event: 2.197 Thread 0x000002105747b560 flushing nmethod 0x000002104c3ff690
Event: 2.197 Thread 0x000002105747b560 flushing nmethod 0x000002104c3f4090
Event: 2.197 Thread 0x000002105747b560 flushing nmethod 0x000002104c3eec90
Event: 2.197 Thread 0x000002105747b560 flushing nmethod 0x000002104c3b0810
Event: 2.197 Thread 0x000002105747b560 flushing nmethod 0x000002104c3ee690
Event: 2.197 Thread 0x000002105747b560 flushing nmethod 0x000002104c3c5990
Event: 2.197 Thread 0x000002105747b560 flushing nmethod 0x000002104c3cf610
Event: 2.197 Thread 0x000002105747b560 flushing nmethod 0x000002104c3d8910
Event: 2.197 Thread 0x000002105747b560 flushing nmethod 0x000002104c3a0090
Event: 2.197 Thread 0x000002105747b560 flushing nmethod 0x000002104c39f790
Event: 2.197 Thread 0x000002105747b560 flushing nmethod 0x000002104c39d890
Event: 2.197 Thread 0x000002105747b560 flushing nmethod 0x000002104c3c1390
Event: 2.197 Thread 0x000002105747b560 flushing nmethod 0x000002104c3bf110
Event: 2.197 Thread 0x000002105747b560 flushing nmethod 0x000002104c3be110
Event: 2.197 Thread 0x000002105747b560 flushing nmethod 0x000002104c3c3f10
Event: 2.197 Thread 0x000002105747b560 flushing nmethod 0x000002104c3a8010
Event: 2.197 Thread 0x000002105747b560 flushing nmethod 0x000002104c3baa90
Event: 2.197 Thread 0x000002105747b560 flushing nmethod 0x000002104c3ace90
Event: 2.197 Thread 0x000002105747b560 flushing nmethod 0x000002104c398c10
Event: 2.197 Thread 0x000002105747b560 flushing nmethod 0x000002104c3a1c90


Dynamic libraries:
0x00007ff650800000 - 0x00007ff65080e000 	C:\Users\Dimas Prasetyo\.jdks\corretto-21.0.2\bin\java.exe
0x00007ffa8a530000 - 0x00007ffa8a728000 	C:\WINDOWS\SYSTEM32\ntdll.dll
0x00007ffa8a250000 - 0x00007ffa8a30d000 	C:\WINDOWS\System32\KERNEL32.DLL
0x00007ffa87e70000 - 0x00007ffa88166000 	C:\WINDOWS\System32\KERNELBASE.dll
0x00007ffa87ce0000 - 0x00007ffa87de0000 	C:\WINDOWS\System32\ucrtbase.dll
0x00007ffa716a0000 - 0x00007ffa716b8000 	C:\Users\Dimas Prasetyo\.jdks\corretto-21.0.2\bin\jli.dll
0x00007ffa6c470000 - 0x00007ffa6c48b000 	C:\Users\Dimas Prasetyo\.jdks\corretto-21.0.2\bin\VCRUNTIME140.dll
0x00007ffa89350000 - 0x00007ffa894ee000 	C:\WINDOWS\System32\USER32.dll
0x00007ffa88510000 - 0x00007ffa88532000 	C:\WINDOWS\System32\win32u.dll
0x00007ffa74660000 - 0x00007ffa748fa000 	C:\WINDOWS\WinSxS\amd64_microsoft.windows.common-controls_6595b64144ccf1df_6.0.19041.3636_none_60b6a03d71f818d5\COMCTL32.dll
0x00007ffa887a0000 - 0x00007ffa887cb000 	C:\WINDOWS\System32\GDI32.dll
0x00007ffa8a310000 - 0x00007ffa8a3ae000 	C:\WINDOWS\System32\msvcrt.dll
0x00007ffa881e0000 - 0x00007ffa882f7000 	C:\WINDOWS\System32\gdi32full.dll
0x00007ffa87c40000 - 0x00007ffa87cdd000 	C:\WINDOWS\System32\msvcp_win.dll
0x00007ffa892b0000 - 0x00007ffa892e2000 	C:\WINDOWS\System32\IMM32.DLL
0x00007ffa800d0000 - 0x00007ffa800dc000 	C:\Users\Dimas Prasetyo\.jdks\corretto-21.0.2\bin\vcruntime140_1.dll
0x00007ffa5c9d0000 - 0x00007ffa5ca5d000 	C:\Users\Dimas Prasetyo\.jdks\corretto-21.0.2\bin\msvcp140.dll
0x00007ffa187d0000 - 0x00007ffa19560000 	C:\Users\Dimas Prasetyo\.jdks\corretto-21.0.2\bin\server\jvm.dll
0x00007ffa894f0000 - 0x00007ffa895a3000 	C:\WINDOWS\System32\ADVAPI32.dll
0x00007ffa89210000 - 0x00007ffa892af000 	C:\WINDOWS\System32\sechost.dll
0x00007ffa89ac0000 - 0x00007ffa89be6000 	C:\WINDOWS\System32\RPCRT4.dll
0x00007ffa88540000 - 0x00007ffa88567000 	C:\WINDOWS\System32\bcrypt.dll
0x00007ffa890e0000 - 0x00007ffa8914b000 	C:\WINDOWS\System32\WS2_32.dll
0x00007ffa87190000 - 0x00007ffa871db000 	C:\WINDOWS\SYSTEM32\POWRPROF.dll
0x00007ffa76160000 - 0x00007ffa76187000 	C:\WINDOWS\SYSTEM32\WINMM.dll
0x00007ffa7ebd0000 - 0x00007ffa7ebda000 	C:\WINDOWS\SYSTEM32\VERSION.dll
0x00007ffa87000000 - 0x00007ffa87012000 	C:\WINDOWS\SYSTEM32\UMPDC.dll
0x00007ffa86450000 - 0x00007ffa86462000 	C:\WINDOWS\SYSTEM32\kernel.appcore.dll
0x00007ffa726c0000 - 0x00007ffa726ca000 	C:\Users\Dimas Prasetyo\.jdks\corretto-21.0.2\bin\jimage.dll
0x00007ffa85920000 - 0x00007ffa85b04000 	C:\WINDOWS\SYSTEM32\DBGHELP.DLL
0x00007ffa81290000 - 0x00007ffa812c4000 	C:\WINDOWS\SYSTEM32\dbgcore.DLL
0x00007ffa87de0000 - 0x00007ffa87e62000 	C:\WINDOWS\System32\bcryptPrimitives.dll
0x00007ffa71690000 - 0x00007ffa7169e000 	C:\Users\Dimas Prasetyo\.jdks\corretto-21.0.2\bin\instrument.dll
0x00007ffa6b140000 - 0x00007ffa6b15f000 	C:\Users\Dimas Prasetyo\.jdks\corretto-21.0.2\bin\java.dll
0x00007ffa888c0000 - 0x00007ffa89005000 	C:\WINDOWS\System32\SHELL32.dll
0x00007ffa85ca0000 - 0x00007ffa8643c000 	C:\WINDOWS\SYSTEM32\windows.storage.dll
0x00007ffa895b0000 - 0x00007ffa89904000 	C:\WINDOWS\System32\combase.dll
0x00007ffa87620000 - 0x00007ffa8764e000 	C:\WINDOWS\SYSTEM32\Wldp.dll
0x00007ffa8a180000 - 0x00007ffa8a24d000 	C:\WINDOWS\System32\OLEAUT32.dll
0x00007ffa89010000 - 0x00007ffa890bd000 	C:\WINDOWS\System32\SHCORE.dll
0x00007ffa892f0000 - 0x00007ffa89345000 	C:\WINDOWS\System32\shlwapi.dll
0x00007ffa87b20000 - 0x00007ffa87b45000 	C:\WINDOWS\SYSTEM32\profapi.dll
0x00007ffa54200000 - 0x00007ffa542d7000 	C:\Users\Dimas Prasetyo\.jdks\corretto-21.0.2\bin\jsvml.dll
0x00007ffa6a8f0000 - 0x00007ffa6a908000 	C:\Users\Dimas Prasetyo\.jdks\corretto-21.0.2\bin\zip.dll
0x00007ffa70c50000 - 0x00007ffa70c60000 	C:\Users\Dimas Prasetyo\.jdks\corretto-21.0.2\bin\net.dll
0x00007ffa815d0000 - 0x00007ffa816da000 	C:\WINDOWS\SYSTEM32\WINHTTP.dll
0x00007ffa87380000 - 0x00007ffa873ea000 	C:\WINDOWS\system32\mswsock.dll
0x00007ffa6a3a0000 - 0x00007ffa6a3b6000 	C:\Users\Dimas Prasetyo\.jdks\corretto-21.0.2\bin\nio.dll
0x00007ffa6ca20000 - 0x00007ffa6ca30000 	C:\Users\Dimas Prasetyo\.jdks\corretto-21.0.2\bin\verify.dll
0x00007ffa674a0000 - 0x00007ffa674c7000 	C:\Users\Dimas Prasetyo\.gradle\native\c067742578af261105cb4f569cf0c3c89f3d7b1fecec35dd04571415982c5e48\windows-amd64\native-platform.dll
0x00007ffa1ec10000 - 0x00007ffa1ed54000 	C:\Users\Dimas Prasetyo\.gradle\native\38dada09dfb8b06ba9b0570ebf7e218e3eb74d4ef43ca46872605cf95ebc2f47\windows-amd64\native-platform-file-events.dll
0x00007ffa6a8e0000 - 0x00007ffa6a8e9000 	C:\Users\Dimas Prasetyo\.jdks\corretto-21.0.2\bin\management.dll
0x00007ffa6a390000 - 0x00007ffa6a39b000 	C:\Users\Dimas Prasetyo\.jdks\corretto-21.0.2\bin\management_ext.dll
0x00007ffa8a4e0000 - 0x00007ffa8a4e8000 	C:\WINDOWS\System32\PSAPI.DLL
0x00007ffa87570000 - 0x00007ffa87588000 	C:\WINDOWS\SYSTEM32\CRYPTSP.dll
0x00007ffa86be0000 - 0x00007ffa86c14000 	C:\WINDOWS\system32\rsaenh.dll
0x00007ffa87ae0000 - 0x00007ffa87b0e000 	C:\WINDOWS\SYSTEM32\USERENV.dll
0x00007ffa87590000 - 0x00007ffa8759c000 	C:\WINDOWS\SYSTEM32\CRYPTBASE.dll
0x00007ffa87020000 - 0x00007ffa8705b000 	C:\WINDOWS\SYSTEM32\IPHLPAPI.DLL
0x00007ffa88650000 - 0x00007ffa88658000 	C:\WINDOWS\System32\NSI.dll
0x00007ffa6a310000 - 0x00007ffa6a319000 	C:\Users\Dimas Prasetyo\.jdks\corretto-21.0.2\bin\extnet.dll
0x00007ffa69b90000 - 0x00007ffa69b9e000 	C:\Users\Dimas Prasetyo\.jdks\corretto-21.0.2\bin\sunmscapi.dll
0x00007ffa88300000 - 0x00007ffa8845d000 	C:\WINDOWS\System32\CRYPT32.dll
0x00007ffa87690000 - 0x00007ffa876b8000 	C:\WINDOWS\SYSTEM32\ncrypt.dll
0x00007ffa87650000 - 0x00007ffa8768b000 	C:\WINDOWS\SYSTEM32\NTASN1.dll
0x00007ffa80ab0000 - 0x00007ffa80ab7000 	C:\WINDOWS\system32\wshunix.dll

dbghelp: loaded successfully - version: 4.0.5 - missing functions: none
symbol engine: initialized successfully - sym options: 0x614 - pdb path: .;C:\Users\Dimas Prasetyo\.jdks\corretto-21.0.2\bin;C:\WINDOWS\SYSTEM32;C:\WINDOWS\WinSxS\amd64_microsoft.windows.common-controls_6595b64144ccf1df_6.0.19041.3636_none_60b6a03d71f818d5;C:\Users\Dimas Prasetyo\.jdks\corretto-21.0.2\bin\server;C:\Users\Dimas Prasetyo\.gradle\native\c067742578af261105cb4f569cf0c3c89f3d7b1fecec35dd04571415982c5e48\windows-amd64;C:\Users\Dimas Prasetyo\.gradle\native\38dada09dfb8b06ba9b0570ebf7e218e3eb74d4ef43ca46872605cf95ebc2f47\windows-amd64

VM Arguments:
jvm_args: --add-opens=java.base/java.util=ALL-UNNAMED --add-opens=java.base/java.lang=ALL-UNNAMED --add-opens=java.base/java.lang.invoke=ALL-UNNAMED --add-opens=java.prefs/java.util.prefs=ALL-UNNAMED --add-opens=java.base/java.nio.charset=ALL-UNNAMED --add-opens=java.base/java.net=ALL-UNNAMED --add-opens=java.base/java.util.concurrent.atomic=ALL-UNNAMED -XX:MaxMetaspaceSize=384m -XX:+HeapDumpOnOutOfMemoryError -Xms256m -Xmx512m -Dfile.encoding=windows-1252 -Duser.country=ID -Duser.language=en -Duser.variant -javaagent:C:\Users\Dimas Prasetyo\.gradle\wrapper\dists\gradle-8.5-bin\5t9huq95ubn472n8rpzujfbqh\gradle-8.5\lib\agents\gradle-instrumentation-agent-8.5.jar 
java_command: org.gradle.launcher.daemon.bootstrap.GradleDaemon 8.5
java_class_path (initial): C:\Users\Dimas Prasetyo\.gradle\wrapper\dists\gradle-8.5-bin\5t9huq95ubn472n8rpzujfbqh\gradle-8.5\lib\gradle-launcher-8.5.jar
Launcher Type: SUN_STANDARD

[Global flags]
     intx CICompilerCount                          = 4                                         {product} {ergonomic}
   size_t CompressedClassSpaceSize                 = 335544320                                 {product} {ergonomic}
     uint ConcGCThreads                            = 3                                         {product} {ergonomic}
     uint G1ConcRefinementThreads                  = 10                                        {product} {ergonomic}
   size_t G1HeapRegionSize                         = 1048576                                   {product} {ergonomic}
    uintx GCDrainStackTargetSize                   = 64                                        {product} {ergonomic}
     bool HeapDumpOnOutOfMemoryError               = true                                   {manageable} {command line}
   size_t InitialHeapSize                          = 268435456                                 {product} {command line}
   size_t MarkStackSize                            = 4194304                                   {product} {ergonomic}
   size_t MaxHeapSize                              = 536870912                                 {product} {command line}
   size_t MaxMetaspaceSize                         = 402653184                                 {product} {command line}
   size_t MaxNewSize                               = 321912832                                 {product} {ergonomic}
   size_t MinHeapDeltaBytes                        = 1048576                                   {product} {ergonomic}
   size_t MinHeapSize                              = 268435456                                 {product} {command line}
    uintx NonNMethodCodeHeapSize                   = 5839372                                {pd product} {ergonomic}
    uintx NonProfiledCodeHeapSize                  = 122909434                              {pd product} {ergonomic}
    uintx ProfiledCodeHeapSize                     = 122909434                              {pd product} {ergonomic}
    uintx ReservedCodeCacheSize                    = 251658240                              {pd product} {ergonomic}
     bool SegmentedCodeCache                       = true                                      {product} {ergonomic}
   size_t SoftMaxHeapSize                          = 536870912                              {manageable} {ergonomic}
     bool UseCompressedOops                        = true                           {product lp64_product} {ergonomic}
     bool UseG1GC                                  = true                                      {product} {ergonomic}
     bool UseLargePagesIndividualAllocation        = false                                  {pd product} {ergonomic}

Logging:
Log output configuration:
 #0: stdout all=warning uptime,level,tags foldmultilines=false
 #1: stderr all=off uptime,level,tags foldmultilines=false

Environment Variables:
PATH=C:\Program Files (x86)\NVIDIA Corporation\PhysX\Common;C:\WINDOWS\system32;C:\WINDOWS;C:\WINDOWS\System32\Wbem;C:\WINDOWS\System32\WindowsPowerShell\v1.0\;C:\WINDOWS\System32\OpenSSH\;C:\Program Files\Microsoft SQL Server\130\Tools\Binn\;C:\Program Files\Go\bin;C:\Program Files\nodejs\;C:\Program Files (x86)\Microsoft SQL Server\150\DTS\Binn\;C:\Program Files\Microsoft SQL Server\Client SDK\ODBC\130\Tools\Binn\;C:\Program Files (x86)\Microsoft SQL Server\140\Tools\Binn\;C:\Program Files\Microsoft SQL Server\140\Tools\Binn\;C:\Program Files\Microsoft SQL Server\140\DTS\Binn\;C:\Program Files\Git\cmd;C:\Users\Dimas Prasetyo\AppData\Local\Microsoft\WindowsApps;;C:\Users\Dimas Prasetyo\AppData\Local\Programs\Microsoft VS Code\bin;C:\Users\Dimas Prasetyo\go\bin;C:\Users\Dimas Prasetyo\AppData\Roaming\npm
USERNAME=Dimas Prasetyo
OS=Windows_NT
PROCESSOR_IDENTIFIER=Intel64 Family 6 Model 151 Stepping 2, GenuineIntel
TMP=C:\Users\DIMASP~1\AppData\Local\Temp
TEMP=C:\Users\DIMASP~1\AppData\Local\Temp




Periodic native trim disabled

---------------  S Y S T E M  ---------------

OS:
 Windows 10 , 64 bit Build 19041 (10.0.19041.3636)
OS uptime: 1 days 13:04 hours

CPU: total 12 (initial active 12) (6 cores per cpu, 2 threads per core) family 6 model 151 stepping 2 microcode 0x2c, cx8, cmov, fxsr, ht, mmx, 3dnowpref, sse, sse2, sse3, ssse3, sse4.1, sse4.2, popcnt, lzcnt, tsc, tscinvbit, avx, avx2, aes, erms, clmul, bmi1, bmi2, adx, sha, fma, vzeroupper, clflush, clflushopt, clwb, serialize, rdtscp, rdpid, fsrm, f16c, pku, cet_ibt, cet_ss
Processor Information for all 12 processors :
  Max Mhz: 2500, Current Mhz: 2500, Mhz Limit: 2500

Memory: 4k page, system-wide physical 16216M (4642M free)
TotalPageFile size 18264M (AvailPageFile size 5M)
current process WorkingSet (physical memory assigned to process): 357M, peak: 357M
current process commit charge ("private bytes"): 502M, peak: 503M

vm_info: OpenJDK 64-Bit Server VM (21.0.2+13-LTS) for windows-amd64 JRE (21.0.2+13-LTS), built on 2024-01-10T23:18:03Z by "Administrator" with MS VC++ 16.10 / 16.11 (VS2019)

END.
